[3.216s] Invoking command in '/home/ahmedtabl/NOVA/src/controller': PYTHONPATH=/home/ahmedtabl/NOVA/build/controller/prefix_override:/usr/lib/python3/dist-packages/colcon_core/task/python/colcon_distutils_commands:/home/ahmedtabl/NOVA/install/controller/lib/python3.10/site-packages:${PYTHONPATH} /usr/bin/python3 -W ignore:setup.py install is deprecated -W ignore:easy_install command is deprecated setup.py egg_info --egg-base ../../build/controller build --build-base /home/ahmedtabl/NOVA/build/controller/build install --record /home/ahmedtabl/NOVA/build/controller/install.log --single-version-externally-managed install_data
[3.957s] running egg_info
[3.957s] writing ../../build/controller/controller.egg-info/PKG-INFO
[3.960s] writing dependency_links to ../../build/controller/controller.egg-info/dependency_links.txt
[3.962s] writing entry points to ../../build/controller/controller.egg-info/entry_points.txt
[3.962s] writing requirements to ../../build/controller/controller.egg-info/requires.txt
[3.962s] writing top-level names to ../../build/controller/controller.egg-info/top_level.txt
[3.967s] reading manifest file '../../build/controller/controller.egg-info/SOURCES.txt'
[3.973s] writing manifest file '../../build/controller/controller.egg-info/SOURCES.txt'
[3.973s] running build
[3.973s] running build_py
[3.975s] running install
[3.975s] running install_lib
[3.982s] running install_data
[3.982s] running install_egg_info
[3.988s] removing '/home/ahmedtabl/NOVA/install/controller/lib/python3.10/site-packages/controller-0.0.0-py3.10.egg-info' (and everything under it)
[3.989s] Copying ../../build/controller/controller.egg-info to /home/ahmedtabl/NOVA/install/controller/lib/python3.10/site-packages/controller-0.0.0-py3.10.egg-info
[3.992s] running install_scripts
[4.051s] Installing joystick script to /home/ahmedtabl/NOVA/install/controller/lib/controller
[4.053s] Installing joystick_to_motor script to /home/ahmedtabl/NOVA/install/controller/lib/controller
[4.053s] Installing motor script to /home/ahmedtabl/NOVA/install/controller/lib/controller
[4.054s] Installing motor_driver script to /home/ahmedtabl/NOVA/install/controller/lib/controller
[4.056s] writing list of installed files to '/home/ahmedtabl/NOVA/build/controller/install.log'
[4.145s] Invoked command in '/home/ahmedtabl/NOVA/src/controller' returned '0': PYTHONPATH=/home/ahmedtabl/NOVA/build/controller/prefix_override:/usr/lib/python3/dist-packages/colcon_core/task/python/colcon_distutils_commands:/home/ahmedtabl/NOVA/install/controller/lib/python3.10/site-packages:${PYTHONPATH} /usr/bin/python3 -W ignore:setup.py install is deprecated -W ignore:easy_install command is deprecated setup.py egg_info --egg-base ../../build/controller build --build-base /home/ahmedtabl/NOVA/build/controller/build install --record /home/ahmedtabl/NOVA/build/controller/install.log --single-version-externally-managed install_data
