[3.066s] Invoking command in '/home/ahmedtabl/NOVA/src/controller': PYTHONPATH=/home/ahmedtabl/NOVA/build/controller/prefix_override:/usr/lib/python3/dist-packages/colcon_core/task/python/colcon_distutils_commands:/home/ahmedtabl/NOVA/install/controller/lib/python3.10/site-packages:${PYTHONPATH} /usr/bin/python3 -W ignore:setup.py install is deprecated -W ignore:easy_install command is deprecated setup.py egg_info --egg-base ../../build/controller build --build-base /home/ahmedtabl/NOVA/build/controller/build install --record /home/ahmedtabl/NOVA/build/controller/install.log --single-version-externally-managed install_data
[3.839s] running egg_info
[3.842s] writing ../../build/controller/controller.egg-info/PKG-INFO
[3.842s] writing dependency_links to ../../build/controller/controller.egg-info/dependency_links.txt
[3.843s] writing entry points to ../../build/controller/controller.egg-info/entry_points.txt
[3.845s] writing requirements to ../../build/controller/controller.egg-info/requires.txt
[3.846s] writing top-level names to ../../build/controller/controller.egg-info/top_level.txt
[3.855s] reading manifest file '../../build/controller/controller.egg-info/SOURCES.txt'
[3.860s] writing manifest file '../../build/controller/controller.egg-info/SOURCES.txt'
[3.861s] running build
[3.861s] running build_py
[3.863s] running install
[3.868s] running install_lib
[3.874s] running install_data
[3.874s] running install_egg_info
[3.880s] removing '/home/ahmedtabl/NOVA/install/controller/lib/python3.10/site-packages/controller-0.0.0-py3.10.egg-info' (and everything under it)
[3.883s] Copying ../../build/controller/controller.egg-info to /home/ahmedtabl/NOVA/install/controller/lib/python3.10/site-packages/controller-0.0.0-py3.10.egg-info
[3.888s] running install_scripts
[3.967s] Installing joystick script to /home/ahmedtabl/NOVA/install/controller/lib/controller
[3.969s] Installing joystick_to_motor script to /home/ahmedtabl/NOVA/install/controller/lib/controller
[3.970s] Installing motor script to /home/ahmedtabl/NOVA/install/controller/lib/controller
[3.972s] Installing motor_driver script to /home/ahmedtabl/NOVA/install/controller/lib/controller
[3.974s] writing list of installed files to '/home/ahmedtabl/NOVA/build/controller/install.log'
[4.080s] Invoked command in '/home/ahmedtabl/NOVA/src/controller' returned '0': PYTHONPATH=/home/ahmedtabl/NOVA/build/controller/prefix_override:/usr/lib/python3/dist-packages/colcon_core/task/python/colcon_distutils_commands:/home/ahmedtabl/NOVA/install/controller/lib/python3.10/site-packages:${PYTHONPATH} /usr/bin/python3 -W ignore:setup.py install is deprecated -W ignore:easy_install command is deprecated setup.py egg_info --egg-base ../../build/controller build --build-base /home/ahmedtabl/NOVA/build/controller/build install --record /home/ahmedtabl/NOVA/build/controller/install.log --single-version-externally-managed install_data
