[0.096s] Invoking command in '/home/ahmedtabl/NOVA/build/nova_description': CMAKE_PREFIX_PATH=/opt/ros/humble /usr/bin/cmake --build /home/ahmedtabl/NOVA/build/nova_description -- -j4 -l4
[1.093s] -- Found ament_cmake: 1.3.11 (/opt/ros/humble/share/ament_cmake/cmake)
[1.093s] -- Found ament_lint_auto: 0.12.12 (/opt/ros/humble/share/ament_lint_auto/cmake)
[1.093s] -- Added test 'lint_cmake' to check CMake code style
[1.094s] -- Added test 'xmllint' to check XML markup files
[1.094s] -- Configuring done
[1.094s] -- Generating done
[1.095s] -- Build files have been written to: /home/ahmedtabl/NOVA/build/nova_description
[1.149s] Invoked command in '/home/ahmedtabl/NOVA/build/nova_description' returned '0': CMAKE_PREFIX_PATH=/opt/ros/humble /usr/bin/cmake --build /home/ahmedtabl/NOVA/build/nova_description -- -j4 -l4
[1.186s] Invoking command in '/home/ahmedtabl/NOVA/build/nova_description': CMAKE_PREFIX_PATH=/opt/ros/humble /usr/bin/cmake --install /home/ahmedtabl/NOVA/build/nova_description
[1.215s] -- Install configuration: ""
[1.215s] -- Installing: /home/ahmedtabl/NOVA/install/nova_description/share/nova_description/urdf
[1.215s] -- Installing: /home/ahmedtabl/NOVA/install/nova_description/share/nova_description/urdf/nova_camera.urdf
[1.221s] -- Installing: /home/ahmedtabl/NOVA/install/nova_description/share/nova_description/urdf/nova_gps.urdf
[1.224s] -- Installing: /home/ahmedtabl/NOVA/install/nova_description/share/ament_index/resource_index/package_run_dependencies/nova_description
[1.224s] -- Installing: /home/ahmedtabl/NOVA/install/nova_description/share/ament_index/resource_index/parent_prefix_path/nova_description
[1.225s] -- Installing: /home/ahmedtabl/NOVA/install/nova_description/share/nova_description/environment/ament_prefix_path.sh
[1.228s] -- Installing: /home/ahmedtabl/NOVA/install/nova_description/share/nova_description/environment/ament_prefix_path.dsv
[1.229s] -- Installing: /home/ahmedtabl/NOVA/install/nova_description/share/nova_description/environment/path.sh
[1.230s] -- Installing: /home/ahmedtabl/NOVA/install/nova_description/share/nova_description/environment/path.dsv
[1.230s] -- Installing: /home/ahmedtabl/NOVA/install/nova_description/share/nova_description/local_setup.bash
[1.231s] -- Installing: /home/ahmedtabl/NOVA/install/nova_description/share/nova_description/local_setup.sh
[1.231s] -- Installing: /home/ahmedtabl/NOVA/install/nova_description/share/nova_description/local_setup.zsh
[1.234s] -- Installing: /home/ahmedtabl/NOVA/install/nova_description/share/nova_description/local_setup.dsv
[1.234s] -- Installing: /home/ahmedtabl/NOVA/install/nova_description/share/nova_description/package.dsv
[1.234s] -- Installing: /home/ahmedtabl/NOVA/install/nova_description/share/ament_index/resource_index/packages/nova_description
[1.234s] -- Installing: /home/ahmedtabl/NOVA/install/nova_description/share/nova_description/cmake/nova_descriptionConfig.cmake
[1.234s] -- Installing: /home/ahmedtabl/NOVA/install/nova_description/share/nova_description/cmake/nova_descriptionConfig-version.cmake
[1.234s] -- Installing: /home/ahmedtabl/NOVA/install/nova_description/share/nova_description/package.xml
[1.241s] Invoked command in '/home/ahmedtabl/NOVA/build/nova_description' returned '0': CMAKE_PREFIX_PATH=/opt/ros/humble /usr/bin/cmake --install /home/ahmedtabl/NOVA/build/nova_description
