[0.109s] Invoking command in '/home/ahmedtabl/NOVA/build/serial_motor_demo_msgs': CMAKE_PREFIX_PATH=${CMAKE_PREFIX_PATH}:/home/ahmedtabl/NOVA/install/serial_motor_demo:/home/ahmedtabl/NOVA/install/controller:/opt/ros/humble /usr/bin/cmake --build /home/ahmedtabl/NOVA/build/serial_motor_demo_msgs -- -j4 -l4
[1.215s] [ 10%] Built target serial_motor_demo_msgs__rosidl_generator_c
[1.222s] [ 12%] Built target serial_motor_demo_msgs__cpp
[1.224s] [ 12%] Built target ament_cmake_python_copy_serial_motor_demo_msgs
[1.225s] [ 23%] Built target serial_motor_demo_msgs__rosidl_typesupport_c
[1.226s] [ 34%] Built target serial_motor_demo_msgs__rosidl_typesupport_introspection_c
[1.227s] [ 44%] Built target serial_motor_demo_msgs__rosidl_typesupport_fastrtps_c
[1.227s] [ 55%] Built target serial_motor_demo_msgs__rosidl_typesupport_introspection_cpp
[1.227s] [ 65%] Built target serial_motor_demo_msgs__rosidl_typesupport_fastrtps_cpp
[1.230s] [ 76%] Built target serial_motor_demo_msgs__rosidl_typesupport_cpp
[1.230s] [ 76%] Built target serial_motor_demo_msgs
[1.232s] [ 78%] Built target serial_motor_demo_msgs__py
[1.233s] [ 87%] Built target serial_motor_demo_msgs__rosidl_generator_py
[1.233s] [ 91%] Built target serial_motor_demo_msgs__rosidl_typesupport_fastrtps_c__pyext
[1.234s] [ 95%] Built target serial_motor_demo_msgs__rosidl_typesupport_c__pyext
[1.235s] [100%] Built target serial_motor_demo_msgs__rosidl_typesupport_introspection_c__pyext
[1.521s] running egg_info
[1.521s] writing serial_motor_demo_msgs.egg-info/PKG-INFO
[1.523s] writing dependency_links to serial_motor_demo_msgs.egg-info/dependency_links.txt
[1.523s] writing top-level names to serial_motor_demo_msgs.egg-info/top_level.txt
[1.541s] reading manifest file 'serial_motor_demo_msgs.egg-info/SOURCES.txt'
[1.542s] writing manifest file 'serial_motor_demo_msgs.egg-info/SOURCES.txt'
[1.670s] [100%] Built target ament_cmake_python_build_serial_motor_demo_msgs_egg
[1.744s] Invoked command in '/home/ahmedtabl/NOVA/build/serial_motor_demo_msgs' returned '0': CMAKE_PREFIX_PATH=${CMAKE_PREFIX_PATH}:/home/ahmedtabl/NOVA/install/serial_motor_demo:/home/ahmedtabl/NOVA/install/controller:/opt/ros/humble /usr/bin/cmake --build /home/ahmedtabl/NOVA/build/serial_motor_demo_msgs -- -j4 -l4
[1.746s] Invoking command in '/home/ahmedtabl/NOVA/build/serial_motor_demo_msgs': CMAKE_PREFIX_PATH=${CMAKE_PREFIX_PATH}:/home/ahmedtabl/NOVA/install/serial_motor_demo:/home/ahmedtabl/NOVA/install/controller:/opt/ros/humble /usr/bin/cmake --install /home/ahmedtabl/NOVA/build/serial_motor_demo_msgs
[1.780s] -- Install configuration: ""
[1.781s] -- Up-to-date: /home/ahmedtabl/NOVA/install/serial_motor_demo_msgs/share/ament_index/resource_index/rosidl_interfaces/serial_motor_demo_msgs
[1.782s] -- Up-to-date: /home/ahmedtabl/NOVA/install/serial_motor_demo_msgs/include/serial_motor_demo_msgs/serial_motor_demo_msgs
[1.782s] -- Up-to-date: /home/ahmedtabl/NOVA/install/serial_motor_demo_msgs/include/serial_motor_demo_msgs/serial_motor_demo_msgs/msg
[1.783s] -- Up-to-date: /home/ahmedtabl/NOVA/install/serial_motor_demo_msgs/include/serial_motor_demo_msgs/serial_motor_demo_msgs/msg/motor_vels.h
[1.783s] -- Up-to-date: /home/ahmedtabl/NOVA/install/serial_motor_demo_msgs/include/serial_motor_demo_msgs/serial_motor_demo_msgs/msg/motor_command.h
[1.783s] -- Up-to-date: /home/ahmedtabl/NOVA/install/serial_motor_demo_msgs/include/serial_motor_demo_msgs/serial_motor_demo_msgs/msg/detail
[1.784s] -- Up-to-date: /home/ahmedtabl/NOVA/install/serial_motor_demo_msgs/include/serial_motor_demo_msgs/serial_motor_demo_msgs/msg/detail/motor_command__functions.h
[1.784s] -- Up-to-date: /home/ahmedtabl/NOVA/install/serial_motor_demo_msgs/include/serial_motor_demo_msgs/serial_motor_demo_msgs/msg/detail/encoder_vals__functions.h
[1.784s] -- Up-to-date: /home/ahmedtabl/NOVA/install/serial_motor_demo_msgs/include/serial_motor_demo_msgs/serial_motor_demo_msgs/msg/detail/motor_command__functions.c
[1.785s] -- Up-to-date: /home/ahmedtabl/NOVA/install/serial_motor_demo_msgs/include/serial_motor_demo_msgs/serial_motor_demo_msgs/msg/detail/motor_vels__type_support.h
[1.785s] -- Up-to-date: /home/ahmedtabl/NOVA/install/serial_motor_demo_msgs/include/serial_motor_demo_msgs/serial_motor_demo_msgs/msg/detail/encoder_vals__struct.h
[1.786s] -- Up-to-date: /home/ahmedtabl/NOVA/install/serial_motor_demo_msgs/include/serial_motor_demo_msgs/serial_motor_demo_msgs/msg/detail/encoder_vals__type_support.h
[1.786s] -- Up-to-date: /home/ahmedtabl/NOVA/install/serial_motor_demo_msgs/include/serial_motor_demo_msgs/serial_motor_demo_msgs/msg/detail/motor_command__type_support.h
[1.786s] -- Up-to-date: /home/ahmedtabl/NOVA/install/serial_motor_demo_msgs/include/serial_motor_demo_msgs/serial_motor_demo_msgs/msg/detail/motor_command__struct.h
[1.786s] -- Up-to-date: /home/ahmedtabl/NOVA/install/serial_motor_demo_msgs/include/serial_motor_demo_msgs/serial_motor_demo_msgs/msg/detail/motor_vels__struct.h
[1.787s] -- Up-to-date: /home/ahmedtabl/NOVA/install/serial_motor_demo_msgs/include/serial_motor_demo_msgs/serial_motor_demo_msgs/msg/detail/encoder_vals__functions.c
[1.787s] -- Up-to-date: /home/ahmedtabl/NOVA/install/serial_motor_demo_msgs/include/serial_motor_demo_msgs/serial_motor_demo_msgs/msg/detail/motor_vels__functions.h
[1.790s] -- Up-to-date: /home/ahmedtabl/NOVA/install/serial_motor_demo_msgs/include/serial_motor_demo_msgs/serial_motor_demo_msgs/msg/detail/motor_vels__functions.c
[1.792s] -- Up-to-date: /home/ahmedtabl/NOVA/install/serial_motor_demo_msgs/include/serial_motor_demo_msgs/serial_motor_demo_msgs/msg/encoder_vals.h
[1.793s] -- Up-to-date: /home/ahmedtabl/NOVA/install/serial_motor_demo_msgs/include/serial_motor_demo_msgs/serial_motor_demo_msgs/msg/rosidl_generator_c__visibility_control.h
[1.793s] -- Up-to-date: /home/ahmedtabl/NOVA/install/serial_motor_demo_msgs/share/serial_motor_demo_msgs/environment/library_path.sh
[1.793s] -- Up-to-date: /home/ahmedtabl/NOVA/install/serial_motor_demo_msgs/share/serial_motor_demo_msgs/environment/library_path.dsv
[1.794s] -- Up-to-date: /home/ahmedtabl/NOVA/install/serial_motor_demo_msgs/lib/libserial_motor_demo_msgs__rosidl_generator_c.so
[1.796s] -- Up-to-date: /home/ahmedtabl/NOVA/install/serial_motor_demo_msgs/include/serial_motor_demo_msgs/serial_motor_demo_msgs
[1.797s] -- Up-to-date: /home/ahmedtabl/NOVA/install/serial_motor_demo_msgs/include/serial_motor_demo_msgs/serial_motor_demo_msgs/msg
[1.797s] -- Up-to-date: /home/ahmedtabl/NOVA/install/serial_motor_demo_msgs/include/serial_motor_demo_msgs/serial_motor_demo_msgs/msg/detail
[1.797s] -- Up-to-date: /home/ahmedtabl/NOVA/install/serial_motor_demo_msgs/include/serial_motor_demo_msgs/serial_motor_demo_msgs/msg/detail/motor_vels__rosidl_typesupport_fastrtps_c.h
[1.797s] -- Up-to-date: /home/ahmedtabl/NOVA/install/serial_motor_demo_msgs/include/serial_motor_demo_msgs/serial_motor_demo_msgs/msg/detail/motor_command__rosidl_typesupport_fastrtps_c.h
[1.798s] -- Up-to-date: /home/ahmedtabl/NOVA/install/serial_motor_demo_msgs/include/serial_motor_demo_msgs/serial_motor_demo_msgs/msg/detail/encoder_vals__rosidl_typesupport_fastrtps_c.h
[1.798s] -- Up-to-date: /home/ahmedtabl/NOVA/install/serial_motor_demo_msgs/include/serial_motor_demo_msgs/serial_motor_demo_msgs/msg/rosidl_typesupport_fastrtps_c__visibility_control.h
[1.799s] -- Up-to-date: /home/ahmedtabl/NOVA/install/serial_motor_demo_msgs/lib/libserial_motor_demo_msgs__rosidl_typesupport_fastrtps_c.so
[1.799s] -- Up-to-date: /home/ahmedtabl/NOVA/install/serial_motor_demo_msgs/include/serial_motor_demo_msgs/serial_motor_demo_msgs
[1.800s] -- Up-to-date: /home/ahmedtabl/NOVA/install/serial_motor_demo_msgs/include/serial_motor_demo_msgs/serial_motor_demo_msgs/msg
[1.800s] -- Up-to-date: /home/ahmedtabl/NOVA/install/serial_motor_demo_msgs/include/serial_motor_demo_msgs/serial_motor_demo_msgs/msg/detail
[1.811s] -- Up-to-date: /home/ahmedtabl/NOVA/install/serial_motor_demo_msgs/include/serial_motor_demo_msgs/serial_motor_demo_msgs/msg/detail/motor_vels__rosidl_typesupport_introspection_c.h
[1.812s] -- Up-to-date: /home/ahmedtabl/NOVA/install/serial_motor_demo_msgs/include/serial_motor_demo_msgs/serial_motor_demo_msgs/msg/detail/motor_command__rosidl_typesupport_introspection_c.h
[1.812s] -- Up-to-date: /home/ahmedtabl/NOVA/install/serial_motor_demo_msgs/include/serial_motor_demo_msgs/serial_motor_demo_msgs/msg/detail/motor_command__type_support.c
[1.818s] -- Up-to-date: /home/ahmedtabl/NOVA/install/serial_motor_demo_msgs/include/serial_motor_demo_msgs/serial_motor_demo_msgs/msg/detail/encoder_vals__type_support.c
[1.818s] -- Up-to-date: /home/ahmedtabl/NOVA/install/serial_motor_demo_msgs/include/serial_motor_demo_msgs/serial_motor_demo_msgs/msg/detail/motor_vels__type_support.c
[1.818s] -- Up-to-date: /home/ahmedtabl/NOVA/install/serial_motor_demo_msgs/include/serial_motor_demo_msgs/serial_motor_demo_msgs/msg/detail/encoder_vals__rosidl_typesupport_introspection_c.h
[1.820s] -- Up-to-date: /home/ahmedtabl/NOVA/install/serial_motor_demo_msgs/include/serial_motor_demo_msgs/serial_motor_demo_msgs/msg/rosidl_typesupport_introspection_c__visibility_control.h
[1.825s] -- Up-to-date: /home/ahmedtabl/NOVA/install/serial_motor_demo_msgs/lib/libserial_motor_demo_msgs__rosidl_typesupport_introspection_c.so
[1.825s] -- Up-to-date: /home/ahmedtabl/NOVA/install/serial_motor_demo_msgs/lib/libserial_motor_demo_msgs__rosidl_typesupport_c.so
[1.825s] -- Up-to-date: /home/ahmedtabl/NOVA/install/serial_motor_demo_msgs/include/serial_motor_demo_msgs/serial_motor_demo_msgs
[1.825s] -- Up-to-date: /home/ahmedtabl/NOVA/install/serial_motor_demo_msgs/include/serial_motor_demo_msgs/serial_motor_demo_msgs/msg
[1.825s] -- Up-to-date: /home/ahmedtabl/NOVA/install/serial_motor_demo_msgs/include/serial_motor_demo_msgs/serial_motor_demo_msgs/msg/rosidl_generator_cpp__visibility_control.hpp
[1.825s] -- Up-to-date: /home/ahmedtabl/NOVA/install/serial_motor_demo_msgs/include/serial_motor_demo_msgs/serial_motor_demo_msgs/msg/detail
[1.826s] -- Up-to-date: /home/ahmedtabl/NOVA/install/serial_motor_demo_msgs/include/serial_motor_demo_msgs/serial_motor_demo_msgs/msg/detail/motor_vels__traits.hpp
[1.826s] -- Up-to-date: /home/ahmedtabl/NOVA/install/serial_motor_demo_msgs/include/serial_motor_demo_msgs/serial_motor_demo_msgs/msg/detail/motor_vels__builder.hpp
[1.826s] -- Up-to-date: /home/ahmedtabl/NOVA/install/serial_motor_demo_msgs/include/serial_motor_demo_msgs/serial_motor_demo_msgs/msg/detail/motor_command__traits.hpp
[1.826s] -- Up-to-date: /home/ahmedtabl/NOVA/install/serial_motor_demo_msgs/include/serial_motor_demo_msgs/serial_motor_demo_msgs/msg/detail/encoder_vals__struct.hpp
[1.826s] -- Up-to-date: /home/ahmedtabl/NOVA/install/serial_motor_demo_msgs/include/serial_motor_demo_msgs/serial_motor_demo_msgs/msg/detail/motor_command__type_support.hpp
[1.827s] -- Up-to-date: /home/ahmedtabl/NOVA/install/serial_motor_demo_msgs/include/serial_motor_demo_msgs/serial_motor_demo_msgs/msg/detail/motor_vels__struct.hpp
[1.827s] -- Up-to-date: /home/ahmedtabl/NOVA/install/serial_motor_demo_msgs/include/serial_motor_demo_msgs/serial_motor_demo_msgs/msg/detail/encoder_vals__type_support.hpp
[1.827s] -- Up-to-date: /home/ahmedtabl/NOVA/install/serial_motor_demo_msgs/include/serial_motor_demo_msgs/serial_motor_demo_msgs/msg/detail/encoder_vals__builder.hpp
[1.828s] -- Up-to-date: /home/ahmedtabl/NOVA/install/serial_motor_demo_msgs/include/serial_motor_demo_msgs/serial_motor_demo_msgs/msg/detail/motor_command__struct.hpp
[1.828s] -- Up-to-date: /home/ahmedtabl/NOVA/install/serial_motor_demo_msgs/include/serial_motor_demo_msgs/serial_motor_demo_msgs/msg/detail/encoder_vals__traits.hpp
[1.829s] -- Up-to-date: /home/ahmedtabl/NOVA/install/serial_motor_demo_msgs/include/serial_motor_demo_msgs/serial_motor_demo_msgs/msg/detail/motor_command__builder.hpp
[1.829s] -- Up-to-date: /home/ahmedtabl/NOVA/install/serial_motor_demo_msgs/include/serial_motor_demo_msgs/serial_motor_demo_msgs/msg/detail/motor_vels__type_support.hpp
[1.830s] -- Up-to-date: /home/ahmedtabl/NOVA/install/serial_motor_demo_msgs/include/serial_motor_demo_msgs/serial_motor_demo_msgs/msg/motor_command.hpp
[1.830s] -- Up-to-date: /home/ahmedtabl/NOVA/install/serial_motor_demo_msgs/include/serial_motor_demo_msgs/serial_motor_demo_msgs/msg/encoder_vals.hpp
[1.831s] -- Up-to-date: /home/ahmedtabl/NOVA/install/serial_motor_demo_msgs/include/serial_motor_demo_msgs/serial_motor_demo_msgs/msg/motor_vels.hpp
[1.832s] -- Up-to-date: /home/ahmedtabl/NOVA/install/serial_motor_demo_msgs/include/serial_motor_demo_msgs/serial_motor_demo_msgs
[1.832s] -- Up-to-date: /home/ahmedtabl/NOVA/install/serial_motor_demo_msgs/include/serial_motor_demo_msgs/serial_motor_demo_msgs/msg
[1.832s] -- Up-to-date: /home/ahmedtabl/NOVA/install/serial_motor_demo_msgs/include/serial_motor_demo_msgs/serial_motor_demo_msgs/msg/rosidl_typesupport_fastrtps_cpp__visibility_control.h
[1.833s] -- Up-to-date: /home/ahmedtabl/NOVA/install/serial_motor_demo_msgs/include/serial_motor_demo_msgs/serial_motor_demo_msgs/msg/detail
[1.833s] -- Up-to-date: /home/ahmedtabl/NOVA/install/serial_motor_demo_msgs/include/serial_motor_demo_msgs/serial_motor_demo_msgs/msg/detail/encoder_vals__rosidl_typesupport_fastrtps_cpp.hpp
[1.833s] -- Up-to-date: /home/ahmedtabl/NOVA/install/serial_motor_demo_msgs/include/serial_motor_demo_msgs/serial_motor_demo_msgs/msg/detail/motor_command__rosidl_typesupport_fastrtps_cpp.hpp
[1.834s] -- Up-to-date: /home/ahmedtabl/NOVA/install/serial_motor_demo_msgs/include/serial_motor_demo_msgs/serial_motor_demo_msgs/msg/detail/dds_fastrtps
[1.834s] -- Up-to-date: /home/ahmedtabl/NOVA/install/serial_motor_demo_msgs/include/serial_motor_demo_msgs/serial_motor_demo_msgs/msg/detail/motor_vels__rosidl_typesupport_fastrtps_cpp.hpp
[1.835s] -- Up-to-date: /home/ahmedtabl/NOVA/install/serial_motor_demo_msgs/lib/libserial_motor_demo_msgs__rosidl_typesupport_fastrtps_cpp.so
[1.842s] -- Up-to-date: /home/ahmedtabl/NOVA/install/serial_motor_demo_msgs/include/serial_motor_demo_msgs/serial_motor_demo_msgs
[1.842s] -- Up-to-date: /home/ahmedtabl/NOVA/install/serial_motor_demo_msgs/include/serial_motor_demo_msgs/serial_motor_demo_msgs/msg
[1.843s] -- Up-to-date: /home/ahmedtabl/NOVA/install/serial_motor_demo_msgs/include/serial_motor_demo_msgs/serial_motor_demo_msgs/msg/detail
[1.843s] -- Up-to-date: /home/ahmedtabl/NOVA/install/serial_motor_demo_msgs/include/serial_motor_demo_msgs/serial_motor_demo_msgs/msg/detail/motor_command__type_support.cpp
[1.843s] -- Up-to-date: /home/ahmedtabl/NOVA/install/serial_motor_demo_msgs/include/serial_motor_demo_msgs/serial_motor_demo_msgs/msg/detail/motor_command__rosidl_typesupport_introspection_cpp.hpp
[1.843s] -- Up-to-date: /home/ahmedtabl/NOVA/install/serial_motor_demo_msgs/include/serial_motor_demo_msgs/serial_motor_demo_msgs/msg/detail/encoder_vals__type_support.cpp
[1.844s] -- Up-to-date: /home/ahmedtabl/NOVA/install/serial_motor_demo_msgs/include/serial_motor_demo_msgs/serial_motor_demo_msgs/msg/detail/motor_vels__rosidl_typesupport_introspection_cpp.hpp
[1.844s] -- Up-to-date: /home/ahmedtabl/NOVA/install/serial_motor_demo_msgs/include/serial_motor_demo_msgs/serial_motor_demo_msgs/msg/detail/encoder_vals__rosidl_typesupport_introspection_cpp.hpp
[1.845s] -- Up-to-date: /home/ahmedtabl/NOVA/install/serial_motor_demo_msgs/include/serial_motor_demo_msgs/serial_motor_demo_msgs/msg/detail/motor_vels__type_support.cpp
[1.845s] -- Up-to-date: /home/ahmedtabl/NOVA/install/serial_motor_demo_msgs/lib/libserial_motor_demo_msgs__rosidl_typesupport_introspection_cpp.so
[1.846s] -- Up-to-date: /home/ahmedtabl/NOVA/install/serial_motor_demo_msgs/lib/libserial_motor_demo_msgs__rosidl_typesupport_cpp.so
[1.846s] -- Up-to-date: /home/ahmedtabl/NOVA/install/serial_motor_demo_msgs/share/serial_motor_demo_msgs/environment/pythonpath.sh
[1.846s] -- Up-to-date: /home/ahmedtabl/NOVA/install/serial_motor_demo_msgs/share/serial_motor_demo_msgs/environment/pythonpath.dsv
[1.847s] -- Up-to-date: /home/ahmedtabl/NOVA/install/serial_motor_demo_msgs/local/lib/python3.10/dist-packages/serial_motor_demo_msgs-0.0.0-py3.10.egg-info
[1.848s] -- Installing: /home/ahmedtabl/NOVA/install/serial_motor_demo_msgs/local/lib/python3.10/dist-packages/serial_motor_demo_msgs-0.0.0-py3.10.egg-info/PKG-INFO
[1.848s] -- Installing: /home/ahmedtabl/NOVA/install/serial_motor_demo_msgs/local/lib/python3.10/dist-packages/serial_motor_demo_msgs-0.0.0-py3.10.egg-info/top_level.txt
[1.849s] -- Installing: /home/ahmedtabl/NOVA/install/serial_motor_demo_msgs/local/lib/python3.10/dist-packages/serial_motor_demo_msgs-0.0.0-py3.10.egg-info/dependency_links.txt
[1.849s] -- Installing: /home/ahmedtabl/NOVA/install/serial_motor_demo_msgs/local/lib/python3.10/dist-packages/serial_motor_demo_msgs-0.0.0-py3.10.egg-info/SOURCES.txt
[1.849s] -- Up-to-date: /home/ahmedtabl/NOVA/install/serial_motor_demo_msgs/local/lib/python3.10/dist-packages/serial_motor_demo_msgs
[1.849s] -- Up-to-date: /home/ahmedtabl/NOVA/install/serial_motor_demo_msgs/local/lib/python3.10/dist-packages/serial_motor_demo_msgs/serial_motor_demo_msgs_s__rosidl_typesupport_c.cpython-310-x86_64-linux-gnu.so
[1.849s] -- Up-to-date: /home/ahmedtabl/NOVA/install/serial_motor_demo_msgs/local/lib/python3.10/dist-packages/serial_motor_demo_msgs/_serial_motor_demo_msgs_s.ep.rosidl_typesupport_fastrtps_c.c
[1.849s] -- Up-to-date: /home/ahmedtabl/NOVA/install/serial_motor_demo_msgs/local/lib/python3.10/dist-packages/serial_motor_demo_msgs/__init__.py
[1.850s] -- Up-to-date: /home/ahmedtabl/NOVA/install/serial_motor_demo_msgs/local/lib/python3.10/dist-packages/serial_motor_demo_msgs/serial_motor_demo_msgs_s__rosidl_typesupport_introspection_c.cpython-310-x86_64-linux-gnu.so
[1.850s] -- Up-to-date: /home/ahmedtabl/NOVA/install/serial_motor_demo_msgs/local/lib/python3.10/dist-packages/serial_motor_demo_msgs/libserial_motor_demo_msgs__rosidl_generator_py.so
[1.851s] -- Up-to-date: /home/ahmedtabl/NOVA/install/serial_motor_demo_msgs/local/lib/python3.10/dist-packages/serial_motor_demo_msgs/_serial_motor_demo_msgs_s.ep.rosidl_typesupport_c.c
[1.851s] -- Up-to-date: /home/ahmedtabl/NOVA/install/serial_motor_demo_msgs/local/lib/python3.10/dist-packages/serial_motor_demo_msgs/msg
[1.852s] -- Up-to-date: /home/ahmedtabl/NOVA/install/serial_motor_demo_msgs/local/lib/python3.10/dist-packages/serial_motor_demo_msgs/msg/__init__.py
[1.853s] -- Up-to-date: /home/ahmedtabl/NOVA/install/serial_motor_demo_msgs/local/lib/python3.10/dist-packages/serial_motor_demo_msgs/msg/_encoder_vals_s.c
[1.854s] -- Up-to-date: /home/ahmedtabl/NOVA/install/serial_motor_demo_msgs/local/lib/python3.10/dist-packages/serial_motor_demo_msgs/msg/_motor_vels.py
[1.855s] -- Up-to-date: /home/ahmedtabl/NOVA/install/serial_motor_demo_msgs/local/lib/python3.10/dist-packages/serial_motor_demo_msgs/msg/_motor_vels_s.c
[1.855s] -- Up-to-date: /home/ahmedtabl/NOVA/install/serial_motor_demo_msgs/local/lib/python3.10/dist-packages/serial_motor_demo_msgs/msg/_encoder_vals.py
[1.855s] -- Up-to-date: /home/ahmedtabl/NOVA/install/serial_motor_demo_msgs/local/lib/python3.10/dist-packages/serial_motor_demo_msgs/msg/_motor_command_s.c
[1.856s] -- Up-to-date: /home/ahmedtabl/NOVA/install/serial_motor_demo_msgs/local/lib/python3.10/dist-packages/serial_motor_demo_msgs/msg/_motor_command.py
[1.856s] -- Up-to-date: /home/ahmedtabl/NOVA/install/serial_motor_demo_msgs/local/lib/python3.10/dist-packages/serial_motor_demo_msgs/_serial_motor_demo_msgs_s.ep.rosidl_typesupport_introspection_c.c
[1.857s] -- Up-to-date: /home/ahmedtabl/NOVA/install/serial_motor_demo_msgs/local/lib/python3.10/dist-packages/serial_motor_demo_msgs/serial_motor_demo_msgs_s__rosidl_typesupport_fastrtps_c.cpython-310-x86_64-linux-gnu.so
[1.947s] Listing '/home/ahmedtabl/NOVA/install/serial_motor_demo_msgs/local/lib/python3.10/dist-packages/serial_motor_demo_msgs'...
[1.948s] Listing '/home/ahmedtabl/NOVA/install/serial_motor_demo_msgs/local/lib/python3.10/dist-packages/serial_motor_demo_msgs/msg'...
[1.964s] -- Up-to-date: /home/ahmedtabl/NOVA/install/serial_motor_demo_msgs/local/lib/python3.10/dist-packages/serial_motor_demo_msgs/serial_motor_demo_msgs_s__rosidl_typesupport_fastrtps_c.cpython-310-x86_64-linux-gnu.so
[1.967s] -- Up-to-date: /home/ahmedtabl/NOVA/install/serial_motor_demo_msgs/local/lib/python3.10/dist-packages/serial_motor_demo_msgs/serial_motor_demo_msgs_s__rosidl_typesupport_introspection_c.cpython-310-x86_64-linux-gnu.so
[1.967s] -- Up-to-date: /home/ahmedtabl/NOVA/install/serial_motor_demo_msgs/local/lib/python3.10/dist-packages/serial_motor_demo_msgs/serial_motor_demo_msgs_s__rosidl_typesupport_c.cpython-310-x86_64-linux-gnu.so
[1.969s] -- Up-to-date: /home/ahmedtabl/NOVA/install/serial_motor_demo_msgs/lib/libserial_motor_demo_msgs__rosidl_generator_py.so
[1.971s] -- Up-to-date: /home/ahmedtabl/NOVA/install/serial_motor_demo_msgs/share/serial_motor_demo_msgs/msg/MotorCommand.idl
[1.972s] -- Up-to-date: /home/ahmedtabl/NOVA/install/serial_motor_demo_msgs/share/serial_motor_demo_msgs/msg/MotorVels.idl
[1.972s] -- Up-to-date: /home/ahmedtabl/NOVA/install/serial_motor_demo_msgs/share/serial_motor_demo_msgs/msg/EncoderVals.idl
[1.973s] -- Up-to-date: /home/ahmedtabl/NOVA/install/serial_motor_demo_msgs/share/serial_motor_demo_msgs/msg/MotorCommand.msg
[1.973s] -- Up-to-date: /home/ahmedtabl/NOVA/install/serial_motor_demo_msgs/share/serial_motor_demo_msgs/msg/MotorVels.msg
[1.974s] -- Up-to-date: /home/ahmedtabl/NOVA/install/serial_motor_demo_msgs/share/serial_motor_demo_msgs/msg/EncoderVals.msg
[1.976s] -- Up-to-date: /home/ahmedtabl/NOVA/install/serial_motor_demo_msgs/share/ament_index/resource_index/package_run_dependencies/serial_motor_demo_msgs
[1.977s] -- Up-to-date: /home/ahmedtabl/NOVA/install/serial_motor_demo_msgs/share/ament_index/resource_index/parent_prefix_path/serial_motor_demo_msgs
[1.977s] -- Up-to-date: /home/ahmedtabl/NOVA/install/serial_motor_demo_msgs/share/serial_motor_demo_msgs/environment/ament_prefix_path.sh
[1.978s] -- Up-to-date: /home/ahmedtabl/NOVA/install/serial_motor_demo_msgs/share/serial_motor_demo_msgs/environment/ament_prefix_path.dsv
[1.979s] -- Up-to-date: /home/ahmedtabl/NOVA/install/serial_motor_demo_msgs/share/serial_motor_demo_msgs/environment/path.sh
[1.980s] -- Up-to-date: /home/ahmedtabl/NOVA/install/serial_motor_demo_msgs/share/serial_motor_demo_msgs/environment/path.dsv
[1.981s] -- Up-to-date: /home/ahmedtabl/NOVA/install/serial_motor_demo_msgs/share/serial_motor_demo_msgs/local_setup.bash
[1.982s] -- Up-to-date: /home/ahmedtabl/NOVA/install/serial_motor_demo_msgs/share/serial_motor_demo_msgs/local_setup.sh
[1.982s] -- Up-to-date: /home/ahmedtabl/NOVA/install/serial_motor_demo_msgs/share/serial_motor_demo_msgs/local_setup.zsh
[1.982s] -- Up-to-date: /home/ahmedtabl/NOVA/install/serial_motor_demo_msgs/share/serial_motor_demo_msgs/local_setup.dsv
[1.983s] -- Installing: /home/ahmedtabl/NOVA/install/serial_motor_demo_msgs/share/serial_motor_demo_msgs/package.dsv
[1.983s] -- Up-to-date: /home/ahmedtabl/NOVA/install/serial_motor_demo_msgs/share/ament_index/resource_index/packages/serial_motor_demo_msgs
[1.983s] -- Up-to-date: /home/ahmedtabl/NOVA/install/serial_motor_demo_msgs/share/serial_motor_demo_msgs/cmake/export_serial_motor_demo_msgs__rosidl_generator_cExport.cmake
[1.983s] -- Up-to-date: /home/ahmedtabl/NOVA/install/serial_motor_demo_msgs/share/serial_motor_demo_msgs/cmake/export_serial_motor_demo_msgs__rosidl_generator_cExport-noconfig.cmake
[1.983s] -- Up-to-date: /home/ahmedtabl/NOVA/install/serial_motor_demo_msgs/share/serial_motor_demo_msgs/cmake/export_serial_motor_demo_msgs__rosidl_typesupport_fastrtps_cExport.cmake
[1.983s] -- Up-to-date: /home/ahmedtabl/NOVA/install/serial_motor_demo_msgs/share/serial_motor_demo_msgs/cmake/export_serial_motor_demo_msgs__rosidl_typesupport_fastrtps_cExport-noconfig.cmake
[1.984s] -- Up-to-date: /home/ahmedtabl/NOVA/install/serial_motor_demo_msgs/share/serial_motor_demo_msgs/cmake/serial_motor_demo_msgs__rosidl_typesupport_introspection_cExport.cmake
[1.985s] -- Up-to-date: /home/ahmedtabl/NOVA/install/serial_motor_demo_msgs/share/serial_motor_demo_msgs/cmake/serial_motor_demo_msgs__rosidl_typesupport_introspection_cExport-noconfig.cmake
[1.986s] -- Up-to-date: /home/ahmedtabl/NOVA/install/serial_motor_demo_msgs/share/serial_motor_demo_msgs/cmake/serial_motor_demo_msgs__rosidl_typesupport_cExport.cmake
[1.987s] -- Up-to-date: /home/ahmedtabl/NOVA/install/serial_motor_demo_msgs/share/serial_motor_demo_msgs/cmake/serial_motor_demo_msgs__rosidl_typesupport_cExport-noconfig.cmake
[1.987s] -- Up-to-date: /home/ahmedtabl/NOVA/install/serial_motor_demo_msgs/share/serial_motor_demo_msgs/cmake/export_serial_motor_demo_msgs__rosidl_generator_cppExport.cmake
[1.987s] -- Up-to-date: /home/ahmedtabl/NOVA/install/serial_motor_demo_msgs/share/serial_motor_demo_msgs/cmake/export_serial_motor_demo_msgs__rosidl_typesupport_fastrtps_cppExport.cmake
[1.988s] -- Up-to-date: /home/ahmedtabl/NOVA/install/serial_motor_demo_msgs/share/serial_motor_demo_msgs/cmake/export_serial_motor_demo_msgs__rosidl_typesupport_fastrtps_cppExport-noconfig.cmake
[1.988s] -- Up-to-date: /home/ahmedtabl/NOVA/install/serial_motor_demo_msgs/share/serial_motor_demo_msgs/cmake/serial_motor_demo_msgs__rosidl_typesupport_introspection_cppExport.cmake
[1.988s] -- Up-to-date: /home/ahmedtabl/NOVA/install/serial_motor_demo_msgs/share/serial_motor_demo_msgs/cmake/serial_motor_demo_msgs__rosidl_typesupport_introspection_cppExport-noconfig.cmake
[1.989s] -- Up-to-date: /home/ahmedtabl/NOVA/install/serial_motor_demo_msgs/share/serial_motor_demo_msgs/cmake/serial_motor_demo_msgs__rosidl_typesupport_cppExport.cmake
[1.989s] -- Up-to-date: /home/ahmedtabl/NOVA/install/serial_motor_demo_msgs/share/serial_motor_demo_msgs/cmake/serial_motor_demo_msgs__rosidl_typesupport_cppExport-noconfig.cmake
[1.990s] -- Up-to-date: /home/ahmedtabl/NOVA/install/serial_motor_demo_msgs/share/serial_motor_demo_msgs/cmake/export_serial_motor_demo_msgs__rosidl_generator_pyExport.cmake
[1.990s] -- Up-to-date: /home/ahmedtabl/NOVA/install/serial_motor_demo_msgs/share/serial_motor_demo_msgs/cmake/export_serial_motor_demo_msgs__rosidl_generator_pyExport-noconfig.cmake
[1.990s] -- Up-to-date: /home/ahmedtabl/NOVA/install/serial_motor_demo_msgs/share/serial_motor_demo_msgs/cmake/rosidl_cmake-extras.cmake
[1.990s] -- Up-to-date: /home/ahmedtabl/NOVA/install/serial_motor_demo_msgs/share/serial_motor_demo_msgs/cmake/ament_cmake_export_include_directories-extras.cmake
[1.991s] -- Up-to-date: /home/ahmedtabl/NOVA/install/serial_motor_demo_msgs/share/serial_motor_demo_msgs/cmake/ament_cmake_export_libraries-extras.cmake
[1.991s] -- Up-to-date: /home/ahmedtabl/NOVA/install/serial_motor_demo_msgs/share/serial_motor_demo_msgs/cmake/ament_cmake_export_targets-extras.cmake
[1.991s] -- Up-to-date: /home/ahmedtabl/NOVA/install/serial_motor_demo_msgs/share/serial_motor_demo_msgs/cmake/rosidl_cmake_export_typesupport_targets-extras.cmake
[1.992s] -- Up-to-date: /home/ahmedtabl/NOVA/install/serial_motor_demo_msgs/share/serial_motor_demo_msgs/cmake/ament_cmake_export_dependencies-extras.cmake
[1.992s] -- Up-to-date: /home/ahmedtabl/NOVA/install/serial_motor_demo_msgs/share/serial_motor_demo_msgs/cmake/rosidl_cmake_export_typesupport_libraries-extras.cmake
[1.993s] -- Up-to-date: /home/ahmedtabl/NOVA/install/serial_motor_demo_msgs/share/serial_motor_demo_msgs/cmake/serial_motor_demo_msgsConfig.cmake
[1.993s] -- Up-to-date: /home/ahmedtabl/NOVA/install/serial_motor_demo_msgs/share/serial_motor_demo_msgs/cmake/serial_motor_demo_msgsConfig-version.cmake
[1.993s] -- Up-to-date: /home/ahmedtabl/NOVA/install/serial_motor_demo_msgs/share/serial_motor_demo_msgs/package.xml
[2.001s] Invoked command in '/home/ahmedtabl/NOVA/build/serial_motor_demo_msgs' returned '0': CMAKE_PREFIX_PATH=${CMAKE_PREFIX_PATH}:/home/ahmedtabl/NOVA/install/serial_motor_demo:/home/ahmedtabl/NOVA/install/controller:/opt/ros/humble /usr/bin/cmake --install /home/ahmedtabl/NOVA/build/serial_motor_demo_msgs
