[0.097s] Invoking command in '/home/ahmedtabl/NOVA/build/serial_motor_demo_msgs': CMAKE_PREFIX_PATH=/opt/ros/humble /usr/bin/cmake /home/ahmedtabl/NOVA/src/serial_motor_demo/serial_motor_demo_msgs -DCMAKE_INSTALL_PREFIX=/home/ahmedtabl/NOVA/install/serial_motor_demo_msgs
[1.679s] -- The C compiler identification is GNU 11.4.0
[1.682s] -- The CXX compiler identification is GNU 11.4.0
[1.691s] -- Detecting C compiler ABI info
[2.068s] -- Detecting C compiler ABI info - done
[2.090s] -- Check for working C compiler: /usr/bin/cc - skipped
[2.091s] -- Detecting C compile features
[2.092s] -- Detecting C compile features - done
[2.102s] -- Detecting CXX compiler ABI info
[2.486s] -- Detecting CXX compiler ABI info - done
[2.507s] -- Check for working CXX compiler: /usr/bin/c++ - skipped
[2.507s] -- Detecting CXX compile features
[2.510s] -- Detecting CXX compile features - done
[2.580s] -- Found ament_cmake: 1.3.11 (/opt/ros/humble/share/ament_cmake/cmake)
[3.159s] -- Found Python3: /usr/bin/python3 (found version "3.10.12") found components: Interpreter 
[3.701s] -- Found ament_lint_auto: 0.12.12 (/opt/ros/humble/share/ament_lint_auto/cmake)
[4.111s] -- Found rosidl_default_generators: 1.2.0 (/opt/ros/humble/share/rosidl_default_generators/cmake)
[4.144s] -- Using all available rosidl_typesupport_c: rosidl_typesupport_fastrtps_c;rosidl_typesupport_introspection_c
[4.204s] -- Found rosidl_adapter: 3.1.6 (/opt/ros/humble/share/rosidl_adapter/cmake)
[4.541s] -- Using all available rosidl_typesupport_cpp: rosidl_typesupport_fastrtps_cpp;rosidl_typesupport_introspection_cpp
[5.433s] -- Found ament_cmake_ros: 0.10.0 (/opt/ros/humble/share/ament_cmake_ros/cmake)
[6.016s] -- Using all available rosidl_typesupport_c: rosidl_typesupport_fastrtps_c;rosidl_typesupport_introspection_c
[6.747s] -- Using all available rosidl_typesupport_cpp: rosidl_typesupport_fastrtps_cpp;rosidl_typesupport_introspection_cpp
[6.824s] -- Found PythonInterp: /usr/bin/python3 (found suitable version "3.10.12", minimum required is "3.6") 
[6.834s] -- Found python_cmake_module: 0.10.0 (/opt/ros/humble/share/python_cmake_module/cmake)
[6.931s] -- Found PythonLibs: /usr/lib/x86_64-linux-gnu/libpython3.10.so (found suitable version "3.10.12", minimum required is "3.5") 
[6.932s] -- Using PYTHON_EXECUTABLE: /usr/bin/python3
[6.932s] -- Using PYTHON_INCLUDE_DIRS: /usr/include/python3.10
[6.933s] -- Using PYTHON_LIBRARIES: /usr/lib/x86_64-linux-gnu/libpython3.10.so
[6.993s] -- Found PythonExtra: .so  
[7.113s] -- Added test 'copyright' to check source files copyright and LICENSE
[7.120s] -- Added test 'lint_cmake' to check CMake code style
[7.126s] -- Added test 'xmllint' to check XML markup files
[7.163s] -- Configuring done
[7.293s] -- Generating done
[7.335s] -- Build files have been written to: /home/ahmedtabl/NOVA/build/serial_motor_demo_msgs
