-- Install configuration: ""
-- Up-to-date: /home/ahmedtabl/NOVA/install/nova_bringup/share/nova_bringup/launch
-- Up-to-date: /home/ahmedtabl/NOVA/install/nova_bringup/share/nova_bringup/launch/nav.launch.py
-- Up-to-date: /home/ahmedtabl/NOVA/install/nova_bringup/share/nova_bringup/launch/gps.launch.py
-- Up-to-date: /home/ahmedtabl/NOVA/install/nova_bringup/share/nova_bringup/launch/gazebo.launch.py
-- Up-to-date: /home/ahmedtabl/NOVA/install/nova_bringup/share/nova_bringup/config
-- Up-to-date: /home/ahmedtabl/NOVA/install/nova_bringup/share/nova_bringup/config/josh_default_params.yaml
-- Up-to-date: /home/ahmedtabl/NOVA/install/nova_bringup/share/nova_bringup/config/urdf_config.rviz
-- Up-to-date: /home/ahmedtabl/NOVA/install/nova_bringup/share/nova_bringup/config/ekf.yaml
-- Up-to-date: /home/ahmedtabl/NOVA/install/nova_bringup/share/nova_bringup/config/ekf_gps_nav2.yaml
-- Up-to-date: /home/ahmedtabl/NOVA/install/nova_bringup/share/nova_bringup/config/nav2_default_params.yaml
-- Up-to-date: /home/ahmedtabl/NOVA/install/nova_bringup/share/ament_index/resource_index/package_run_dependencies/nova_bringup
-- Up-to-date: /home/ahmedtabl/NOVA/install/nova_bringup/share/ament_index/resource_index/parent_prefix_path/nova_bringup
-- Up-to-date: /home/ahmedtabl/NOVA/install/nova_bringup/share/nova_bringup/environment/ament_prefix_path.sh
-- Up-to-date: /home/ahmedtabl/NOVA/install/nova_bringup/share/nova_bringup/environment/ament_prefix_path.dsv
-- Up-to-date: /home/ahmedtabl/NOVA/install/nova_bringup/share/nova_bringup/environment/path.sh
-- Up-to-date: /home/ahmedtabl/NOVA/install/nova_bringup/share/nova_bringup/environment/path.dsv
-- Up-to-date: /home/ahmedtabl/NOVA/install/nova_bringup/share/nova_bringup/local_setup.bash
-- Up-to-date: /home/ahmedtabl/NOVA/install/nova_bringup/share/nova_bringup/local_setup.sh
-- Up-to-date: /home/ahmedtabl/NOVA/install/nova_bringup/share/nova_bringup/local_setup.zsh
-- Up-to-date: /home/ahmedtabl/NOVA/install/nova_bringup/share/nova_bringup/local_setup.dsv
-- Up-to-date: /home/ahmedtabl/NOVA/install/nova_bringup/share/nova_bringup/package.dsv
-- Up-to-date: /home/ahmedtabl/NOVA/install/nova_bringup/share/ament_index/resource_index/packages/nova_bringup
-- Up-to-date: /home/ahmedtabl/NOVA/install/nova_bringup/share/nova_bringup/cmake/nova_bringupConfig.cmake
-- Up-to-date: /home/ahmedtabl/NOVA/install/nova_bringup/share/nova_bringup/cmake/nova_bringupConfig-version.cmake
-- Up-to-date: /home/ahmedtabl/NOVA/install/nova_bringup/share/nova_bringup/package.xml
