[1.218s] Invoking command in '/home/ahmedtabl/NOVA/build/nova_bringup': CMAKE_PREFIX_PATH=${CMAKE_PREFIX_PATH}:/home/ahmedtabl/NOVA/install/serial_motor_demo:/home/ahmedtabl/NOVA/install/controller:/opt/ros/humble /usr/bin/cmake --build /home/ahmedtabl/NOVA/build/nova_bringup -- -j4 -l4
[1.441s] Invoked command in '/home/ahmedtabl/NOVA/build/nova_bringup' returned '0': CMAKE_PREFIX_PATH=${CMAKE_PREFIX_PATH}:/home/ahmedtabl/NOVA/install/serial_motor_demo:/home/ahmedtabl/NOVA/install/controller:/opt/ros/humble /usr/bin/cmake --build /home/ahmedtabl/NOVA/build/nova_bringup -- -j4 -l4
[1.448s] Invoking command in '/home/ahmedtabl/NOVA/build/nova_bringup': CMAKE_PREFIX_PATH=${CMAKE_PREFIX_PATH}:/home/ahmedtabl/NOVA/install/serial_motor_demo:/home/ahmedtabl/NOVA/install/controller:/opt/ros/humble /usr/bin/cmake --install /home/ahmedtabl/NOVA/build/nova_bringup
[1.504s] -- Install configuration: ""
[1.506s] -- Up-to-date: /home/ahmedtabl/NOVA/install/nova_bringup/share/nova_bringup/launch
[1.506s] -- Up-to-date: /home/ahmedtabl/NOVA/install/nova_bringup/share/nova_bringup/launch/nav.launch.py
[1.506s] -- Up-to-date: /home/ahmedtabl/NOVA/install/nova_bringup/share/nova_bringup/launch/gps.launch.py
[1.507s] -- Up-to-date: /home/ahmedtabl/NOVA/install/nova_bringup/share/nova_bringup/launch/gazebo.launch.py
[1.507s] -- Up-to-date: /home/ahmedtabl/NOVA/install/nova_bringup/share/nova_bringup/config
[1.507s] -- Up-to-date: /home/ahmedtabl/NOVA/install/nova_bringup/share/nova_bringup/config/josh_default_params.yaml
[1.507s] -- Up-to-date: /home/ahmedtabl/NOVA/install/nova_bringup/share/nova_bringup/config/urdf_config.rviz
[1.507s] -- Up-to-date: /home/ahmedtabl/NOVA/install/nova_bringup/share/nova_bringup/config/ekf.yaml
[1.507s] -- Up-to-date: /home/ahmedtabl/NOVA/install/nova_bringup/share/nova_bringup/config/ekf_gps_nav2.yaml
[1.507s] -- Up-to-date: /home/ahmedtabl/NOVA/install/nova_bringup/share/nova_bringup/config/nav2_default_params.yaml
[1.507s] -- Up-to-date: /home/ahmedtabl/NOVA/install/nova_bringup/share/ament_index/resource_index/package_run_dependencies/nova_bringup
[1.512s] -- Up-to-date: /home/ahmedtabl/NOVA/install/nova_bringup/share/ament_index/resource_index/parent_prefix_path/nova_bringup
[1.513s] -- Up-to-date: /home/ahmedtabl/NOVA/install/nova_bringup/share/nova_bringup/environment/ament_prefix_path.sh
[1.513s] -- Up-to-date: /home/ahmedtabl/NOVA/install/nova_bringup/share/nova_bringup/environment/ament_prefix_path.dsv
[1.513s] -- Up-to-date: /home/ahmedtabl/NOVA/install/nova_bringup/share/nova_bringup/environment/path.sh
[1.513s] -- Up-to-date: /home/ahmedtabl/NOVA/install/nova_bringup/share/nova_bringup/environment/path.dsv
[1.513s] -- Up-to-date: /home/ahmedtabl/NOVA/install/nova_bringup/share/nova_bringup/local_setup.bash
[1.514s] -- Up-to-date: /home/ahmedtabl/NOVA/install/nova_bringup/share/nova_bringup/local_setup.sh
[1.520s] -- Up-to-date: /home/ahmedtabl/NOVA/install/nova_bringup/share/nova_bringup/local_setup.zsh
[1.520s] -- Up-to-date: /home/ahmedtabl/NOVA/install/nova_bringup/share/nova_bringup/local_setup.dsv
[1.520s] -- Up-to-date: /home/ahmedtabl/NOVA/install/nova_bringup/share/nova_bringup/package.dsv
[1.520s] -- Up-to-date: /home/ahmedtabl/NOVA/install/nova_bringup/share/ament_index/resource_index/packages/nova_bringup
[1.521s] -- Up-to-date: /home/ahmedtabl/NOVA/install/nova_bringup/share/nova_bringup/cmake/nova_bringupConfig.cmake
[1.521s] -- Up-to-date: /home/ahmedtabl/NOVA/install/nova_bringup/share/nova_bringup/cmake/nova_bringupConfig-version.cmake
[1.521s] -- Up-to-date: /home/ahmedtabl/NOVA/install/nova_bringup/share/nova_bringup/package.xml
[1.535s] Invoked command in '/home/ahmedtabl/NOVA/build/nova_bringup' returned '0': CMAKE_PREFIX_PATH=${CMAKE_PREFIX_PATH}:/home/ahmedtabl/NOVA/install/serial_motor_demo:/home/ahmedtabl/NOVA/install/controller:/opt/ros/humble /usr/bin/cmake --install /home/ahmedtabl/NOVA/build/nova_bringup
