/home/ahmedtabl/NOVA/install/controller/lib/python3.10/site-packages/controller/__init__.py
/home/ahmedtabl/NOVA/install/controller/lib/python3.10/site-packages/controller/motor_driver.py
/home/ahmedtabl/NOVA/install/controller/lib/python3.10/site-packages/controller/joystick_to_motor.py
/home/ahmedtabl/NOVA/install/controller/lib/python3.10/site-packages/controller/__pycache__/__init__.cpython-310.pyc
/home/ahmedtabl/NOVA/install/controller/lib/python3.10/site-packages/controller/__pycache__/motor_driver.cpython-310.pyc
/home/ahmedtabl/NOVA/install/controller/lib/python3.10/site-packages/controller/__pycache__/joystick_to_motor.cpython-310.pyc
/home/ahmedtabl/NOVA/install/controller/share/ament_index/resource_index/packages/controller
/home/ahmedtabl/NOVA/install/controller/share/controller/package.xml
/home/ahmedtabl/NOVA/install/controller/share/controller/launch/joystick.launch.py
/home/ahmedtabl/NOVA/install/controller/share/controller/launch/motor.launch.py
/home/ahmedtabl/NOVA/install/controller/share/controller/config/joystick.yaml
/home/ahmedtabl/NOVA/install/controller/lib/python3.10/site-packages/controller-0.0.0-py3.10.egg-info/requires.txt
/home/ahmedtabl/NOVA/install/controller/lib/python3.10/site-packages/controller-0.0.0-py3.10.egg-info/zip-safe
/home/ahmedtabl/NOVA/install/controller/lib/python3.10/site-packages/controller-0.0.0-py3.10.egg-info/PKG-INFO
/home/ahmedtabl/NOVA/install/controller/lib/python3.10/site-packages/controller-0.0.0-py3.10.egg-info/entry_points.txt
/home/ahmedtabl/NOVA/install/controller/lib/python3.10/site-packages/controller-0.0.0-py3.10.egg-info/top_level.txt
/home/ahmedtabl/NOVA/install/controller/lib/python3.10/site-packages/controller-0.0.0-py3.10.egg-info/dependency_links.txt
/home/ahmedtabl/NOVA/install/controller/lib/python3.10/site-packages/controller-0.0.0-py3.10.egg-info/SOURCES.txt
/home/ahmedtabl/NOVA/install/controller/lib/controller/joystick
/home/ahmedtabl/NOVA/install/controller/lib/controller/joystick_to_motor
/home/ahmedtabl/NOVA/install/controller/lib/controller/motor
/home/ahmedtabl/NOVA/install/controller/lib/controller/motor_driver
