[35m[1mConsolidate compiler generated dependencies of target serial_motor_demo_msgs__rosidl_generator_c[0m
[ 10%] Built target serial_motor_demo_msgs__rosidl_generator_c
[ 12%] Built target serial_motor_demo_msgs__cpp
[35m[1mConsolidate compiler generated dependencies of target serial_motor_demo_msgs__rosidl_typesupport_c[0m
[35m[1mConsolidate compiler generated dependencies of target serial_motor_demo_msgs__rosidl_typesupport_introspection_c[0m
[35m[1mConsolidate compiler generated dependencies of target serial_motor_demo_msgs__rosidl_typesupport_fastrtps_c[0m
[ 23%] Built target serial_motor_demo_msgs__rosidl_typesupport_c
[ 23%] Built target ament_cmake_python_copy_serial_motor_demo_msgs
[ 34%] Built target serial_motor_demo_msgs__rosidl_typesupport_introspection_c
[35m[1mConsolidate compiler generated dependencies of target serial_motor_demo_msgs__rosidl_typesupport_fastrtps_cpp[0m
[35m[1mConsolidate compiler generated dependencies of target serial_motor_demo_msgs__rosidl_typesupport_cpp[0m
[ 44%] Built target serial_motor_demo_msgs__rosidl_typesupport_fastrtps_c
[35m[1mConsolidate compiler generated dependencies of target serial_motor_demo_msgs__rosidl_typesupport_introspection_cpp[0m
[ 55%] Built target serial_motor_demo_msgs__rosidl_typesupport_fastrtps_cpp
[ 65%] Built target serial_motor_demo_msgs__rosidl_typesupport_cpp
[ 76%] Built target serial_motor_demo_msgs__rosidl_typesupport_introspection_cpp
[ 76%] Built target serial_motor_demo_msgs
[ 78%] Built target serial_motor_demo_msgs__py
[35m[1mConsolidate compiler generated dependencies of target serial_motor_demo_msgs__rosidl_generator_py[0m
[ 87%] Built target serial_motor_demo_msgs__rosidl_generator_py
[35m[1mConsolidate compiler generated dependencies of target serial_motor_demo_msgs__rosidl_typesupport_fastrtps_c__pyext[0m
[35m[1mConsolidate compiler generated dependencies of target serial_motor_demo_msgs__rosidl_typesupport_introspection_c__pyext[0m
[35m[1mConsolidate compiler generated dependencies of target serial_motor_demo_msgs__rosidl_typesupport_c__pyext[0m
[ 91%] Built target serial_motor_demo_msgs__rosidl_typesupport_c__pyext
[ 95%] Built target serial_motor_demo_msgs__rosidl_typesupport_introspection_c__pyext
[100%] Built target serial_motor_demo_msgs__rosidl_typesupport_fastrtps_c__pyext
running egg_info
writing serial_motor_demo_msgs.egg-info/PKG-INFO
writing dependency_links to serial_motor_demo_msgs.egg-info/dependency_links.txt
writing top-level names to serial_motor_demo_msgs.egg-info/top_level.txt
reading manifest file 'serial_motor_demo_msgs.egg-info/SOURCES.txt'
writing manifest file 'serial_motor_demo_msgs.egg-info/SOURCES.txt'
[100%] Built target ament_cmake_python_build_serial_motor_demo_msgs_egg
