[0.093s] Invoking command in '/home/ahmedtabl/NOVA/build/serial_motor_demo_msgs': CMAKE_PREFIX_PATH=/opt/ros/humble /usr/bin/cmake --build /home/ahmedtabl/NOVA/build/serial_motor_demo_msgs -- -j4 -l4
[1.049s] [35m[1mConsolidate compiler generated dependencies of target serial_motor_demo_msgs__rosidl_generator_c[0m
[1.050s] [ 10%] Built target serial_motor_demo_msgs__rosidl_generator_c
[1.050s] [ 12%] Built target serial_motor_demo_msgs__cpp
[1.051s] [35m[1mConsolidate compiler generated dependencies of target serial_motor_demo_msgs__rosidl_typesupport_c[0m
[1.052s] [35m[1mConsolidate compiler generated dependencies of target serial_motor_demo_msgs__rosidl_typesupport_introspection_c[0m
[1.053s] [35m[1mConsolidate compiler generated dependencies of target serial_motor_demo_msgs__rosidl_typesupport_fastrtps_c[0m
[1.053s] [ 23%] Built target serial_motor_demo_msgs__rosidl_typesupport_c
[1.053s] [ 23%] Built target ament_cmake_python_copy_serial_motor_demo_msgs
[1.053s] [ 34%] Built target serial_motor_demo_msgs__rosidl_typesupport_introspection_c
[1.053s] [35m[1mConsolidate compiler generated dependencies of target serial_motor_demo_msgs__rosidl_typesupport_fastrtps_cpp[0m
[1.053s] [35m[1mConsolidate compiler generated dependencies of target serial_motor_demo_msgs__rosidl_typesupport_cpp[0m
[1.054s] [ 44%] Built target serial_motor_demo_msgs__rosidl_typesupport_fastrtps_c
[1.054s] [35m[1mConsolidate compiler generated dependencies of target serial_motor_demo_msgs__rosidl_typesupport_introspection_cpp[0m
[1.054s] [ 55%] Built target serial_motor_demo_msgs__rosidl_typesupport_fastrtps_cpp
[1.054s] [ 65%] Built target serial_motor_demo_msgs__rosidl_typesupport_cpp
[1.054s] [ 76%] Built target serial_motor_demo_msgs__rosidl_typesupport_introspection_cpp
[1.065s] [ 76%] Built target serial_motor_demo_msgs
[1.066s] [ 78%] Built target serial_motor_demo_msgs__py
[1.066s] [35m[1mConsolidate compiler generated dependencies of target serial_motor_demo_msgs__rosidl_generator_py[0m
[1.067s] [ 87%] Built target serial_motor_demo_msgs__rosidl_generator_py
[1.067s] [35m[1mConsolidate compiler generated dependencies of target serial_motor_demo_msgs__rosidl_typesupport_fastrtps_c__pyext[0m
[1.074s] [35m[1mConsolidate compiler generated dependencies of target serial_motor_demo_msgs__rosidl_typesupport_introspection_c__pyext[0m
[1.074s] [35m[1mConsolidate compiler generated dependencies of target serial_motor_demo_msgs__rosidl_typesupport_c__pyext[0m
[1.087s] [ 91%] Built target serial_motor_demo_msgs__rosidl_typesupport_c__pyext
[1.089s] [ 95%] Built target serial_motor_demo_msgs__rosidl_typesupport_introspection_c__pyext
[1.089s] [100%] Built target serial_motor_demo_msgs__rosidl_typesupport_fastrtps_c__pyext
[1.481s] running egg_info
[1.483s] writing serial_motor_demo_msgs.egg-info/PKG-INFO
[1.486s] writing dependency_links to serial_motor_demo_msgs.egg-info/dependency_links.txt
[1.487s] writing top-level names to serial_motor_demo_msgs.egg-info/top_level.txt
[1.495s] reading manifest file 'serial_motor_demo_msgs.egg-info/SOURCES.txt'
[1.498s] writing manifest file 'serial_motor_demo_msgs.egg-info/SOURCES.txt'
[1.609s] [100%] Built target ament_cmake_python_build_serial_motor_demo_msgs_egg
