[  2%] Built target serial_motor_demo_msgs__cpp
[ 12%] Built target serial_motor_demo_msgs__rosidl_generator_c
[ 12%] Built target ament_cmake_python_copy_serial_motor_demo_msgs
[ 23%] Built target serial_motor_demo_msgs__rosidl_typesupport_fastrtps_cpp
[ 34%] Built target serial_motor_demo_msgs__rosidl_typesupport_introspection_cpp
[ 44%] Built target serial_motor_demo_msgs__rosidl_typesupport_cpp
[ 55%] Built target serial_motor_demo_msgs__rosidl_typesupport_fastrtps_c
[ 65%] Built target serial_motor_demo_msgs__rosidl_typesupport_introspection_c
[ 76%] Built target serial_motor_demo_msgs__rosidl_typesupport_c
[ 76%] Built target serial_motor_demo_msgs
[ 78%] Built target serial_motor_demo_msgs__py
[ 87%] Built target serial_motor_demo_msgs__rosidl_generator_py
[ 91%] Built target serial_motor_demo_msgs__rosidl_typesupport_fastrtps_c__pyext
[ 95%] Built target serial_motor_demo_msgs__rosidl_typesupport_introspection_c__pyext
[100%] Built target serial_motor_demo_msgs__rosidl_typesupport_c__pyext
running egg_info
writing serial_motor_demo_msgs.egg-info/PKG-INFO
writing dependency_links to serial_motor_demo_msgs.egg-info/dependency_links.txt
writing top-level names to serial_motor_demo_msgs.egg-info/top_level.txt
reading manifest file 'serial_motor_demo_msgs.egg-info/SOURCES.txt'
writing manifest file 'serial_motor_demo_msgs.egg-info/SOURCES.txt'
[100%] Built target ament_cmake_python_build_serial_motor_demo_msgs_egg
-- Install configuration: ""
-- Installing: /home/ahmedtabl/NOVA/install/serial_motor_demo_msgs/share/ament_index/resource_index/rosidl_interfaces/serial_motor_demo_msgs
-- Installing: /home/ahmedtabl/NOVA/install/serial_motor_demo_msgs/include/serial_motor_demo_msgs/serial_motor_demo_msgs
-- Installing: /home/ahmedtabl/NOVA/install/serial_motor_demo_msgs/include/serial_motor_demo_msgs/serial_motor_demo_msgs/msg
-- Installing: /home/ahmedtabl/NOVA/install/serial_motor_demo_msgs/include/serial_motor_demo_msgs/serial_motor_demo_msgs/msg/motor_vels.h
-- Installing: /home/ahmedtabl/NOVA/install/serial_motor_demo_msgs/include/serial_motor_demo_msgs/serial_motor_demo_msgs/msg/motor_command.h
-- Installing: /home/ahmedtabl/NOVA/install/serial_motor_demo_msgs/include/serial_motor_demo_msgs/serial_motor_demo_msgs/msg/detail
-- Installing: /home/ahmedtabl/NOVA/install/serial_motor_demo_msgs/include/serial_motor_demo_msgs/serial_motor_demo_msgs/msg/detail/motor_command__functions.h
-- Installing: /home/ahmedtabl/NOVA/install/serial_motor_demo_msgs/include/serial_motor_demo_msgs/serial_motor_demo_msgs/msg/detail/encoder_vals__functions.h
-- Installing: /home/ahmedtabl/NOVA/install/serial_motor_demo_msgs/include/serial_motor_demo_msgs/serial_motor_demo_msgs/msg/detail/motor_command__functions.c
-- Installing: /home/ahmedtabl/NOVA/install/serial_motor_demo_msgs/include/serial_motor_demo_msgs/serial_motor_demo_msgs/msg/detail/motor_vels__type_support.h
-- Installing: /home/ahmedtabl/NOVA/install/serial_motor_demo_msgs/include/serial_motor_demo_msgs/serial_motor_demo_msgs/msg/detail/encoder_vals__struct.h
-- Installing: /home/ahmedtabl/NOVA/install/serial_motor_demo_msgs/include/serial_motor_demo_msgs/serial_motor_demo_msgs/msg/detail/encoder_vals__type_support.h
-- Installing: /home/ahmedtabl/NOVA/install/serial_motor_demo_msgs/include/serial_motor_demo_msgs/serial_motor_demo_msgs/msg/detail/motor_command__type_support.h
-- Installing: /home/ahmedtabl/NOVA/install/serial_motor_demo_msgs/include/serial_motor_demo_msgs/serial_motor_demo_msgs/msg/detail/motor_command__struct.h
-- Installing: /home/ahmedtabl/NOVA/install/serial_motor_demo_msgs/include/serial_motor_demo_msgs/serial_motor_demo_msgs/msg/detail/motor_vels__struct.h
-- Installing: /home/ahmedtabl/NOVA/install/serial_motor_demo_msgs/include/serial_motor_demo_msgs/serial_motor_demo_msgs/msg/detail/encoder_vals__functions.c
-- Installing: /home/ahmedtabl/NOVA/install/serial_motor_demo_msgs/include/serial_motor_demo_msgs/serial_motor_demo_msgs/msg/detail/motor_vels__functions.h
-- Installing: /home/ahmedtabl/NOVA/install/serial_motor_demo_msgs/include/serial_motor_demo_msgs/serial_motor_demo_msgs/msg/detail/motor_vels__functions.c
-- Installing: /home/ahmedtabl/NOVA/install/serial_motor_demo_msgs/include/serial_motor_demo_msgs/serial_motor_demo_msgs/msg/encoder_vals.h
-- Installing: /home/ahmedtabl/NOVA/install/serial_motor_demo_msgs/include/serial_motor_demo_msgs/serial_motor_demo_msgs/msg/rosidl_generator_c__visibility_control.h
-- Installing: /home/ahmedtabl/NOVA/install/serial_motor_demo_msgs/share/serial_motor_demo_msgs/environment/library_path.sh
-- Installing: /home/ahmedtabl/NOVA/install/serial_motor_demo_msgs/share/serial_motor_demo_msgs/environment/library_path.dsv
-- Installing: /home/ahmedtabl/NOVA/install/serial_motor_demo_msgs/lib/libserial_motor_demo_msgs__rosidl_generator_c.so
-- Set runtime path of "/home/ahmedtabl/NOVA/install/serial_motor_demo_msgs/lib/libserial_motor_demo_msgs__rosidl_generator_c.so" to ""
-- Up-to-date: /home/ahmedtabl/NOVA/install/serial_motor_demo_msgs/include/serial_motor_demo_msgs/serial_motor_demo_msgs
-- Up-to-date: /home/ahmedtabl/NOVA/install/serial_motor_demo_msgs/include/serial_motor_demo_msgs/serial_motor_demo_msgs/msg
-- Up-to-date: /home/ahmedtabl/NOVA/install/serial_motor_demo_msgs/include/serial_motor_demo_msgs/serial_motor_demo_msgs/msg/detail
-- Installing: /home/ahmedtabl/NOVA/install/serial_motor_demo_msgs/include/serial_motor_demo_msgs/serial_motor_demo_msgs/msg/detail/motor_vels__rosidl_typesupport_fastrtps_c.h
-- Installing: /home/ahmedtabl/NOVA/install/serial_motor_demo_msgs/include/serial_motor_demo_msgs/serial_motor_demo_msgs/msg/detail/motor_command__rosidl_typesupport_fastrtps_c.h
-- Installing: /home/ahmedtabl/NOVA/install/serial_motor_demo_msgs/include/serial_motor_demo_msgs/serial_motor_demo_msgs/msg/detail/encoder_vals__rosidl_typesupport_fastrtps_c.h
-- Installing: /home/ahmedtabl/NOVA/install/serial_motor_demo_msgs/include/serial_motor_demo_msgs/serial_motor_demo_msgs/msg/rosidl_typesupport_fastrtps_c__visibility_control.h
-- Installing: /home/ahmedtabl/NOVA/install/serial_motor_demo_msgs/lib/libserial_motor_demo_msgs__rosidl_typesupport_fastrtps_c.so
-- Set runtime path of "/home/ahmedtabl/NOVA/install/serial_motor_demo_msgs/lib/libserial_motor_demo_msgs__rosidl_typesupport_fastrtps_c.so" to ""
-- Up-to-date: /home/ahmedtabl/NOVA/install/serial_motor_demo_msgs/include/serial_motor_demo_msgs/serial_motor_demo_msgs
-- Up-to-date: /home/ahmedtabl/NOVA/install/serial_motor_demo_msgs/include/serial_motor_demo_msgs/serial_motor_demo_msgs/msg
-- Up-to-date: /home/ahmedtabl/NOVA/install/serial_motor_demo_msgs/include/serial_motor_demo_msgs/serial_motor_demo_msgs/msg/detail
-- Installing: /home/ahmedtabl/NOVA/install/serial_motor_demo_msgs/include/serial_motor_demo_msgs/serial_motor_demo_msgs/msg/detail/motor_vels__rosidl_typesupport_introspection_c.h
-- Installing: /home/ahmedtabl/NOVA/install/serial_motor_demo_msgs/include/serial_motor_demo_msgs/serial_motor_demo_msgs/msg/detail/motor_command__rosidl_typesupport_introspection_c.h
-- Installing: /home/ahmedtabl/NOVA/install/serial_motor_demo_msgs/include/serial_motor_demo_msgs/serial_motor_demo_msgs/msg/detail/motor_command__type_support.c
-- Installing: /home/ahmedtabl/NOVA/install/serial_motor_demo_msgs/include/serial_motor_demo_msgs/serial_motor_demo_msgs/msg/detail/encoder_vals__type_support.c
-- Installing: /home/ahmedtabl/NOVA/install/serial_motor_demo_msgs/include/serial_motor_demo_msgs/serial_motor_demo_msgs/msg/detail/motor_vels__type_support.c
-- Installing: /home/ahmedtabl/NOVA/install/serial_motor_demo_msgs/include/serial_motor_demo_msgs/serial_motor_demo_msgs/msg/detail/encoder_vals__rosidl_typesupport_introspection_c.h
-- Installing: /home/ahmedtabl/NOVA/install/serial_motor_demo_msgs/include/serial_motor_demo_msgs/serial_motor_demo_msgs/msg/rosidl_typesupport_introspection_c__visibility_control.h
-- Installing: /home/ahmedtabl/NOVA/install/serial_motor_demo_msgs/lib/libserial_motor_demo_msgs__rosidl_typesupport_introspection_c.so
-- Set runtime path of "/home/ahmedtabl/NOVA/install/serial_motor_demo_msgs/lib/libserial_motor_demo_msgs__rosidl_typesupport_introspection_c.so" to ""
-- Installing: /home/ahmedtabl/NOVA/install/serial_motor_demo_msgs/lib/libserial_motor_demo_msgs__rosidl_typesupport_c.so
-- Set runtime path of "/home/ahmedtabl/NOVA/install/serial_motor_demo_msgs/lib/libserial_motor_demo_msgs__rosidl_typesupport_c.so" to ""
-- Up-to-date: /home/ahmedtabl/NOVA/install/serial_motor_demo_msgs/include/serial_motor_demo_msgs/serial_motor_demo_msgs
-- Up-to-date: /home/ahmedtabl/NOVA/install/serial_motor_demo_msgs/include/serial_motor_demo_msgs/serial_motor_demo_msgs/msg
-- Installing: /home/ahmedtabl/NOVA/install/serial_motor_demo_msgs/include/serial_motor_demo_msgs/serial_motor_demo_msgs/msg/rosidl_generator_cpp__visibility_control.hpp
-- Up-to-date: /home/ahmedtabl/NOVA/install/serial_motor_demo_msgs/include/serial_motor_demo_msgs/serial_motor_demo_msgs/msg/detail
-- Installing: /home/ahmedtabl/NOVA/install/serial_motor_demo_msgs/include/serial_motor_demo_msgs/serial_motor_demo_msgs/msg/detail/motor_vels__traits.hpp
-- Installing: /home/ahmedtabl/NOVA/install/serial_motor_demo_msgs/include/serial_motor_demo_msgs/serial_motor_demo_msgs/msg/detail/motor_vels__builder.hpp
-- Installing: /home/ahmedtabl/NOVA/install/serial_motor_demo_msgs/include/serial_motor_demo_msgs/serial_motor_demo_msgs/msg/detail/motor_command__traits.hpp
-- Installing: /home/ahmedtabl/NOVA/install/serial_motor_demo_msgs/include/serial_motor_demo_msgs/serial_motor_demo_msgs/msg/detail/encoder_vals__struct.hpp
-- Installing: /home/ahmedtabl/NOVA/install/serial_motor_demo_msgs/include/serial_motor_demo_msgs/serial_motor_demo_msgs/msg/detail/motor_command__type_support.hpp
-- Installing: /home/ahmedtabl/NOVA/install/serial_motor_demo_msgs/include/serial_motor_demo_msgs/serial_motor_demo_msgs/msg/detail/motor_vels__struct.hpp
-- Installing: /home/ahmedtabl/NOVA/install/serial_motor_demo_msgs/include/serial_motor_demo_msgs/serial_motor_demo_msgs/msg/detail/encoder_vals__type_support.hpp
-- Installing: /home/ahmedtabl/NOVA/install/serial_motor_demo_msgs/include/serial_motor_demo_msgs/serial_motor_demo_msgs/msg/detail/encoder_vals__builder.hpp
-- Installing: /home/ahmedtabl/NOVA/install/serial_motor_demo_msgs/include/serial_motor_demo_msgs/serial_motor_demo_msgs/msg/detail/motor_command__struct.hpp
-- Installing: /home/ahmedtabl/NOVA/install/serial_motor_demo_msgs/include/serial_motor_demo_msgs/serial_motor_demo_msgs/msg/detail/encoder_vals__traits.hpp
-- Installing: /home/ahmedtabl/NOVA/install/serial_motor_demo_msgs/include/serial_motor_demo_msgs/serial_motor_demo_msgs/msg/detail/motor_command__builder.hpp
-- Installing: /home/ahmedtabl/NOVA/install/serial_motor_demo_msgs/include/serial_motor_demo_msgs/serial_motor_demo_msgs/msg/detail/motor_vels__type_support.hpp
-- Installing: /home/ahmedtabl/NOVA/install/serial_motor_demo_msgs/include/serial_motor_demo_msgs/serial_motor_demo_msgs/msg/motor_command.hpp
-- Installing: /home/ahmedtabl/NOVA/install/serial_motor_demo_msgs/include/serial_motor_demo_msgs/serial_motor_demo_msgs/msg/encoder_vals.hpp
-- Installing: /home/ahmedtabl/NOVA/install/serial_motor_demo_msgs/include/serial_motor_demo_msgs/serial_motor_demo_msgs/msg/motor_vels.hpp
-- Up-to-date: /home/ahmedtabl/NOVA/install/serial_motor_demo_msgs/include/serial_motor_demo_msgs/serial_motor_demo_msgs
-- Up-to-date: /home/ahmedtabl/NOVA/install/serial_motor_demo_msgs/include/serial_motor_demo_msgs/serial_motor_demo_msgs/msg
-- Installing: /home/ahmedtabl/NOVA/install/serial_motor_demo_msgs/include/serial_motor_demo_msgs/serial_motor_demo_msgs/msg/rosidl_typesupport_fastrtps_cpp__visibility_control.h
-- Up-to-date: /home/ahmedtabl/NOVA/install/serial_motor_demo_msgs/include/serial_motor_demo_msgs/serial_motor_demo_msgs/msg/detail
-- Installing: /home/ahmedtabl/NOVA/install/serial_motor_demo_msgs/include/serial_motor_demo_msgs/serial_motor_demo_msgs/msg/detail/encoder_vals__rosidl_typesupport_fastrtps_cpp.hpp
-- Installing: /home/ahmedtabl/NOVA/install/serial_motor_demo_msgs/include/serial_motor_demo_msgs/serial_motor_demo_msgs/msg/detail/motor_command__rosidl_typesupport_fastrtps_cpp.hpp
-- Installing: /home/ahmedtabl/NOVA/install/serial_motor_demo_msgs/include/serial_motor_demo_msgs/serial_motor_demo_msgs/msg/detail/dds_fastrtps
-- Installing: /home/ahmedtabl/NOVA/install/serial_motor_demo_msgs/include/serial_motor_demo_msgs/serial_motor_demo_msgs/msg/detail/motor_vels__rosidl_typesupport_fastrtps_cpp.hpp
-- Installing: /home/ahmedtabl/NOVA/install/serial_motor_demo_msgs/lib/libserial_motor_demo_msgs__rosidl_typesupport_fastrtps_cpp.so
-- Set runtime path of "/home/ahmedtabl/NOVA/install/serial_motor_demo_msgs/lib/libserial_motor_demo_msgs__rosidl_typesupport_fastrtps_cpp.so" to ""
-- Up-to-date: /home/ahmedtabl/NOVA/install/serial_motor_demo_msgs/include/serial_motor_demo_msgs/serial_motor_demo_msgs
-- Up-to-date: /home/ahmedtabl/NOVA/install/serial_motor_demo_msgs/include/serial_motor_demo_msgs/serial_motor_demo_msgs/msg
-- Up-to-date: /home/ahmedtabl/NOVA/install/serial_motor_demo_msgs/include/serial_motor_demo_msgs/serial_motor_demo_msgs/msg/detail
-- Installing: /home/ahmedtabl/NOVA/install/serial_motor_demo_msgs/include/serial_motor_demo_msgs/serial_motor_demo_msgs/msg/detail/motor_command__type_support.cpp
-- Installing: /home/ahmedtabl/NOVA/install/serial_motor_demo_msgs/include/serial_motor_demo_msgs/serial_motor_demo_msgs/msg/detail/motor_command__rosidl_typesupport_introspection_cpp.hpp
-- Installing: /home/ahmedtabl/NOVA/install/serial_motor_demo_msgs/include/serial_motor_demo_msgs/serial_motor_demo_msgs/msg/detail/encoder_vals__type_support.cpp
-- Installing: /home/ahmedtabl/NOVA/install/serial_motor_demo_msgs/include/serial_motor_demo_msgs/serial_motor_demo_msgs/msg/detail/motor_vels__rosidl_typesupport_introspection_cpp.hpp
-- Installing: /home/ahmedtabl/NOVA/install/serial_motor_demo_msgs/include/serial_motor_demo_msgs/serial_motor_demo_msgs/msg/detail/encoder_vals__rosidl_typesupport_introspection_cpp.hpp
-- Installing: /home/ahmedtabl/NOVA/install/serial_motor_demo_msgs/include/serial_motor_demo_msgs/serial_motor_demo_msgs/msg/detail/motor_vels__type_support.cpp
-- Installing: /home/ahmedtabl/NOVA/install/serial_motor_demo_msgs/lib/libserial_motor_demo_msgs__rosidl_typesupport_introspection_cpp.so
-- Set runtime path of "/home/ahmedtabl/NOVA/install/serial_motor_demo_msgs/lib/libserial_motor_demo_msgs__rosidl_typesupport_introspection_cpp.so" to ""
-- Installing: /home/ahmedtabl/NOVA/install/serial_motor_demo_msgs/lib/libserial_motor_demo_msgs__rosidl_typesupport_cpp.so
-- Set runtime path of "/home/ahmedtabl/NOVA/install/serial_motor_demo_msgs/lib/libserial_motor_demo_msgs__rosidl_typesupport_cpp.so" to ""
-- Installing: /home/ahmedtabl/NOVA/install/serial_motor_demo_msgs/share/serial_motor_demo_msgs/environment/pythonpath.sh
-- Installing: /home/ahmedtabl/NOVA/install/serial_motor_demo_msgs/share/serial_motor_demo_msgs/environment/pythonpath.dsv
-- Installing: /home/ahmedtabl/NOVA/install/serial_motor_demo_msgs/local/lib/python3.10/dist-packages/serial_motor_demo_msgs-0.0.0-py3.10.egg-info
-- Installing: /home/ahmedtabl/NOVA/install/serial_motor_demo_msgs/local/lib/python3.10/dist-packages/serial_motor_demo_msgs-0.0.0-py3.10.egg-info/PKG-INFO
-- Installing: /home/ahmedtabl/NOVA/install/serial_motor_demo_msgs/local/lib/python3.10/dist-packages/serial_motor_demo_msgs-0.0.0-py3.10.egg-info/top_level.txt
-- Installing: /home/ahmedtabl/NOVA/install/serial_motor_demo_msgs/local/lib/python3.10/dist-packages/serial_motor_demo_msgs-0.0.0-py3.10.egg-info/dependency_links.txt
-- Installing: /home/ahmedtabl/NOVA/install/serial_motor_demo_msgs/local/lib/python3.10/dist-packages/serial_motor_demo_msgs-0.0.0-py3.10.egg-info/SOURCES.txt
-- Installing: /home/ahmedtabl/NOVA/install/serial_motor_demo_msgs/local/lib/python3.10/dist-packages/serial_motor_demo_msgs
-- Installing: /home/ahmedtabl/NOVA/install/serial_motor_demo_msgs/local/lib/python3.10/dist-packages/serial_motor_demo_msgs/serial_motor_demo_msgs_s__rosidl_typesupport_c.cpython-310-x86_64-linux-gnu.so
-- Installing: /home/ahmedtabl/NOVA/install/serial_motor_demo_msgs/local/lib/python3.10/dist-packages/serial_motor_demo_msgs/_serial_motor_demo_msgs_s.ep.rosidl_typesupport_fastrtps_c.c
-- Installing: /home/ahmedtabl/NOVA/install/serial_motor_demo_msgs/local/lib/python3.10/dist-packages/serial_motor_demo_msgs/__init__.py
-- Installing: /home/ahmedtabl/NOVA/install/serial_motor_demo_msgs/local/lib/python3.10/dist-packages/serial_motor_demo_msgs/serial_motor_demo_msgs_s__rosidl_typesupport_introspection_c.cpython-310-x86_64-linux-gnu.so
-- Installing: /home/ahmedtabl/NOVA/install/serial_motor_demo_msgs/local/lib/python3.10/dist-packages/serial_motor_demo_msgs/libserial_motor_demo_msgs__rosidl_generator_py.so
-- Installing: /home/ahmedtabl/NOVA/install/serial_motor_demo_msgs/local/lib/python3.10/dist-packages/serial_motor_demo_msgs/_serial_motor_demo_msgs_s.ep.rosidl_typesupport_c.c
-- Installing: /home/ahmedtabl/NOVA/install/serial_motor_demo_msgs/local/lib/python3.10/dist-packages/serial_motor_demo_msgs/msg
-- Installing: /home/ahmedtabl/NOVA/install/serial_motor_demo_msgs/local/lib/python3.10/dist-packages/serial_motor_demo_msgs/msg/__init__.py
-- Installing: /home/ahmedtabl/NOVA/install/serial_motor_demo_msgs/local/lib/python3.10/dist-packages/serial_motor_demo_msgs/msg/_encoder_vals_s.c
-- Installing: /home/ahmedtabl/NOVA/install/serial_motor_demo_msgs/local/lib/python3.10/dist-packages/serial_motor_demo_msgs/msg/_motor_vels.py
-- Installing: /home/ahmedtabl/NOVA/install/serial_motor_demo_msgs/local/lib/python3.10/dist-packages/serial_motor_demo_msgs/msg/_motor_vels_s.c
-- Installing: /home/ahmedtabl/NOVA/install/serial_motor_demo_msgs/local/lib/python3.10/dist-packages/serial_motor_demo_msgs/msg/_encoder_vals.py
-- Installing: /home/ahmedtabl/NOVA/install/serial_motor_demo_msgs/local/lib/python3.10/dist-packages/serial_motor_demo_msgs/msg/_motor_command_s.c
-- Installing: /home/ahmedtabl/NOVA/install/serial_motor_demo_msgs/local/lib/python3.10/dist-packages/serial_motor_demo_msgs/msg/_motor_command.py
-- Installing: /home/ahmedtabl/NOVA/install/serial_motor_demo_msgs/local/lib/python3.10/dist-packages/serial_motor_demo_msgs/_serial_motor_demo_msgs_s.ep.rosidl_typesupport_introspection_c.c
-- Installing: /home/ahmedtabl/NOVA/install/serial_motor_demo_msgs/local/lib/python3.10/dist-packages/serial_motor_demo_msgs/serial_motor_demo_msgs_s__rosidl_typesupport_fastrtps_c.cpython-310-x86_64-linux-gnu.so
Listing '/home/ahmedtabl/NOVA/install/serial_motor_demo_msgs/local/lib/python3.10/dist-packages/serial_motor_demo_msgs'...
Compiling '/home/ahmedtabl/NOVA/install/serial_motor_demo_msgs/local/lib/python3.10/dist-packages/serial_motor_demo_msgs/__init__.py'...
Listing '/home/ahmedtabl/NOVA/install/serial_motor_demo_msgs/local/lib/python3.10/dist-packages/serial_motor_demo_msgs/msg'...
Compiling '/home/ahmedtabl/NOVA/install/serial_motor_demo_msgs/local/lib/python3.10/dist-packages/serial_motor_demo_msgs/msg/__init__.py'...
Compiling '/home/ahmedtabl/NOVA/install/serial_motor_demo_msgs/local/lib/python3.10/dist-packages/serial_motor_demo_msgs/msg/_encoder_vals.py'...
Compiling '/home/ahmedtabl/NOVA/install/serial_motor_demo_msgs/local/lib/python3.10/dist-packages/serial_motor_demo_msgs/msg/_motor_command.py'...
Compiling '/home/ahmedtabl/NOVA/install/serial_motor_demo_msgs/local/lib/python3.10/dist-packages/serial_motor_demo_msgs/msg/_motor_vels.py'...
-- Installing: /home/ahmedtabl/NOVA/install/serial_motor_demo_msgs/local/lib/python3.10/dist-packages/serial_motor_demo_msgs/serial_motor_demo_msgs_s__rosidl_typesupport_fastrtps_c.cpython-310-x86_64-linux-gnu.so
-- Set runtime path of "/home/ahmedtabl/NOVA/install/serial_motor_demo_msgs/local/lib/python3.10/dist-packages/serial_motor_demo_msgs/serial_motor_demo_msgs_s__rosidl_typesupport_fastrtps_c.cpython-310-x86_64-linux-gnu.so" to ""
-- Installing: /home/ahmedtabl/NOVA/install/serial_motor_demo_msgs/local/lib/python3.10/dist-packages/serial_motor_demo_msgs/serial_motor_demo_msgs_s__rosidl_typesupport_introspection_c.cpython-310-x86_64-linux-gnu.so
-- Set runtime path of "/home/ahmedtabl/NOVA/install/serial_motor_demo_msgs/local/lib/python3.10/dist-packages/serial_motor_demo_msgs/serial_motor_demo_msgs_s__rosidl_typesupport_introspection_c.cpython-310-x86_64-linux-gnu.so" to ""
-- Installing: /home/ahmedtabl/NOVA/install/serial_motor_demo_msgs/local/lib/python3.10/dist-packages/serial_motor_demo_msgs/serial_motor_demo_msgs_s__rosidl_typesupport_c.cpython-310-x86_64-linux-gnu.so
-- Set runtime path of "/home/ahmedtabl/NOVA/install/serial_motor_demo_msgs/local/lib/python3.10/dist-packages/serial_motor_demo_msgs/serial_motor_demo_msgs_s__rosidl_typesupport_c.cpython-310-x86_64-linux-gnu.so" to ""
-- Installing: /home/ahmedtabl/NOVA/install/serial_motor_demo_msgs/lib/libserial_motor_demo_msgs__rosidl_generator_py.so
-- Set runtime path of "/home/ahmedtabl/NOVA/install/serial_motor_demo_msgs/lib/libserial_motor_demo_msgs__rosidl_generator_py.so" to ""
-- Installing: /home/ahmedtabl/NOVA/install/serial_motor_demo_msgs/share/serial_motor_demo_msgs/msg/MotorCommand.idl
-- Installing: /home/ahmedtabl/NOVA/install/serial_motor_demo_msgs/share/serial_motor_demo_msgs/msg/MotorVels.idl
-- Installing: /home/ahmedtabl/NOVA/install/serial_motor_demo_msgs/share/serial_motor_demo_msgs/msg/EncoderVals.idl
-- Installing: /home/ahmedtabl/NOVA/install/serial_motor_demo_msgs/share/serial_motor_demo_msgs/msg/MotorCommand.msg
-- Installing: /home/ahmedtabl/NOVA/install/serial_motor_demo_msgs/share/serial_motor_demo_msgs/msg/MotorVels.msg
-- Installing: /home/ahmedtabl/NOVA/install/serial_motor_demo_msgs/share/serial_motor_demo_msgs/msg/EncoderVals.msg
-- Installing: /home/ahmedtabl/NOVA/install/serial_motor_demo_msgs/share/ament_index/resource_index/package_run_dependencies/serial_motor_demo_msgs
-- Installing: /home/ahmedtabl/NOVA/install/serial_motor_demo_msgs/share/ament_index/resource_index/parent_prefix_path/serial_motor_demo_msgs
-- Installing: /home/ahmedtabl/NOVA/install/serial_motor_demo_msgs/share/serial_motor_demo_msgs/environment/ament_prefix_path.sh
-- Installing: /home/ahmedtabl/NOVA/install/serial_motor_demo_msgs/share/serial_motor_demo_msgs/environment/ament_prefix_path.dsv
-- Installing: /home/ahmedtabl/NOVA/install/serial_motor_demo_msgs/share/serial_motor_demo_msgs/environment/path.sh
-- Installing: /home/ahmedtabl/NOVA/install/serial_motor_demo_msgs/share/serial_motor_demo_msgs/environment/path.dsv
-- Installing: /home/ahmedtabl/NOVA/install/serial_motor_demo_msgs/share/serial_motor_demo_msgs/local_setup.bash
-- Installing: /home/ahmedtabl/NOVA/install/serial_motor_demo_msgs/share/serial_motor_demo_msgs/local_setup.sh
-- Installing: /home/ahmedtabl/NOVA/install/serial_motor_demo_msgs/share/serial_motor_demo_msgs/local_setup.zsh
-- Installing: /home/ahmedtabl/NOVA/install/serial_motor_demo_msgs/share/serial_motor_demo_msgs/local_setup.dsv
-- Installing: /home/ahmedtabl/NOVA/install/serial_motor_demo_msgs/share/serial_motor_demo_msgs/package.dsv
-- Installing: /home/ahmedtabl/NOVA/install/serial_motor_demo_msgs/share/ament_index/resource_index/packages/serial_motor_demo_msgs
-- Installing: /home/ahmedtabl/NOVA/install/serial_motor_demo_msgs/share/serial_motor_demo_msgs/cmake/export_serial_motor_demo_msgs__rosidl_generator_cExport.cmake
-- Installing: /home/ahmedtabl/NOVA/install/serial_motor_demo_msgs/share/serial_motor_demo_msgs/cmake/export_serial_motor_demo_msgs__rosidl_generator_cExport-noconfig.cmake
-- Installing: /home/ahmedtabl/NOVA/install/serial_motor_demo_msgs/share/serial_motor_demo_msgs/cmake/export_serial_motor_demo_msgs__rosidl_typesupport_fastrtps_cExport.cmake
-- Installing: /home/ahmedtabl/NOVA/install/serial_motor_demo_msgs/share/serial_motor_demo_msgs/cmake/export_serial_motor_demo_msgs__rosidl_typesupport_fastrtps_cExport-noconfig.cmake
-- Installing: /home/ahmedtabl/NOVA/install/serial_motor_demo_msgs/share/serial_motor_demo_msgs/cmake/serial_motor_demo_msgs__rosidl_typesupport_introspection_cExport.cmake
-- Installing: /home/ahmedtabl/NOVA/install/serial_motor_demo_msgs/share/serial_motor_demo_msgs/cmake/serial_motor_demo_msgs__rosidl_typesupport_introspection_cExport-noconfig.cmake
-- Installing: /home/ahmedtabl/NOVA/install/serial_motor_demo_msgs/share/serial_motor_demo_msgs/cmake/serial_motor_demo_msgs__rosidl_typesupport_cExport.cmake
-- Installing: /home/ahmedtabl/NOVA/install/serial_motor_demo_msgs/share/serial_motor_demo_msgs/cmake/serial_motor_demo_msgs__rosidl_typesupport_cExport-noconfig.cmake
-- Installing: /home/ahmedtabl/NOVA/install/serial_motor_demo_msgs/share/serial_motor_demo_msgs/cmake/export_serial_motor_demo_msgs__rosidl_generator_cppExport.cmake
-- Installing: /home/ahmedtabl/NOVA/install/serial_motor_demo_msgs/share/serial_motor_demo_msgs/cmake/export_serial_motor_demo_msgs__rosidl_typesupport_fastrtps_cppExport.cmake
-- Installing: /home/ahmedtabl/NOVA/install/serial_motor_demo_msgs/share/serial_motor_demo_msgs/cmake/export_serial_motor_demo_msgs__rosidl_typesupport_fastrtps_cppExport-noconfig.cmake
-- Installing: /home/ahmedtabl/NOVA/install/serial_motor_demo_msgs/share/serial_motor_demo_msgs/cmake/serial_motor_demo_msgs__rosidl_typesupport_introspection_cppExport.cmake
-- Installing: /home/ahmedtabl/NOVA/install/serial_motor_demo_msgs/share/serial_motor_demo_msgs/cmake/serial_motor_demo_msgs__rosidl_typesupport_introspection_cppExport-noconfig.cmake
-- Installing: /home/ahmedtabl/NOVA/install/serial_motor_demo_msgs/share/serial_motor_demo_msgs/cmake/serial_motor_demo_msgs__rosidl_typesupport_cppExport.cmake
-- Installing: /home/ahmedtabl/NOVA/install/serial_motor_demo_msgs/share/serial_motor_demo_msgs/cmake/serial_motor_demo_msgs__rosidl_typesupport_cppExport-noconfig.cmake
-- Installing: /home/ahmedtabl/NOVA/install/serial_motor_demo_msgs/share/serial_motor_demo_msgs/cmake/export_serial_motor_demo_msgs__rosidl_generator_pyExport.cmake
-- Installing: /home/ahmedtabl/NOVA/install/serial_motor_demo_msgs/share/serial_motor_demo_msgs/cmake/export_serial_motor_demo_msgs__rosidl_generator_pyExport-noconfig.cmake
-- Installing: /home/ahmedtabl/NOVA/install/serial_motor_demo_msgs/share/serial_motor_demo_msgs/cmake/rosidl_cmake-extras.cmake
-- Installing: /home/ahmedtabl/NOVA/install/serial_motor_demo_msgs/share/serial_motor_demo_msgs/cmake/ament_cmake_export_include_directories-extras.cmake
-- Installing: /home/ahmedtabl/NOVA/install/serial_motor_demo_msgs/share/serial_motor_demo_msgs/cmake/ament_cmake_export_libraries-extras.cmake
-- Installing: /home/ahmedtabl/NOVA/install/serial_motor_demo_msgs/share/serial_motor_demo_msgs/cmake/ament_cmake_export_targets-extras.cmake
-- Installing: /home/ahmedtabl/NOVA/install/serial_motor_demo_msgs/share/serial_motor_demo_msgs/cmake/rosidl_cmake_export_typesupport_targets-extras.cmake
-- Installing: /home/ahmedtabl/NOVA/install/serial_motor_demo_msgs/share/serial_motor_demo_msgs/cmake/ament_cmake_export_dependencies-extras.cmake
-- Installing: /home/ahmedtabl/NOVA/install/serial_motor_demo_msgs/share/serial_motor_demo_msgs/cmake/rosidl_cmake_export_typesupport_libraries-extras.cmake
-- Installing: /home/ahmedtabl/NOVA/install/serial_motor_demo_msgs/share/serial_motor_demo_msgs/cmake/serial_motor_demo_msgsConfig.cmake
-- Installing: /home/ahmedtabl/NOVA/install/serial_motor_demo_msgs/share/serial_motor_demo_msgs/cmake/serial_motor_demo_msgsConfig-version.cmake
-- Installing: /home/ahmedtabl/NOVA/install/serial_motor_demo_msgs/share/serial_motor_demo_msgs/package.xml
