[0.097s] Invoking command in '/home/ahmedtabl/NOVA/build/serial_motor_demo_msgs': CMAKE_PREFIX_PATH=/opt/ros/humble /usr/bin/cmake --build /home/ahmedtabl/NOVA/build/serial_motor_demo_msgs -- -j4 -l4
[1.081s] [  2%] Built target serial_motor_demo_msgs__cpp
[1.081s] [ 12%] Built target serial_motor_demo_msgs__rosidl_generator_c
[1.081s] [ 12%] Built target ament_cmake_python_copy_serial_motor_demo_msgs
[1.081s] [ 23%] Built target serial_motor_demo_msgs__rosidl_typesupport_fastrtps_cpp
[1.081s] [ 34%] Built target serial_motor_demo_msgs__rosidl_typesupport_introspection_cpp
[1.082s] [ 44%] Built target serial_motor_demo_msgs__rosidl_typesupport_cpp
[1.082s] [ 55%] Built target serial_motor_demo_msgs__rosidl_typesupport_fastrtps_c
[1.082s] [ 65%] Built target serial_motor_demo_msgs__rosidl_typesupport_introspection_c
[1.082s] [ 76%] Built target serial_motor_demo_msgs__rosidl_typesupport_c
[1.083s] [ 76%] Built target serial_motor_demo_msgs
[1.083s] [ 78%] Built target serial_motor_demo_msgs__py
[1.083s] [ 87%] Built target serial_motor_demo_msgs__rosidl_generator_py
[1.083s] [ 91%] Built target serial_motor_demo_msgs__rosidl_typesupport_fastrtps_c__pyext
[1.124s] [ 95%] Built target serial_motor_demo_msgs__rosidl_typesupport_introspection_c__pyext
[1.129s] [100%] Built target serial_motor_demo_msgs__rosidl_typesupport_c__pyext
[1.495s] running egg_info
[1.500s] writing serial_motor_demo_msgs.egg-info/PKG-INFO
[1.502s] writing dependency_links to serial_motor_demo_msgs.egg-info/dependency_links.txt
[1.502s] writing top-level names to serial_motor_demo_msgs.egg-info/top_level.txt
[1.513s] reading manifest file 'serial_motor_demo_msgs.egg-info/SOURCES.txt'
[1.519s] writing manifest file 'serial_motor_demo_msgs.egg-info/SOURCES.txt'
[1.650s] [100%] Built target ament_cmake_python_build_serial_motor_demo_msgs_egg
[1.704s] Invoked command in '/home/ahmedtabl/NOVA/build/serial_motor_demo_msgs' returned '0': CMAKE_PREFIX_PATH=/opt/ros/humble /usr/bin/cmake --build /home/ahmedtabl/NOVA/build/serial_motor_demo_msgs -- -j4 -l4
[1.714s] Invoking command in '/home/ahmedtabl/NOVA/build/serial_motor_demo_msgs': CMAKE_PREFIX_PATH=/opt/ros/humble /usr/bin/cmake --install /home/ahmedtabl/NOVA/build/serial_motor_demo_msgs
[1.761s] -- Install configuration: ""
[1.763s] -- Installing: /home/ahmedtabl/NOVA/install/serial_motor_demo_msgs/share/ament_index/resource_index/rosidl_interfaces/serial_motor_demo_msgs
[1.766s] -- Installing: /home/ahmedtabl/NOVA/install/serial_motor_demo_msgs/include/serial_motor_demo_msgs/serial_motor_demo_msgs
[1.767s] -- Installing: /home/ahmedtabl/NOVA/install/serial_motor_demo_msgs/include/serial_motor_demo_msgs/serial_motor_demo_msgs/msg
[1.767s] -- Installing: /home/ahmedtabl/NOVA/install/serial_motor_demo_msgs/include/serial_motor_demo_msgs/serial_motor_demo_msgs/msg/motor_vels.h
[1.770s] -- Installing: /home/ahmedtabl/NOVA/install/serial_motor_demo_msgs/include/serial_motor_demo_msgs/serial_motor_demo_msgs/msg/motor_command.h
[1.771s] -- Installing: /home/ahmedtabl/NOVA/install/serial_motor_demo_msgs/include/serial_motor_demo_msgs/serial_motor_demo_msgs/msg/detail
[1.771s] -- Installing: /home/ahmedtabl/NOVA/install/serial_motor_demo_msgs/include/serial_motor_demo_msgs/serial_motor_demo_msgs/msg/detail/motor_command__functions.h
[1.771s] -- Installing: /home/ahmedtabl/NOVA/install/serial_motor_demo_msgs/include/serial_motor_demo_msgs/serial_motor_demo_msgs/msg/detail/encoder_vals__functions.h
[1.772s] -- Installing: /home/ahmedtabl/NOVA/install/serial_motor_demo_msgs/include/serial_motor_demo_msgs/serial_motor_demo_msgs/msg/detail/motor_command__functions.c
[1.772s] -- Installing: /home/ahmedtabl/NOVA/install/serial_motor_demo_msgs/include/serial_motor_demo_msgs/serial_motor_demo_msgs/msg/detail/motor_vels__type_support.h
[1.773s] -- Installing: /home/ahmedtabl/NOVA/install/serial_motor_demo_msgs/include/serial_motor_demo_msgs/serial_motor_demo_msgs/msg/detail/encoder_vals__struct.h
[1.773s] -- Installing: /home/ahmedtabl/NOVA/install/serial_motor_demo_msgs/include/serial_motor_demo_msgs/serial_motor_demo_msgs/msg/detail/encoder_vals__type_support.h
[1.775s] -- Installing: /home/ahmedtabl/NOVA/install/serial_motor_demo_msgs/include/serial_motor_demo_msgs/serial_motor_demo_msgs/msg/detail/motor_command__type_support.h
[1.775s] -- Installing: /home/ahmedtabl/NOVA/install/serial_motor_demo_msgs/include/serial_motor_demo_msgs/serial_motor_demo_msgs/msg/detail/motor_command__struct.h
[1.775s] -- Installing: /home/ahmedtabl/NOVA/install/serial_motor_demo_msgs/include/serial_motor_demo_msgs/serial_motor_demo_msgs/msg/detail/motor_vels__struct.h
[1.776s] -- Installing: /home/ahmedtabl/NOVA/install/serial_motor_demo_msgs/include/serial_motor_demo_msgs/serial_motor_demo_msgs/msg/detail/encoder_vals__functions.c
[1.779s] -- Installing: /home/ahmedtabl/NOVA/install/serial_motor_demo_msgs/include/serial_motor_demo_msgs/serial_motor_demo_msgs/msg/detail/motor_vels__functions.h
[1.794s] -- Installing: /home/ahmedtabl/NOVA/install/serial_motor_demo_msgs/include/serial_motor_demo_msgs/serial_motor_demo_msgs/msg/detail/motor_vels__functions.c
[1.794s] -- Installing: /home/ahmedtabl/NOVA/install/serial_motor_demo_msgs/include/serial_motor_demo_msgs/serial_motor_demo_msgs/msg/encoder_vals.h
[1.794s] -- Installing: /home/ahmedtabl/NOVA/install/serial_motor_demo_msgs/include/serial_motor_demo_msgs/serial_motor_demo_msgs/msg/rosidl_generator_c__visibility_control.h
[1.794s] -- Installing: /home/ahmedtabl/NOVA/install/serial_motor_demo_msgs/share/serial_motor_demo_msgs/environment/library_path.sh
[1.795s] -- Installing: /home/ahmedtabl/NOVA/install/serial_motor_demo_msgs/share/serial_motor_demo_msgs/environment/library_path.dsv
[1.795s] -- Installing: /home/ahmedtabl/NOVA/install/serial_motor_demo_msgs/lib/libserial_motor_demo_msgs__rosidl_generator_c.so
[1.795s] -- Set runtime path of "/home/ahmedtabl/NOVA/install/serial_motor_demo_msgs/lib/libserial_motor_demo_msgs__rosidl_generator_c.so" to ""
[1.795s] -- Up-to-date: /home/ahmedtabl/NOVA/install/serial_motor_demo_msgs/include/serial_motor_demo_msgs/serial_motor_demo_msgs
[1.795s] -- Up-to-date: /home/ahmedtabl/NOVA/install/serial_motor_demo_msgs/include/serial_motor_demo_msgs/serial_motor_demo_msgs/msg
[1.795s] -- Up-to-date: /home/ahmedtabl/NOVA/install/serial_motor_demo_msgs/include/serial_motor_demo_msgs/serial_motor_demo_msgs/msg/detail
[1.798s] -- Installing: /home/ahmedtabl/NOVA/install/serial_motor_demo_msgs/include/serial_motor_demo_msgs/serial_motor_demo_msgs/msg/detail/motor_vels__rosidl_typesupport_fastrtps_c.h
[1.798s] -- Installing: /home/ahmedtabl/NOVA/install/serial_motor_demo_msgs/include/serial_motor_demo_msgs/serial_motor_demo_msgs/msg/detail/motor_command__rosidl_typesupport_fastrtps_c.h
[1.798s] -- Installing: /home/ahmedtabl/NOVA/install/serial_motor_demo_msgs/include/serial_motor_demo_msgs/serial_motor_demo_msgs/msg/detail/encoder_vals__rosidl_typesupport_fastrtps_c.h
[1.799s] -- Installing: /home/ahmedtabl/NOVA/install/serial_motor_demo_msgs/include/serial_motor_demo_msgs/serial_motor_demo_msgs/msg/rosidl_typesupport_fastrtps_c__visibility_control.h
[1.799s] -- Installing: /home/ahmedtabl/NOVA/install/serial_motor_demo_msgs/lib/libserial_motor_demo_msgs__rosidl_typesupport_fastrtps_c.so
[1.799s] -- Set runtime path of "/home/ahmedtabl/NOVA/install/serial_motor_demo_msgs/lib/libserial_motor_demo_msgs__rosidl_typesupport_fastrtps_c.so" to ""
[1.800s] -- Up-to-date: /home/ahmedtabl/NOVA/install/serial_motor_demo_msgs/include/serial_motor_demo_msgs/serial_motor_demo_msgs
[1.800s] -- Up-to-date: /home/ahmedtabl/NOVA/install/serial_motor_demo_msgs/include/serial_motor_demo_msgs/serial_motor_demo_msgs/msg
[1.800s] -- Up-to-date: /home/ahmedtabl/NOVA/install/serial_motor_demo_msgs/include/serial_motor_demo_msgs/serial_motor_demo_msgs/msg/detail
[1.801s] -- Installing: /home/ahmedtabl/NOVA/install/serial_motor_demo_msgs/include/serial_motor_demo_msgs/serial_motor_demo_msgs/msg/detail/motor_vels__rosidl_typesupport_introspection_c.h
[1.807s] -- Installing: /home/ahmedtabl/NOVA/install/serial_motor_demo_msgs/include/serial_motor_demo_msgs/serial_motor_demo_msgs/msg/detail/motor_command__rosidl_typesupport_introspection_c.h
[1.807s] -- Installing: /home/ahmedtabl/NOVA/install/serial_motor_demo_msgs/include/serial_motor_demo_msgs/serial_motor_demo_msgs/msg/detail/motor_command__type_support.c
[1.808s] -- Installing: /home/ahmedtabl/NOVA/install/serial_motor_demo_msgs/include/serial_motor_demo_msgs/serial_motor_demo_msgs/msg/detail/encoder_vals__type_support.c
[1.809s] -- Installing: /home/ahmedtabl/NOVA/install/serial_motor_demo_msgs/include/serial_motor_demo_msgs/serial_motor_demo_msgs/msg/detail/motor_vels__type_support.c
[1.809s] -- Installing: /home/ahmedtabl/NOVA/install/serial_motor_demo_msgs/include/serial_motor_demo_msgs/serial_motor_demo_msgs/msg/detail/encoder_vals__rosidl_typesupport_introspection_c.h
[1.812s] -- Installing: /home/ahmedtabl/NOVA/install/serial_motor_demo_msgs/include/serial_motor_demo_msgs/serial_motor_demo_msgs/msg/rosidl_typesupport_introspection_c__visibility_control.h
[1.812s] -- Installing: /home/ahmedtabl/NOVA/install/serial_motor_demo_msgs/lib/libserial_motor_demo_msgs__rosidl_typesupport_introspection_c.so
[1.813s] -- Set runtime path of "/home/ahmedtabl/NOVA/install/serial_motor_demo_msgs/lib/libserial_motor_demo_msgs__rosidl_typesupport_introspection_c.so" to ""
[1.813s] -- Installing: /home/ahmedtabl/NOVA/install/serial_motor_demo_msgs/lib/libserial_motor_demo_msgs__rosidl_typesupport_c.so
[1.813s] -- Set runtime path of "/home/ahmedtabl/NOVA/install/serial_motor_demo_msgs/lib/libserial_motor_demo_msgs__rosidl_typesupport_c.so" to ""
[1.814s] -- Up-to-date: /home/ahmedtabl/NOVA/install/serial_motor_demo_msgs/include/serial_motor_demo_msgs/serial_motor_demo_msgs
[1.814s] -- Up-to-date: /home/ahmedtabl/NOVA/install/serial_motor_demo_msgs/include/serial_motor_demo_msgs/serial_motor_demo_msgs/msg
[1.815s] -- Installing: /home/ahmedtabl/NOVA/install/serial_motor_demo_msgs/include/serial_motor_demo_msgs/serial_motor_demo_msgs/msg/rosidl_generator_cpp__visibility_control.hpp
[1.818s] -- Up-to-date: /home/ahmedtabl/NOVA/install/serial_motor_demo_msgs/include/serial_motor_demo_msgs/serial_motor_demo_msgs/msg/detail
[1.819s] -- Installing: /home/ahmedtabl/NOVA/install/serial_motor_demo_msgs/include/serial_motor_demo_msgs/serial_motor_demo_msgs/msg/detail/motor_vels__traits.hpp
[1.822s] -- Installing: /home/ahmedtabl/NOVA/install/serial_motor_demo_msgs/include/serial_motor_demo_msgs/serial_motor_demo_msgs/msg/detail/motor_vels__builder.hpp
[1.823s] -- Installing: /home/ahmedtabl/NOVA/install/serial_motor_demo_msgs/include/serial_motor_demo_msgs/serial_motor_demo_msgs/msg/detail/motor_command__traits.hpp
[1.823s] -- Installing: /home/ahmedtabl/NOVA/install/serial_motor_demo_msgs/include/serial_motor_demo_msgs/serial_motor_demo_msgs/msg/detail/encoder_vals__struct.hpp
[1.824s] -- Installing: /home/ahmedtabl/NOVA/install/serial_motor_demo_msgs/include/serial_motor_demo_msgs/serial_motor_demo_msgs/msg/detail/motor_command__type_support.hpp
[1.826s] -- Installing: /home/ahmedtabl/NOVA/install/serial_motor_demo_msgs/include/serial_motor_demo_msgs/serial_motor_demo_msgs/msg/detail/motor_vels__struct.hpp
[1.827s] -- Installing: /home/ahmedtabl/NOVA/install/serial_motor_demo_msgs/include/serial_motor_demo_msgs/serial_motor_demo_msgs/msg/detail/encoder_vals__type_support.hpp
[1.827s] -- Installing: /home/ahmedtabl/NOVA/install/serial_motor_demo_msgs/include/serial_motor_demo_msgs/serial_motor_demo_msgs/msg/detail/encoder_vals__builder.hpp
[1.827s] -- Installing: /home/ahmedtabl/NOVA/install/serial_motor_demo_msgs/include/serial_motor_demo_msgs/serial_motor_demo_msgs/msg/detail/motor_command__struct.hpp
[1.827s] -- Installing: /home/ahmedtabl/NOVA/install/serial_motor_demo_msgs/include/serial_motor_demo_msgs/serial_motor_demo_msgs/msg/detail/encoder_vals__traits.hpp
[1.828s] -- Installing: /home/ahmedtabl/NOVA/install/serial_motor_demo_msgs/include/serial_motor_demo_msgs/serial_motor_demo_msgs/msg/detail/motor_command__builder.hpp
[1.829s] -- Installing: /home/ahmedtabl/NOVA/install/serial_motor_demo_msgs/include/serial_motor_demo_msgs/serial_motor_demo_msgs/msg/detail/motor_vels__type_support.hpp
[1.829s] -- Installing: /home/ahmedtabl/NOVA/install/serial_motor_demo_msgs/include/serial_motor_demo_msgs/serial_motor_demo_msgs/msg/motor_command.hpp
[1.833s] -- Installing: /home/ahmedtabl/NOVA/install/serial_motor_demo_msgs/include/serial_motor_demo_msgs/serial_motor_demo_msgs/msg/encoder_vals.hpp
[1.833s] -- Installing: /home/ahmedtabl/NOVA/install/serial_motor_demo_msgs/include/serial_motor_demo_msgs/serial_motor_demo_msgs/msg/motor_vels.hpp
[1.837s] -- Up-to-date: /home/ahmedtabl/NOVA/install/serial_motor_demo_msgs/include/serial_motor_demo_msgs/serial_motor_demo_msgs
[1.837s] -- Up-to-date: /home/ahmedtabl/NOVA/install/serial_motor_demo_msgs/include/serial_motor_demo_msgs/serial_motor_demo_msgs/msg
[1.837s] -- Installing: /home/ahmedtabl/NOVA/install/serial_motor_demo_msgs/include/serial_motor_demo_msgs/serial_motor_demo_msgs/msg/rosidl_typesupport_fastrtps_cpp__visibility_control.h
[1.837s] -- Up-to-date: /home/ahmedtabl/NOVA/install/serial_motor_demo_msgs/include/serial_motor_demo_msgs/serial_motor_demo_msgs/msg/detail
[1.837s] -- Installing: /home/ahmedtabl/NOVA/install/serial_motor_demo_msgs/include/serial_motor_demo_msgs/serial_motor_demo_msgs/msg/detail/encoder_vals__rosidl_typesupport_fastrtps_cpp.hpp
[1.837s] -- Installing: /home/ahmedtabl/NOVA/install/serial_motor_demo_msgs/include/serial_motor_demo_msgs/serial_motor_demo_msgs/msg/detail/motor_command__rosidl_typesupport_fastrtps_cpp.hpp
[1.837s] -- Installing: /home/ahmedtabl/NOVA/install/serial_motor_demo_msgs/include/serial_motor_demo_msgs/serial_motor_demo_msgs/msg/detail/dds_fastrtps
[1.838s] -- Installing: /home/ahmedtabl/NOVA/install/serial_motor_demo_msgs/include/serial_motor_demo_msgs/serial_motor_demo_msgs/msg/detail/motor_vels__rosidl_typesupport_fastrtps_cpp.hpp
[1.838s] -- Installing: /home/ahmedtabl/NOVA/install/serial_motor_demo_msgs/lib/libserial_motor_demo_msgs__rosidl_typesupport_fastrtps_cpp.so
[1.838s] -- Set runtime path of "/home/ahmedtabl/NOVA/install/serial_motor_demo_msgs/lib/libserial_motor_demo_msgs__rosidl_typesupport_fastrtps_cpp.so" to ""
[1.838s] -- Up-to-date: /home/ahmedtabl/NOVA/install/serial_motor_demo_msgs/include/serial_motor_demo_msgs/serial_motor_demo_msgs
[1.842s] -- Up-to-date: /home/ahmedtabl/NOVA/install/serial_motor_demo_msgs/include/serial_motor_demo_msgs/serial_motor_demo_msgs/msg
[1.842s] -- Up-to-date: /home/ahmedtabl/NOVA/install/serial_motor_demo_msgs/include/serial_motor_demo_msgs/serial_motor_demo_msgs/msg/detail
[1.843s] -- Installing: /home/ahmedtabl/NOVA/install/serial_motor_demo_msgs/include/serial_motor_demo_msgs/serial_motor_demo_msgs/msg/detail/motor_command__type_support.cpp
[1.843s] -- Installing: /home/ahmedtabl/NOVA/install/serial_motor_demo_msgs/include/serial_motor_demo_msgs/serial_motor_demo_msgs/msg/detail/motor_command__rosidl_typesupport_introspection_cpp.hpp
[1.843s] -- Installing: /home/ahmedtabl/NOVA/install/serial_motor_demo_msgs/include/serial_motor_demo_msgs/serial_motor_demo_msgs/msg/detail/encoder_vals__type_support.cpp
[1.844s] -- Installing: /home/ahmedtabl/NOVA/install/serial_motor_demo_msgs/include/serial_motor_demo_msgs/serial_motor_demo_msgs/msg/detail/motor_vels__rosidl_typesupport_introspection_cpp.hpp
[1.844s] -- Installing: /home/ahmedtabl/NOVA/install/serial_motor_demo_msgs/include/serial_motor_demo_msgs/serial_motor_demo_msgs/msg/detail/encoder_vals__rosidl_typesupport_introspection_cpp.hpp
[1.844s] -- Installing: /home/ahmedtabl/NOVA/install/serial_motor_demo_msgs/include/serial_motor_demo_msgs/serial_motor_demo_msgs/msg/detail/motor_vels__type_support.cpp
[1.845s] -- Installing: /home/ahmedtabl/NOVA/install/serial_motor_demo_msgs/lib/libserial_motor_demo_msgs__rosidl_typesupport_introspection_cpp.so
[1.849s] -- Set runtime path of "/home/ahmedtabl/NOVA/install/serial_motor_demo_msgs/lib/libserial_motor_demo_msgs__rosidl_typesupport_introspection_cpp.so" to ""
[1.850s] -- Installing: /home/ahmedtabl/NOVA/install/serial_motor_demo_msgs/lib/libserial_motor_demo_msgs__rosidl_typesupport_cpp.so
[1.854s] -- Set runtime path of "/home/ahmedtabl/NOVA/install/serial_motor_demo_msgs/lib/libserial_motor_demo_msgs__rosidl_typesupport_cpp.so" to ""
[1.855s] -- Installing: /home/ahmedtabl/NOVA/install/serial_motor_demo_msgs/share/serial_motor_demo_msgs/environment/pythonpath.sh
[1.855s] -- Installing: /home/ahmedtabl/NOVA/install/serial_motor_demo_msgs/share/serial_motor_demo_msgs/environment/pythonpath.dsv
[1.856s] -- Installing: /home/ahmedtabl/NOVA/install/serial_motor_demo_msgs/local/lib/python3.10/dist-packages/serial_motor_demo_msgs-0.0.0-py3.10.egg-info
[1.856s] -- Installing: /home/ahmedtabl/NOVA/install/serial_motor_demo_msgs/local/lib/python3.10/dist-packages/serial_motor_demo_msgs-0.0.0-py3.10.egg-info/PKG-INFO
[1.856s] -- Installing: /home/ahmedtabl/NOVA/install/serial_motor_demo_msgs/local/lib/python3.10/dist-packages/serial_motor_demo_msgs-0.0.0-py3.10.egg-info/top_level.txt
[1.860s] -- Installing: /home/ahmedtabl/NOVA/install/serial_motor_demo_msgs/local/lib/python3.10/dist-packages/serial_motor_demo_msgs-0.0.0-py3.10.egg-info/dependency_links.txt
[1.860s] -- Installing: /home/ahmedtabl/NOVA/install/serial_motor_demo_msgs/local/lib/python3.10/dist-packages/serial_motor_demo_msgs-0.0.0-py3.10.egg-info/SOURCES.txt
[1.860s] -- Installing: /home/ahmedtabl/NOVA/install/serial_motor_demo_msgs/local/lib/python3.10/dist-packages/serial_motor_demo_msgs
[1.861s] -- Installing: /home/ahmedtabl/NOVA/install/serial_motor_demo_msgs/local/lib/python3.10/dist-packages/serial_motor_demo_msgs/serial_motor_demo_msgs_s__rosidl_typesupport_c.cpython-310-x86_64-linux-gnu.so
[1.861s] -- Installing: /home/ahmedtabl/NOVA/install/serial_motor_demo_msgs/local/lib/python3.10/dist-packages/serial_motor_demo_msgs/_serial_motor_demo_msgs_s.ep.rosidl_typesupport_fastrtps_c.c
[1.861s] -- Installing: /home/ahmedtabl/NOVA/install/serial_motor_demo_msgs/local/lib/python3.10/dist-packages/serial_motor_demo_msgs/__init__.py
[1.862s] -- Installing: /home/ahmedtabl/NOVA/install/serial_motor_demo_msgs/local/lib/python3.10/dist-packages/serial_motor_demo_msgs/serial_motor_demo_msgs_s__rosidl_typesupport_introspection_c.cpython-310-x86_64-linux-gnu.so
[1.862s] -- Installing: /home/ahmedtabl/NOVA/install/serial_motor_demo_msgs/local/lib/python3.10/dist-packages/serial_motor_demo_msgs/libserial_motor_demo_msgs__rosidl_generator_py.so
[1.865s] -- Installing: /home/ahmedtabl/NOVA/install/serial_motor_demo_msgs/local/lib/python3.10/dist-packages/serial_motor_demo_msgs/_serial_motor_demo_msgs_s.ep.rosidl_typesupport_c.c
[1.865s] -- Installing: /home/ahmedtabl/NOVA/install/serial_motor_demo_msgs/local/lib/python3.10/dist-packages/serial_motor_demo_msgs/msg
[1.866s] -- Installing: /home/ahmedtabl/NOVA/install/serial_motor_demo_msgs/local/lib/python3.10/dist-packages/serial_motor_demo_msgs/msg/__init__.py
[1.868s] -- Installing: /home/ahmedtabl/NOVA/install/serial_motor_demo_msgs/local/lib/python3.10/dist-packages/serial_motor_demo_msgs/msg/_encoder_vals_s.c
[1.868s] -- Installing: /home/ahmedtabl/NOVA/install/serial_motor_demo_msgs/local/lib/python3.10/dist-packages/serial_motor_demo_msgs/msg/_motor_vels.py
[1.868s] -- Installing: /home/ahmedtabl/NOVA/install/serial_motor_demo_msgs/local/lib/python3.10/dist-packages/serial_motor_demo_msgs/msg/_motor_vels_s.c
[1.869s] -- Installing: /home/ahmedtabl/NOVA/install/serial_motor_demo_msgs/local/lib/python3.10/dist-packages/serial_motor_demo_msgs/msg/_encoder_vals.py
[1.869s] -- Installing: /home/ahmedtabl/NOVA/install/serial_motor_demo_msgs/local/lib/python3.10/dist-packages/serial_motor_demo_msgs/msg/_motor_command_s.c
[1.869s] -- Installing: /home/ahmedtabl/NOVA/install/serial_motor_demo_msgs/local/lib/python3.10/dist-packages/serial_motor_demo_msgs/msg/_motor_command.py
[1.872s] -- Installing: /home/ahmedtabl/NOVA/install/serial_motor_demo_msgs/local/lib/python3.10/dist-packages/serial_motor_demo_msgs/_serial_motor_demo_msgs_s.ep.rosidl_typesupport_introspection_c.c
[1.872s] -- Installing: /home/ahmedtabl/NOVA/install/serial_motor_demo_msgs/local/lib/python3.10/dist-packages/serial_motor_demo_msgs/serial_motor_demo_msgs_s__rosidl_typesupport_fastrtps_c.cpython-310-x86_64-linux-gnu.so
[2.016s] Listing '/home/ahmedtabl/NOVA/install/serial_motor_demo_msgs/local/lib/python3.10/dist-packages/serial_motor_demo_msgs'...
[2.016s] Compiling '/home/ahmedtabl/NOVA/install/serial_motor_demo_msgs/local/lib/python3.10/dist-packages/serial_motor_demo_msgs/__init__.py'...
[2.016s] Listing '/home/ahmedtabl/NOVA/install/serial_motor_demo_msgs/local/lib/python3.10/dist-packages/serial_motor_demo_msgs/msg'...
[2.016s] Compiling '/home/ahmedtabl/NOVA/install/serial_motor_demo_msgs/local/lib/python3.10/dist-packages/serial_motor_demo_msgs/msg/__init__.py'...
[2.016s] Compiling '/home/ahmedtabl/NOVA/install/serial_motor_demo_msgs/local/lib/python3.10/dist-packages/serial_motor_demo_msgs/msg/_encoder_vals.py'...
[2.017s] Compiling '/home/ahmedtabl/NOVA/install/serial_motor_demo_msgs/local/lib/python3.10/dist-packages/serial_motor_demo_msgs/msg/_motor_command.py'...
[2.017s] Compiling '/home/ahmedtabl/NOVA/install/serial_motor_demo_msgs/local/lib/python3.10/dist-packages/serial_motor_demo_msgs/msg/_motor_vels.py'...
[2.051s] -- Installing: /home/ahmedtabl/NOVA/install/serial_motor_demo_msgs/local/lib/python3.10/dist-packages/serial_motor_demo_msgs/serial_motor_demo_msgs_s__rosidl_typesupport_fastrtps_c.cpython-310-x86_64-linux-gnu.so
[2.055s] -- Set runtime path of "/home/ahmedtabl/NOVA/install/serial_motor_demo_msgs/local/lib/python3.10/dist-packages/serial_motor_demo_msgs/serial_motor_demo_msgs_s__rosidl_typesupport_fastrtps_c.cpython-310-x86_64-linux-gnu.so" to ""
[2.056s] -- Installing: /home/ahmedtabl/NOVA/install/serial_motor_demo_msgs/local/lib/python3.10/dist-packages/serial_motor_demo_msgs/serial_motor_demo_msgs_s__rosidl_typesupport_introspection_c.cpython-310-x86_64-linux-gnu.so
[2.060s] -- Set runtime path of "/home/ahmedtabl/NOVA/install/serial_motor_demo_msgs/local/lib/python3.10/dist-packages/serial_motor_demo_msgs/serial_motor_demo_msgs_s__rosidl_typesupport_introspection_c.cpython-310-x86_64-linux-gnu.so" to ""
[2.060s] -- Installing: /home/ahmedtabl/NOVA/install/serial_motor_demo_msgs/local/lib/python3.10/dist-packages/serial_motor_demo_msgs/serial_motor_demo_msgs_s__rosidl_typesupport_c.cpython-310-x86_64-linux-gnu.so
[2.060s] -- Set runtime path of "/home/ahmedtabl/NOVA/install/serial_motor_demo_msgs/local/lib/python3.10/dist-packages/serial_motor_demo_msgs/serial_motor_demo_msgs_s__rosidl_typesupport_c.cpython-310-x86_64-linux-gnu.so" to ""
[2.060s] -- Installing: /home/ahmedtabl/NOVA/install/serial_motor_demo_msgs/lib/libserial_motor_demo_msgs__rosidl_generator_py.so
[2.060s] -- Set runtime path of "/home/ahmedtabl/NOVA/install/serial_motor_demo_msgs/lib/libserial_motor_demo_msgs__rosidl_generator_py.so" to ""
[2.065s] -- Installing: /home/ahmedtabl/NOVA/install/serial_motor_demo_msgs/share/serial_motor_demo_msgs/msg/MotorCommand.idl
[2.067s] -- Installing: /home/ahmedtabl/NOVA/install/serial_motor_demo_msgs/share/serial_motor_demo_msgs/msg/MotorVels.idl
[2.068s] -- Installing: /home/ahmedtabl/NOVA/install/serial_motor_demo_msgs/share/serial_motor_demo_msgs/msg/EncoderVals.idl
[2.073s] -- Installing: /home/ahmedtabl/NOVA/install/serial_motor_demo_msgs/share/serial_motor_demo_msgs/msg/MotorCommand.msg
[2.074s] -- Installing: /home/ahmedtabl/NOVA/install/serial_motor_demo_msgs/share/serial_motor_demo_msgs/msg/MotorVels.msg
[2.075s] -- Installing: /home/ahmedtabl/NOVA/install/serial_motor_demo_msgs/share/serial_motor_demo_msgs/msg/EncoderVals.msg
[2.078s] -- Installing: /home/ahmedtabl/NOVA/install/serial_motor_demo_msgs/share/ament_index/resource_index/package_run_dependencies/serial_motor_demo_msgs
[2.079s] -- Installing: /home/ahmedtabl/NOVA/install/serial_motor_demo_msgs/share/ament_index/resource_index/parent_prefix_path/serial_motor_demo_msgs
[2.084s] -- Installing: /home/ahmedtabl/NOVA/install/serial_motor_demo_msgs/share/serial_motor_demo_msgs/environment/ament_prefix_path.sh
[2.084s] -- Installing: /home/ahmedtabl/NOVA/install/serial_motor_demo_msgs/share/serial_motor_demo_msgs/environment/ament_prefix_path.dsv
[2.085s] -- Installing: /home/ahmedtabl/NOVA/install/serial_motor_demo_msgs/share/serial_motor_demo_msgs/environment/path.sh
[2.087s] -- Installing: /home/ahmedtabl/NOVA/install/serial_motor_demo_msgs/share/serial_motor_demo_msgs/environment/path.dsv
[2.088s] -- Installing: /home/ahmedtabl/NOVA/install/serial_motor_demo_msgs/share/serial_motor_demo_msgs/local_setup.bash
[2.088s] -- Installing: /home/ahmedtabl/NOVA/install/serial_motor_demo_msgs/share/serial_motor_demo_msgs/local_setup.sh
[2.088s] -- Installing: /home/ahmedtabl/NOVA/install/serial_motor_demo_msgs/share/serial_motor_demo_msgs/local_setup.zsh
[2.088s] -- Installing: /home/ahmedtabl/NOVA/install/serial_motor_demo_msgs/share/serial_motor_demo_msgs/local_setup.dsv
[2.091s] -- Installing: /home/ahmedtabl/NOVA/install/serial_motor_demo_msgs/share/serial_motor_demo_msgs/package.dsv
[2.091s] -- Installing: /home/ahmedtabl/NOVA/install/serial_motor_demo_msgs/share/ament_index/resource_index/packages/serial_motor_demo_msgs
[2.092s] -- Installing: /home/ahmedtabl/NOVA/install/serial_motor_demo_msgs/share/serial_motor_demo_msgs/cmake/export_serial_motor_demo_msgs__rosidl_generator_cExport.cmake
[2.094s] -- Installing: /home/ahmedtabl/NOVA/install/serial_motor_demo_msgs/share/serial_motor_demo_msgs/cmake/export_serial_motor_demo_msgs__rosidl_generator_cExport-noconfig.cmake
[2.095s] -- Installing: /home/ahmedtabl/NOVA/install/serial_motor_demo_msgs/share/serial_motor_demo_msgs/cmake/export_serial_motor_demo_msgs__rosidl_typesupport_fastrtps_cExport.cmake
[2.099s] -- Installing: /home/ahmedtabl/NOVA/install/serial_motor_demo_msgs/share/serial_motor_demo_msgs/cmake/export_serial_motor_demo_msgs__rosidl_typesupport_fastrtps_cExport-noconfig.cmake
[2.100s] -- Installing: /home/ahmedtabl/NOVA/install/serial_motor_demo_msgs/share/serial_motor_demo_msgs/cmake/serial_motor_demo_msgs__rosidl_typesupport_introspection_cExport.cmake
[2.100s] -- Installing: /home/ahmedtabl/NOVA/install/serial_motor_demo_msgs/share/serial_motor_demo_msgs/cmake/serial_motor_demo_msgs__rosidl_typesupport_introspection_cExport-noconfig.cmake
[2.100s] -- Installing: /home/ahmedtabl/NOVA/install/serial_motor_demo_msgs/share/serial_motor_demo_msgs/cmake/serial_motor_demo_msgs__rosidl_typesupport_cExport.cmake
[2.101s] -- Installing: /home/ahmedtabl/NOVA/install/serial_motor_demo_msgs/share/serial_motor_demo_msgs/cmake/serial_motor_demo_msgs__rosidl_typesupport_cExport-noconfig.cmake
[2.101s] -- Installing: /home/ahmedtabl/NOVA/install/serial_motor_demo_msgs/share/serial_motor_demo_msgs/cmake/export_serial_motor_demo_msgs__rosidl_generator_cppExport.cmake
[2.101s] -- Installing: /home/ahmedtabl/NOVA/install/serial_motor_demo_msgs/share/serial_motor_demo_msgs/cmake/export_serial_motor_demo_msgs__rosidl_typesupport_fastrtps_cppExport.cmake
[2.101s] -- Installing: /home/ahmedtabl/NOVA/install/serial_motor_demo_msgs/share/serial_motor_demo_msgs/cmake/export_serial_motor_demo_msgs__rosidl_typesupport_fastrtps_cppExport-noconfig.cmake
[2.101s] -- Installing: /home/ahmedtabl/NOVA/install/serial_motor_demo_msgs/share/serial_motor_demo_msgs/cmake/serial_motor_demo_msgs__rosidl_typesupport_introspection_cppExport.cmake
[2.102s] -- Installing: /home/ahmedtabl/NOVA/install/serial_motor_demo_msgs/share/serial_motor_demo_msgs/cmake/serial_motor_demo_msgs__rosidl_typesupport_introspection_cppExport-noconfig.cmake
[2.102s] -- Installing: /home/ahmedtabl/NOVA/install/serial_motor_demo_msgs/share/serial_motor_demo_msgs/cmake/serial_motor_demo_msgs__rosidl_typesupport_cppExport.cmake
[2.103s] -- Installing: /home/ahmedtabl/NOVA/install/serial_motor_demo_msgs/share/serial_motor_demo_msgs/cmake/serial_motor_demo_msgs__rosidl_typesupport_cppExport-noconfig.cmake
[2.103s] -- Installing: /home/ahmedtabl/NOVA/install/serial_motor_demo_msgs/share/serial_motor_demo_msgs/cmake/export_serial_motor_demo_msgs__rosidl_generator_pyExport.cmake
[2.104s] -- Installing: /home/ahmedtabl/NOVA/install/serial_motor_demo_msgs/share/serial_motor_demo_msgs/cmake/export_serial_motor_demo_msgs__rosidl_generator_pyExport-noconfig.cmake
[2.104s] -- Installing: /home/ahmedtabl/NOVA/install/serial_motor_demo_msgs/share/serial_motor_demo_msgs/cmake/rosidl_cmake-extras.cmake
[2.104s] -- Installing: /home/ahmedtabl/NOVA/install/serial_motor_demo_msgs/share/serial_motor_demo_msgs/cmake/ament_cmake_export_include_directories-extras.cmake
[2.104s] -- Installing: /home/ahmedtabl/NOVA/install/serial_motor_demo_msgs/share/serial_motor_demo_msgs/cmake/ament_cmake_export_libraries-extras.cmake
[2.104s] -- Installing: /home/ahmedtabl/NOVA/install/serial_motor_demo_msgs/share/serial_motor_demo_msgs/cmake/ament_cmake_export_targets-extras.cmake
[2.104s] -- Installing: /home/ahmedtabl/NOVA/install/serial_motor_demo_msgs/share/serial_motor_demo_msgs/cmake/rosidl_cmake_export_typesupport_targets-extras.cmake
[2.106s] -- Installing: /home/ahmedtabl/NOVA/install/serial_motor_demo_msgs/share/serial_motor_demo_msgs/cmake/ament_cmake_export_dependencies-extras.cmake
[2.107s] -- Installing: /home/ahmedtabl/NOVA/install/serial_motor_demo_msgs/share/serial_motor_demo_msgs/cmake/rosidl_cmake_export_typesupport_libraries-extras.cmake
[2.107s] -- Installing: /home/ahmedtabl/NOVA/install/serial_motor_demo_msgs/share/serial_motor_demo_msgs/cmake/serial_motor_demo_msgsConfig.cmake
[2.109s] -- Installing: /home/ahmedtabl/NOVA/install/serial_motor_demo_msgs/share/serial_motor_demo_msgs/cmake/serial_motor_demo_msgsConfig-version.cmake
[2.111s] -- Installing: /home/ahmedtabl/NOVA/install/serial_motor_demo_msgs/share/serial_motor_demo_msgs/package.xml
[2.144s] Invoked command in '/home/ahmedtabl/NOVA/build/serial_motor_demo_msgs' returned '0': CMAKE_PREFIX_PATH=/opt/ros/humble /usr/bin/cmake --install /home/ahmedtabl/NOVA/build/serial_motor_demo_msgs
