[0.335s] DEBUG:colcon:Command line arguments: ['/usr/bin/colcon', 'build']
[0.335s] DEBUG:colcon:Parsed command line arguments: Namespace(log_base=None, log_level=None, verb_name='build', build_base='build', install_base='install', merge_install=False, symlink_install=False, test_result_base=None, continue_on_error=False, executor='parallel', parallel_workers=4, event_handlers=None, ignore_user_meta=False, metas=['./colcon.meta'], base_paths=['.'], packages_ignore=None, packages_ignore_regex=None, paths=None, packages_up_to=None, packages_up_to_regex=None, packages_above=None, packages_above_and_dependencies=None, packages_above_depth=None, packages_select_by_dep=None, packages_skip_by_dep=None, packages_skip_up_to=None, packages_select_build_failed=False, packages_skip_build_finished=False, packages_select_test_failures=False, packages_skip_test_passed=False, packages_select=None, packages_skip=None, packages_select_regex=None, packages_skip_regex=None, packages_start=None, packages_end=None, allow_overriding=[], cmake_args=None, cmake_target=None, cmake_target_skip_unavailable=False, cmake_clean_cache=False, cmake_clean_first=False, cmake_force_configure=False, ament_cmake_args=None, catkin_cmake_args=None, catkin_skip_building_tests=False, verb_parser=<colcon_defaults.argument_parser.defaults.DefaultArgumentsDecorator object at 0x7b475ac6c070>, verb_extension=<colcon_core.verb.build.BuildVerb object at 0x7b475ac2faf0>, main=<bound method BuildVerb.main of <colcon_core.verb.build.BuildVerb object at 0x7b475ac2faf0>>)
[0.847s] Level 1:colcon.colcon_core.package_discovery:discover_packages(colcon_meta) check parameters
[0.848s] Level 1:colcon.colcon_core.package_discovery:discover_packages(recursive) check parameters
[0.848s] Level 1:colcon.colcon_core.package_discovery:discover_packages(ignore) check parameters
[0.848s] Level 1:colcon.colcon_core.package_discovery:discover_packages(path) check parameters
[0.848s] Level 1:colcon.colcon_core.package_discovery:discover_packages(colcon_meta) discover
[0.849s] Level 1:colcon.colcon_core.package_discovery:discover_packages(recursive) discover
[0.849s] INFO:colcon.colcon_core.package_discovery:Crawling recursively for packages in '/home/ahmedtabl/NOVA'
[0.850s] Level 1:colcon.colcon_core.package_identification:_identify(.) by extensions ['ignore', 'ignore_ament_install']
[0.850s] Level 1:colcon.colcon_core.package_identification:_identify(.) by extension 'ignore'
[0.850s] Level 1:colcon.colcon_core.package_identification:_identify(.) by extension 'ignore_ament_install'
[0.850s] Level 1:colcon.colcon_core.package_identification:_identify(.) by extensions ['colcon_pkg']
[0.851s] Level 1:colcon.colcon_core.package_identification:_identify(.) by extension 'colcon_pkg'
[0.851s] Level 1:colcon.colcon_core.package_identification:_identify(.) by extensions ['colcon_meta']
[0.851s] Level 1:colcon.colcon_core.package_identification:_identify(.) by extension 'colcon_meta'
[0.851s] Level 1:colcon.colcon_core.package_identification:_identify(.) by extensions ['ros']
[0.851s] Level 1:colcon.colcon_core.package_identification:_identify(.) by extension 'ros'
[0.882s] Level 1:colcon.colcon_core.package_identification:_identify(.) by extensions ['cmake', 'python']
[0.882s] Level 1:colcon.colcon_core.package_identification:_identify(.) by extension 'cmake'
[0.882s] Level 1:colcon.colcon_core.package_identification:_identify(.) by extension 'python'
[0.882s] Level 1:colcon.colcon_core.package_identification:_identify(.) by extensions ['python_setup_py']
[0.882s] Level 1:colcon.colcon_core.package_identification:_identify(.) by extension 'python_setup_py'
[0.882s] Level 1:colcon.colcon_core.package_identification:_identify(build) by extensions ['ignore', 'ignore_ament_install']
[0.883s] Level 1:colcon.colcon_core.package_identification:_identify(build) by extension 'ignore'
[0.883s] Level 1:colcon.colcon_core.package_identification:_identify(build) ignored
[0.883s] Level 1:colcon.colcon_core.package_identification:_identify(install) by extensions ['ignore', 'ignore_ament_install']
[0.883s] Level 1:colcon.colcon_core.package_identification:_identify(install) by extension 'ignore'
[0.884s] Level 1:colcon.colcon_core.package_identification:_identify(install) ignored
[0.884s] Level 1:colcon.colcon_core.package_identification:_identify(log) by extensions ['ignore', 'ignore_ament_install']
[0.884s] Level 1:colcon.colcon_core.package_identification:_identify(log) by extension 'ignore'
[0.884s] Level 1:colcon.colcon_core.package_identification:_identify(log) ignored
[0.884s] Level 1:colcon.colcon_core.package_identification:_identify(src) by extensions ['ignore', 'ignore_ament_install']
[0.885s] Level 1:colcon.colcon_core.package_identification:_identify(src) by extension 'ignore'
[0.885s] Level 1:colcon.colcon_core.package_identification:_identify(src) by extension 'ignore_ament_install'
[0.885s] Level 1:colcon.colcon_core.package_identification:_identify(src) by extensions ['colcon_pkg']
[0.885s] Level 1:colcon.colcon_core.package_identification:_identify(src) by extension 'colcon_pkg'
[0.885s] Level 1:colcon.colcon_core.package_identification:_identify(src) by extensions ['colcon_meta']
[0.885s] Level 1:colcon.colcon_core.package_identification:_identify(src) by extension 'colcon_meta'
[0.885s] Level 1:colcon.colcon_core.package_identification:_identify(src) by extensions ['ros']
[0.885s] Level 1:colcon.colcon_core.package_identification:_identify(src) by extension 'ros'
[0.886s] Level 1:colcon.colcon_core.package_identification:_identify(src) by extensions ['cmake', 'python']
[0.886s] Level 1:colcon.colcon_core.package_identification:_identify(src) by extension 'cmake'
[0.886s] Level 1:colcon.colcon_core.package_identification:_identify(src) by extension 'python'
[0.886s] Level 1:colcon.colcon_core.package_identification:_identify(src) by extensions ['python_setup_py']
[0.886s] Level 1:colcon.colcon_core.package_identification:_identify(src) by extension 'python_setup_py'
[0.886s] Level 1:colcon.colcon_core.package_identification:_identify(src/controller) by extensions ['ignore', 'ignore_ament_install']
[0.886s] Level 1:colcon.colcon_core.package_identification:_identify(src/controller) by extension 'ignore'
[0.887s] Level 1:colcon.colcon_core.package_identification:_identify(src/controller) by extension 'ignore_ament_install'
[0.887s] Level 1:colcon.colcon_core.package_identification:_identify(src/controller) by extensions ['colcon_pkg']
[0.887s] Level 1:colcon.colcon_core.package_identification:_identify(src/controller) by extension 'colcon_pkg'
[0.887s] Level 1:colcon.colcon_core.package_identification:_identify(src/controller) by extensions ['colcon_meta']
[0.887s] Level 1:colcon.colcon_core.package_identification:_identify(src/controller) by extension 'colcon_meta'
[0.887s] Level 1:colcon.colcon_core.package_identification:_identify(src/controller) by extensions ['ros']
[0.887s] Level 1:colcon.colcon_core.package_identification:_identify(src/controller) by extension 'ros'
[0.895s] DEBUG:colcon.colcon_core.package_identification:Package 'src/controller' with type 'ros.ament_python' and name 'controller'
[0.895s] Level 1:colcon.colcon_core.package_identification:_identify(src/nova_bringup) by extensions ['ignore', 'ignore_ament_install']
[0.895s] Level 1:colcon.colcon_core.package_identification:_identify(src/nova_bringup) by extension 'ignore'
[0.896s] Level 1:colcon.colcon_core.package_identification:_identify(src/nova_bringup) by extension 'ignore_ament_install'
[0.896s] Level 1:colcon.colcon_core.package_identification:_identify(src/nova_bringup) by extensions ['colcon_pkg']
[0.896s] Level 1:colcon.colcon_core.package_identification:_identify(src/nova_bringup) by extension 'colcon_pkg'
[0.896s] Level 1:colcon.colcon_core.package_identification:_identify(src/nova_bringup) by extensions ['colcon_meta']
[0.896s] Level 1:colcon.colcon_core.package_identification:_identify(src/nova_bringup) by extension 'colcon_meta'
[0.896s] Level 1:colcon.colcon_core.package_identification:_identify(src/nova_bringup) by extensions ['ros']
[0.896s] Level 1:colcon.colcon_core.package_identification:_identify(src/nova_bringup) by extension 'ros'
[0.898s] DEBUG:colcon.colcon_core.package_identification:Package 'src/nova_bringup' with type 'ros.ament_cmake' and name 'nova_bringup'
[0.898s] Level 1:colcon.colcon_core.package_identification:_identify(src/nova_description) by extensions ['ignore', 'ignore_ament_install']
[0.898s] Level 1:colcon.colcon_core.package_identification:_identify(src/nova_description) by extension 'ignore'
[0.898s] Level 1:colcon.colcon_core.package_identification:_identify(src/nova_description) by extension 'ignore_ament_install'
[0.898s] Level 1:colcon.colcon_core.package_identification:_identify(src/nova_description) by extensions ['colcon_pkg']
[0.898s] Level 1:colcon.colcon_core.package_identification:_identify(src/nova_description) by extension 'colcon_pkg'
[0.899s] Level 1:colcon.colcon_core.package_identification:_identify(src/nova_description) by extensions ['colcon_meta']
[0.899s] Level 1:colcon.colcon_core.package_identification:_identify(src/nova_description) by extension 'colcon_meta'
[0.899s] Level 1:colcon.colcon_core.package_identification:_identify(src/nova_description) by extensions ['ros']
[0.899s] Level 1:colcon.colcon_core.package_identification:_identify(src/nova_description) by extension 'ros'
[0.900s] DEBUG:colcon.colcon_core.package_identification:Package 'src/nova_description' with type 'ros.ament_cmake' and name 'nova_description'
[0.901s] Level 1:colcon.colcon_core.package_identification:_identify(src/nova_gazebo) by extensions ['ignore', 'ignore_ament_install']
[0.901s] Level 1:colcon.colcon_core.package_identification:_identify(src/nova_gazebo) by extension 'ignore'
[0.901s] Level 1:colcon.colcon_core.package_identification:_identify(src/nova_gazebo) by extension 'ignore_ament_install'
[0.901s] Level 1:colcon.colcon_core.package_identification:_identify(src/nova_gazebo) by extensions ['colcon_pkg']
[0.902s] Level 1:colcon.colcon_core.package_identification:_identify(src/nova_gazebo) by extension 'colcon_pkg'
[0.902s] Level 1:colcon.colcon_core.package_identification:_identify(src/nova_gazebo) by extensions ['colcon_meta']
[0.902s] Level 1:colcon.colcon_core.package_identification:_identify(src/nova_gazebo) by extension 'colcon_meta'
[0.902s] Level 1:colcon.colcon_core.package_identification:_identify(src/nova_gazebo) by extensions ['ros']
[0.902s] Level 1:colcon.colcon_core.package_identification:_identify(src/nova_gazebo) by extension 'ros'
[0.904s] DEBUG:colcon.colcon_core.package_identification:Package 'src/nova_gazebo' with type 'ros.ament_cmake' and name 'nova_gazebo'
[0.904s] Level 1:colcon.colcon_core.package_identification:_identify(src/serial_motor_demo) by extensions ['ignore', 'ignore_ament_install']
[0.905s] Level 1:colcon.colcon_core.package_identification:_identify(src/serial_motor_demo) by extension 'ignore'
[0.905s] Level 1:colcon.colcon_core.package_identification:_identify(src/serial_motor_demo) by extension 'ignore_ament_install'
[0.905s] Level 1:colcon.colcon_core.package_identification:_identify(src/serial_motor_demo) by extensions ['colcon_pkg']
[0.905s] Level 1:colcon.colcon_core.package_identification:_identify(src/serial_motor_demo) by extension 'colcon_pkg'
[0.905s] Level 1:colcon.colcon_core.package_identification:_identify(src/serial_motor_demo) by extensions ['colcon_meta']
[0.906s] Level 1:colcon.colcon_core.package_identification:_identify(src/serial_motor_demo) by extension 'colcon_meta'
[0.906s] Level 1:colcon.colcon_core.package_identification:_identify(src/serial_motor_demo) by extensions ['ros']
[0.906s] Level 1:colcon.colcon_core.package_identification:_identify(src/serial_motor_demo) by extension 'ros'
[0.906s] Level 1:colcon.colcon_core.package_identification:_identify(src/serial_motor_demo) by extensions ['cmake', 'python']
[0.906s] Level 1:colcon.colcon_core.package_identification:_identify(src/serial_motor_demo) by extension 'cmake'
[0.907s] Level 1:colcon.colcon_core.package_identification:_identify(src/serial_motor_demo) by extension 'python'
[0.907s] Level 1:colcon.colcon_core.package_identification:_identify(src/serial_motor_demo) by extensions ['python_setup_py']
[0.907s] Level 1:colcon.colcon_core.package_identification:_identify(src/serial_motor_demo) by extension 'python_setup_py'
[0.908s] Level 1:colcon.colcon_core.package_identification:_identify(src/serial_motor_demo/serial_motor_demo) by extensions ['ignore', 'ignore_ament_install']
[0.908s] Level 1:colcon.colcon_core.package_identification:_identify(src/serial_motor_demo/serial_motor_demo) by extension 'ignore'
[0.908s] Level 1:colcon.colcon_core.package_identification:_identify(src/serial_motor_demo/serial_motor_demo) by extension 'ignore_ament_install'
[0.908s] Level 1:colcon.colcon_core.package_identification:_identify(src/serial_motor_demo/serial_motor_demo) by extensions ['colcon_pkg']
[0.908s] Level 1:colcon.colcon_core.package_identification:_identify(src/serial_motor_demo/serial_motor_demo) by extension 'colcon_pkg'
[0.909s] Level 1:colcon.colcon_core.package_identification:_identify(src/serial_motor_demo/serial_motor_demo) by extensions ['colcon_meta']
[0.909s] Level 1:colcon.colcon_core.package_identification:_identify(src/serial_motor_demo/serial_motor_demo) by extension 'colcon_meta'
[0.909s] Level 1:colcon.colcon_core.package_identification:_identify(src/serial_motor_demo/serial_motor_demo) by extensions ['ros']
[0.909s] Level 1:colcon.colcon_core.package_identification:_identify(src/serial_motor_demo/serial_motor_demo) by extension 'ros'
[0.911s] DEBUG:colcon.colcon_core.package_identification:Package 'src/serial_motor_demo/serial_motor_demo' with type 'ros.ament_python' and name 'serial_motor_demo'
[0.911s] Level 1:colcon.colcon_core.package_identification:_identify(src/serial_motor_demo/serial_motor_demo_msgs) by extensions ['ignore', 'ignore_ament_install']
[0.911s] Level 1:colcon.colcon_core.package_identification:_identify(src/serial_motor_demo/serial_motor_demo_msgs) by extension 'ignore'
[0.911s] Level 1:colcon.colcon_core.package_identification:_identify(src/serial_motor_demo/serial_motor_demo_msgs) by extension 'ignore_ament_install'
[0.912s] Level 1:colcon.colcon_core.package_identification:_identify(src/serial_motor_demo/serial_motor_demo_msgs) by extensions ['colcon_pkg']
[0.912s] Level 1:colcon.colcon_core.package_identification:_identify(src/serial_motor_demo/serial_motor_demo_msgs) by extension 'colcon_pkg'
[0.912s] Level 1:colcon.colcon_core.package_identification:_identify(src/serial_motor_demo/serial_motor_demo_msgs) by extensions ['colcon_meta']
[0.912s] Level 1:colcon.colcon_core.package_identification:_identify(src/serial_motor_demo/serial_motor_demo_msgs) by extension 'colcon_meta'
[0.912s] Level 1:colcon.colcon_core.package_identification:_identify(src/serial_motor_demo/serial_motor_demo_msgs) by extensions ['ros']
[0.912s] Level 1:colcon.colcon_core.package_identification:_identify(src/serial_motor_demo/serial_motor_demo_msgs) by extension 'ros'
[0.913s] DEBUG:colcon.colcon_core.package_identification:Package 'src/serial_motor_demo/serial_motor_demo_msgs' with type 'ros.ament_cmake' and name 'serial_motor_demo_msgs'
[0.913s] Level 1:colcon.colcon_core.package_discovery:discover_packages(recursive) using defaults
[0.913s] Level 1:colcon.colcon_core.package_discovery:discover_packages(ignore) discover
[0.914s] Level 1:colcon.colcon_core.package_discovery:discover_packages(ignore) using defaults
[0.914s] Level 1:colcon.colcon_core.package_discovery:discover_packages(path) discover
[0.914s] Level 1:colcon.colcon_core.package_discovery:discover_packages(path) using defaults
[0.994s] Level 1:colcon.colcon_core.package_discovery:discover_packages(prefix_path) check parameters
[0.994s] Level 1:colcon.colcon_core.package_discovery:discover_packages(prefix_path) discover
[1.004s] DEBUG:colcon.colcon_installed_package_information.package_discovery:Found 429 installed packages in /opt/ros/humble
[1.011s] Level 1:colcon.colcon_core.package_discovery:discover_packages(prefix_path) using defaults
[1.157s] Level 5:colcon.colcon_core.verb:set package 'controller' build argument 'cmake_args' from command line to 'None'
[1.157s] Level 5:colcon.colcon_core.verb:set package 'controller' build argument 'cmake_target' from command line to 'None'
[1.157s] Level 5:colcon.colcon_core.verb:set package 'controller' build argument 'cmake_target_skip_unavailable' from command line to 'False'
[1.157s] Level 5:colcon.colcon_core.verb:set package 'controller' build argument 'cmake_clean_cache' from command line to 'False'
[1.158s] Level 5:colcon.colcon_core.verb:set package 'controller' build argument 'cmake_clean_first' from command line to 'False'
[1.158s] Level 5:colcon.colcon_core.verb:set package 'controller' build argument 'cmake_force_configure' from command line to 'False'
[1.158s] Level 5:colcon.colcon_core.verb:set package 'controller' build argument 'ament_cmake_args' from command line to 'None'
[1.158s] Level 5:colcon.colcon_core.verb:set package 'controller' build argument 'catkin_cmake_args' from command line to 'None'
[1.158s] Level 5:colcon.colcon_core.verb:set package 'controller' build argument 'catkin_skip_building_tests' from command line to 'False'
[1.158s] DEBUG:colcon.colcon_core.verb:Building package 'controller' with the following arguments: {'ament_cmake_args': None, 'build_base': '/home/ahmedtabl/NOVA/build/controller', 'catkin_cmake_args': None, 'catkin_skip_building_tests': False, 'cmake_args': None, 'cmake_clean_cache': False, 'cmake_clean_first': False, 'cmake_force_configure': False, 'cmake_target': None, 'cmake_target_skip_unavailable': False, 'install_base': '/home/ahmedtabl/NOVA/install/controller', 'merge_install': False, 'path': '/home/ahmedtabl/NOVA/src/controller', 'symlink_install': False, 'test_result_base': None}
[1.159s] Level 5:colcon.colcon_core.verb:set package 'nova_bringup' build argument 'cmake_args' from command line to 'None'
[1.159s] Level 5:colcon.colcon_core.verb:set package 'nova_bringup' build argument 'cmake_target' from command line to 'None'
[1.159s] Level 5:colcon.colcon_core.verb:set package 'nova_bringup' build argument 'cmake_target_skip_unavailable' from command line to 'False'
[1.159s] Level 5:colcon.colcon_core.verb:set package 'nova_bringup' build argument 'cmake_clean_cache' from command line to 'False'
[1.159s] Level 5:colcon.colcon_core.verb:set package 'nova_bringup' build argument 'cmake_clean_first' from command line to 'False'
[1.159s] Level 5:colcon.colcon_core.verb:set package 'nova_bringup' build argument 'cmake_force_configure' from command line to 'False'
[1.159s] Level 5:colcon.colcon_core.verb:set package 'nova_bringup' build argument 'ament_cmake_args' from command line to 'None'
[1.159s] Level 5:colcon.colcon_core.verb:set package 'nova_bringup' build argument 'catkin_cmake_args' from command line to 'None'
[1.159s] Level 5:colcon.colcon_core.verb:set package 'nova_bringup' build argument 'catkin_skip_building_tests' from command line to 'False'
[1.159s] DEBUG:colcon.colcon_core.verb:Building package 'nova_bringup' with the following arguments: {'ament_cmake_args': None, 'build_base': '/home/ahmedtabl/NOVA/build/nova_bringup', 'catkin_cmake_args': None, 'catkin_skip_building_tests': False, 'cmake_args': None, 'cmake_clean_cache': False, 'cmake_clean_first': False, 'cmake_force_configure': False, 'cmake_target': None, 'cmake_target_skip_unavailable': False, 'install_base': '/home/ahmedtabl/NOVA/install/nova_bringup', 'merge_install': False, 'path': '/home/ahmedtabl/NOVA/src/nova_bringup', 'symlink_install': False, 'test_result_base': None}
[1.160s] Level 5:colcon.colcon_core.verb:set package 'nova_description' build argument 'cmake_args' from command line to 'None'
[1.160s] Level 5:colcon.colcon_core.verb:set package 'nova_description' build argument 'cmake_target' from command line to 'None'
[1.160s] Level 5:colcon.colcon_core.verb:set package 'nova_description' build argument 'cmake_target_skip_unavailable' from command line to 'False'
[1.160s] Level 5:colcon.colcon_core.verb:set package 'nova_description' build argument 'cmake_clean_cache' from command line to 'False'
[1.160s] Level 5:colcon.colcon_core.verb:set package 'nova_description' build argument 'cmake_clean_first' from command line to 'False'
[1.160s] Level 5:colcon.colcon_core.verb:set package 'nova_description' build argument 'cmake_force_configure' from command line to 'False'
[1.160s] Level 5:colcon.colcon_core.verb:set package 'nova_description' build argument 'ament_cmake_args' from command line to 'None'
[1.160s] Level 5:colcon.colcon_core.verb:set package 'nova_description' build argument 'catkin_cmake_args' from command line to 'None'
[1.160s] Level 5:colcon.colcon_core.verb:set package 'nova_description' build argument 'catkin_skip_building_tests' from command line to 'False'
[1.160s] DEBUG:colcon.colcon_core.verb:Building package 'nova_description' with the following arguments: {'ament_cmake_args': None, 'build_base': '/home/ahmedtabl/NOVA/build/nova_description', 'catkin_cmake_args': None, 'catkin_skip_building_tests': False, 'cmake_args': None, 'cmake_clean_cache': False, 'cmake_clean_first': False, 'cmake_force_configure': False, 'cmake_target': None, 'cmake_target_skip_unavailable': False, 'install_base': '/home/ahmedtabl/NOVA/install/nova_description', 'merge_install': False, 'path': '/home/ahmedtabl/NOVA/src/nova_description', 'symlink_install': False, 'test_result_base': None}
[1.161s] Level 5:colcon.colcon_core.verb:set package 'serial_motor_demo_msgs' build argument 'cmake_args' from command line to 'None'
[1.161s] Level 5:colcon.colcon_core.verb:set package 'serial_motor_demo_msgs' build argument 'cmake_target' from command line to 'None'
[1.161s] Level 5:colcon.colcon_core.verb:set package 'serial_motor_demo_msgs' build argument 'cmake_target_skip_unavailable' from command line to 'False'
[1.161s] Level 5:colcon.colcon_core.verb:set package 'serial_motor_demo_msgs' build argument 'cmake_clean_cache' from command line to 'False'
[1.161s] Level 5:colcon.colcon_core.verb:set package 'serial_motor_demo_msgs' build argument 'cmake_clean_first' from command line to 'False'
[1.161s] Level 5:colcon.colcon_core.verb:set package 'serial_motor_demo_msgs' build argument 'cmake_force_configure' from command line to 'False'
[1.162s] Level 5:colcon.colcon_core.verb:set package 'serial_motor_demo_msgs' build argument 'ament_cmake_args' from command line to 'None'
[1.162s] Level 5:colcon.colcon_core.verb:set package 'serial_motor_demo_msgs' build argument 'catkin_cmake_args' from command line to 'None'
[1.162s] Level 5:colcon.colcon_core.verb:set package 'serial_motor_demo_msgs' build argument 'catkin_skip_building_tests' from command line to 'False'
[1.162s] DEBUG:colcon.colcon_core.verb:Building package 'serial_motor_demo_msgs' with the following arguments: {'ament_cmake_args': None, 'build_base': '/home/ahmedtabl/NOVA/build/serial_motor_demo_msgs', 'catkin_cmake_args': None, 'catkin_skip_building_tests': False, 'cmake_args': None, 'cmake_clean_cache': False, 'cmake_clean_first': False, 'cmake_force_configure': False, 'cmake_target': None, 'cmake_target_skip_unavailable': False, 'install_base': '/home/ahmedtabl/NOVA/install/serial_motor_demo_msgs', 'merge_install': False, 'path': '/home/ahmedtabl/NOVA/src/serial_motor_demo/serial_motor_demo_msgs', 'symlink_install': False, 'test_result_base': None}
[1.163s] Level 5:colcon.colcon_core.verb:set package 'nova_gazebo' build argument 'cmake_args' from command line to 'None'
[1.163s] Level 5:colcon.colcon_core.verb:set package 'nova_gazebo' build argument 'cmake_target' from command line to 'None'
[1.163s] Level 5:colcon.colcon_core.verb:set package 'nova_gazebo' build argument 'cmake_target_skip_unavailable' from command line to 'False'
[1.163s] Level 5:colcon.colcon_core.verb:set package 'nova_gazebo' build argument 'cmake_clean_cache' from command line to 'False'
[1.163s] Level 5:colcon.colcon_core.verb:set package 'nova_gazebo' build argument 'cmake_clean_first' from command line to 'False'
[1.163s] Level 5:colcon.colcon_core.verb:set package 'nova_gazebo' build argument 'cmake_force_configure' from command line to 'False'
[1.163s] Level 5:colcon.colcon_core.verb:set package 'nova_gazebo' build argument 'ament_cmake_args' from command line to 'None'
[1.163s] Level 5:colcon.colcon_core.verb:set package 'nova_gazebo' build argument 'catkin_cmake_args' from command line to 'None'
[1.163s] Level 5:colcon.colcon_core.verb:set package 'nova_gazebo' build argument 'catkin_skip_building_tests' from command line to 'False'
[1.163s] DEBUG:colcon.colcon_core.verb:Building package 'nova_gazebo' with the following arguments: {'ament_cmake_args': None, 'build_base': '/home/ahmedtabl/NOVA/build/nova_gazebo', 'catkin_cmake_args': None, 'catkin_skip_building_tests': False, 'cmake_args': None, 'cmake_clean_cache': False, 'cmake_clean_first': False, 'cmake_force_configure': False, 'cmake_target': None, 'cmake_target_skip_unavailable': False, 'install_base': '/home/ahmedtabl/NOVA/install/nova_gazebo', 'merge_install': False, 'path': '/home/ahmedtabl/NOVA/src/nova_gazebo', 'symlink_install': False, 'test_result_base': None}
[1.164s] Level 5:colcon.colcon_core.verb:set package 'serial_motor_demo' build argument 'cmake_args' from command line to 'None'
[1.164s] Level 5:colcon.colcon_core.verb:set package 'serial_motor_demo' build argument 'cmake_target' from command line to 'None'
[1.164s] Level 5:colcon.colcon_core.verb:set package 'serial_motor_demo' build argument 'cmake_target_skip_unavailable' from command line to 'False'
[1.164s] Level 5:colcon.colcon_core.verb:set package 'serial_motor_demo' build argument 'cmake_clean_cache' from command line to 'False'
[1.164s] Level 5:colcon.colcon_core.verb:set package 'serial_motor_demo' build argument 'cmake_clean_first' from command line to 'False'
[1.164s] Level 5:colcon.colcon_core.verb:set package 'serial_motor_demo' build argument 'cmake_force_configure' from command line to 'False'
[1.164s] Level 5:colcon.colcon_core.verb:set package 'serial_motor_demo' build argument 'ament_cmake_args' from command line to 'None'
[1.164s] Level 5:colcon.colcon_core.verb:set package 'serial_motor_demo' build argument 'catkin_cmake_args' from command line to 'None'
[1.164s] Level 5:colcon.colcon_core.verb:set package 'serial_motor_demo' build argument 'catkin_skip_building_tests' from command line to 'False'
[1.165s] DEBUG:colcon.colcon_core.verb:Building package 'serial_motor_demo' with the following arguments: {'ament_cmake_args': None, 'build_base': '/home/ahmedtabl/NOVA/build/serial_motor_demo', 'catkin_cmake_args': None, 'catkin_skip_building_tests': False, 'cmake_args': None, 'cmake_clean_cache': False, 'cmake_clean_first': False, 'cmake_force_configure': False, 'cmake_target': None, 'cmake_target_skip_unavailable': False, 'install_base': '/home/ahmedtabl/NOVA/install/serial_motor_demo', 'merge_install': False, 'path': '/home/ahmedtabl/NOVA/src/serial_motor_demo/serial_motor_demo', 'symlink_install': False, 'test_result_base': None}
[1.165s] INFO:colcon.colcon_core.executor:Executing jobs using 'parallel' executor
[1.167s] DEBUG:colcon.colcon_parallel_executor.executor.parallel:run_until_complete
[1.168s] INFO:colcon.colcon_ros.task.ament_cmake.build:Building ROS package in '/home/ahmedtabl/NOVA/src/nova_description' with build type 'ament_cmake'
[1.168s] INFO:colcon.colcon_cmake.task.cmake.build:Building CMake package in '/home/ahmedtabl/NOVA/src/nova_description'
[1.176s] INFO:colcon.colcon_core.plugin_system:Skipping extension 'colcon_core.shell.bat': Not used on non-Windows systems
[1.176s] INFO:colcon.colcon_core.shell:Skip shell extension 'powershell' for command environment: Not usable outside of PowerShell
[1.176s] DEBUG:colcon.colcon_core.shell:Skip shell extension 'dsv' for command environment
[1.189s] INFO:colcon.colcon_ros.task.ament_cmake.build:Building ROS package in '/home/ahmedtabl/NOVA/src/serial_motor_demo/serial_motor_demo_msgs' with build type 'ament_cmake'
[1.190s] INFO:colcon.colcon_cmake.task.cmake.build:Building CMake package in '/home/ahmedtabl/NOVA/src/serial_motor_demo/serial_motor_demo_msgs'
[1.191s] INFO:colcon.colcon_core.shell:Skip shell extension 'powershell' for command environment: Not usable outside of PowerShell
[1.191s] DEBUG:colcon.colcon_core.shell:Skip shell extension 'dsv' for command environment
[1.206s] INFO:colcon.colcon_ros.task.ament_python.build:Building ROS package in '/home/ahmedtabl/NOVA/src/controller' with build type 'ament_python'
[1.206s] Level 1:colcon.colcon_core.shell:create_environment_hook('controller', 'ament_prefix_path')
[1.208s] INFO:colcon.colcon_core.shell:Creating environment hook '/home/ahmedtabl/NOVA/install/controller/share/controller/hook/ament_prefix_path.ps1'
[1.211s] INFO:colcon.colcon_core.shell:Creating environment descriptor '/home/ahmedtabl/NOVA/install/controller/share/controller/hook/ament_prefix_path.dsv'
[1.213s] INFO:colcon.colcon_core.shell:Creating environment hook '/home/ahmedtabl/NOVA/install/controller/share/controller/hook/ament_prefix_path.sh'
[1.218s] INFO:colcon.colcon_core.shell:Skip shell extension 'powershell' for command environment: Not usable outside of PowerShell
[1.218s] DEBUG:colcon.colcon_core.shell:Skip shell extension 'dsv' for command environment
[1.229s] INFO:colcon.colcon_ros.task.ament_cmake.build:Building ROS package in '/home/ahmedtabl/NOVA/src/nova_bringup' with build type 'ament_cmake'
[1.230s] INFO:colcon.colcon_cmake.task.cmake.build:Building CMake package in '/home/ahmedtabl/NOVA/src/nova_bringup'
[1.231s] INFO:colcon.colcon_core.shell:Skip shell extension 'powershell' for command environment: Not usable outside of PowerShell
[1.231s] DEBUG:colcon.colcon_core.shell:Skip shell extension 'dsv' for command environment
[1.269s] DEBUG:colcon.colcon_core.event_handler.log_command:Invoking command in '/home/ahmedtabl/NOVA/build/nova_description': CMAKE_PREFIX_PATH=/opt/ros/humble /usr/bin/cmake --build /home/ahmedtabl/NOVA/build/nova_description -- -j4 -l4
[1.290s] DEBUG:colcon.colcon_core.event_handler.log_command:Invoking command in '/home/ahmedtabl/NOVA/build/serial_motor_demo_msgs': CMAKE_PREFIX_PATH=/opt/ros/humble /usr/bin/cmake --build /home/ahmedtabl/NOVA/build/serial_motor_demo_msgs -- -j4 -l4
[2.246s] INFO:colcon.colcon_core.task.python.build:Building Python package in '/home/ahmedtabl/NOVA/src/controller'
[2.248s] INFO:colcon.colcon_core.shell:Skip shell extension 'powershell' for command environment: Not usable outside of PowerShell
[2.248s] DEBUG:colcon.colcon_core.shell:Skip shell extension 'dsv' for command environment
[2.316s] DEBUG:colcon.colcon_core.event_handler.log_command:Invoking command in '/home/ahmedtabl/NOVA/build/nova_bringup': CMAKE_PREFIX_PATH=/opt/ros/humble /usr/bin/cmake --build /home/ahmedtabl/NOVA/build/nova_bringup -- -j4 -l4
[2.323s] DEBUG:colcon.colcon_core.event_handler.log_command:Invoked command in '/home/ahmedtabl/NOVA/build/nova_description' returned '0': CMAKE_PREFIX_PATH=/opt/ros/humble /usr/bin/cmake --build /home/ahmedtabl/NOVA/build/nova_description -- -j4 -l4
[2.358s] DEBUG:colcon.colcon_core.event_handler.log_command:Invoking command in '/home/ahmedtabl/NOVA/build/nova_description': CMAKE_PREFIX_PATH=/opt/ros/humble /usr/bin/cmake --install /home/ahmedtabl/NOVA/build/nova_description
[2.412s] Level 1:colcon.colcon_core.environment:create_environment_scripts_only(nova_description)
[2.414s] DEBUG:colcon.colcon_core.event_handler.log_command:Invoked command in '/home/ahmedtabl/NOVA/build/nova_description' returned '0': CMAKE_PREFIX_PATH=/opt/ros/humble /usr/bin/cmake --install /home/ahmedtabl/NOVA/build/nova_description
[2.422s] Level 1:colcon.colcon_core.environment:checking '/home/ahmedtabl/NOVA/install/nova_description' for CMake module files
[2.423s] Level 1:colcon.colcon_core.environment:checking '/home/ahmedtabl/NOVA/install/nova_description' for CMake config files
[2.424s] Level 1:colcon.colcon_core.shell:create_environment_hook('nova_description', 'cmake_prefix_path')
[2.426s] INFO:colcon.colcon_core.shell:Creating environment hook '/home/ahmedtabl/NOVA/install/nova_description/share/nova_description/hook/cmake_prefix_path.ps1'
[2.428s] INFO:colcon.colcon_core.shell:Creating environment descriptor '/home/ahmedtabl/NOVA/install/nova_description/share/nova_description/hook/cmake_prefix_path.dsv'
[2.431s] INFO:colcon.colcon_core.shell:Creating environment hook '/home/ahmedtabl/NOVA/install/nova_description/share/nova_description/hook/cmake_prefix_path.sh'
[2.433s] Level 1:colcon.colcon_core.environment:checking '/home/ahmedtabl/NOVA/install/nova_description/bin'
[2.433s] Level 1:colcon.colcon_core.environment:checking '/home/ahmedtabl/NOVA/install/nova_description/lib/pkgconfig/nova_description.pc'
[2.434s] Level 1:colcon.colcon_core.environment:checking '/home/ahmedtabl/NOVA/install/nova_description/lib/python3.10/site-packages'
[2.435s] Level 1:colcon.colcon_core.environment:checking '/home/ahmedtabl/NOVA/install/nova_description/bin'
[2.435s] INFO:colcon.colcon_core.shell:Creating package script '/home/ahmedtabl/NOVA/install/nova_description/share/nova_description/package.ps1'
[2.438s] INFO:colcon.colcon_core.shell:Creating package descriptor '/home/ahmedtabl/NOVA/install/nova_description/share/nova_description/package.dsv'
[2.440s] INFO:colcon.colcon_core.shell:Creating package script '/home/ahmedtabl/NOVA/install/nova_description/share/nova_description/package.sh'
[2.444s] INFO:colcon.colcon_core.shell:Creating package script '/home/ahmedtabl/NOVA/install/nova_description/share/nova_description/package.bash'
[2.446s] INFO:colcon.colcon_core.shell:Creating package script '/home/ahmedtabl/NOVA/install/nova_description/share/nova_description/package.zsh'
[2.449s] Level 1:colcon.colcon_core.environment:create_file_with_runtime_dependencies(/home/ahmedtabl/NOVA/install/nova_description/share/colcon-core/packages/nova_description)
[2.451s] Level 1:colcon.colcon_core.environment:create_environment_scripts_only(nova_description)
[2.452s] Level 1:colcon.colcon_core.environment:checking '/home/ahmedtabl/NOVA/install/nova_description' for CMake module files
[2.453s] Level 1:colcon.colcon_core.environment:checking '/home/ahmedtabl/NOVA/install/nova_description' for CMake config files
[2.454s] Level 1:colcon.colcon_core.shell:create_environment_hook('nova_description', 'cmake_prefix_path')
[2.454s] INFO:colcon.colcon_core.shell:Creating environment hook '/home/ahmedtabl/NOVA/install/nova_description/share/nova_description/hook/cmake_prefix_path.ps1'
[2.456s] INFO:colcon.colcon_core.shell:Creating environment descriptor '/home/ahmedtabl/NOVA/install/nova_description/share/nova_description/hook/cmake_prefix_path.dsv'
[2.458s] INFO:colcon.colcon_core.shell:Creating environment hook '/home/ahmedtabl/NOVA/install/nova_description/share/nova_description/hook/cmake_prefix_path.sh'
[2.461s] Level 1:colcon.colcon_core.environment:checking '/home/ahmedtabl/NOVA/install/nova_description/bin'
[2.461s] Level 1:colcon.colcon_core.environment:checking '/home/ahmedtabl/NOVA/install/nova_description/lib/pkgconfig/nova_description.pc'
[2.462s] Level 1:colcon.colcon_core.environment:checking '/home/ahmedtabl/NOVA/install/nova_description/lib/python3.10/site-packages'
[2.462s] Level 1:colcon.colcon_core.environment:checking '/home/ahmedtabl/NOVA/install/nova_description/bin'
[2.463s] INFO:colcon.colcon_core.shell:Creating package script '/home/ahmedtabl/NOVA/install/nova_description/share/nova_description/package.ps1'
[2.466s] INFO:colcon.colcon_core.shell:Creating package descriptor '/home/ahmedtabl/NOVA/install/nova_description/share/nova_description/package.dsv'
[2.468s] INFO:colcon.colcon_core.shell:Creating package script '/home/ahmedtabl/NOVA/install/nova_description/share/nova_description/package.sh'
[2.471s] INFO:colcon.colcon_core.shell:Creating package script '/home/ahmedtabl/NOVA/install/nova_description/share/nova_description/package.bash'
[2.473s] INFO:colcon.colcon_core.shell:Creating package script '/home/ahmedtabl/NOVA/install/nova_description/share/nova_description/package.zsh'
[2.475s] Level 1:colcon.colcon_core.environment:create_file_with_runtime_dependencies(/home/ahmedtabl/NOVA/install/nova_description/share/colcon-core/packages/nova_description)
[2.477s] INFO:colcon.colcon_ros.task.ament_cmake.build:Building ROS package in '/home/ahmedtabl/NOVA/src/nova_gazebo' with build type 'ament_cmake'
[2.478s] INFO:colcon.colcon_cmake.task.cmake.build:Building CMake package in '/home/ahmedtabl/NOVA/src/nova_gazebo'
[2.478s] INFO:colcon.colcon_core.shell:Skip shell extension 'powershell' for command environment: Not usable outside of PowerShell
[2.478s] DEBUG:colcon.colcon_core.shell:Skip shell extension 'dsv' for command environment
[2.528s] DEBUG:colcon.colcon_core.event_handler.log_command:Invoking command in '/home/ahmedtabl/NOVA/build/nova_gazebo': AMENT_PREFIX_PATH=/home/ahmedtabl/NOVA/install/nova_description:${AMENT_PREFIX_PATH} CMAKE_PREFIX_PATH=/home/ahmedtabl/NOVA/install/nova_description:/opt/ros/humble /usr/bin/cmake /home/ahmedtabl/NOVA/src/nova_gazebo -DCMAKE_INSTALL_PREFIX=/home/ahmedtabl/NOVA/install/nova_gazebo
[2.897s] DEBUG:colcon.colcon_core.event_handler.log_command:Invoked command in '/home/ahmedtabl/NOVA/build/serial_motor_demo_msgs' returned '0': CMAKE_PREFIX_PATH=/opt/ros/humble /usr/bin/cmake --build /home/ahmedtabl/NOVA/build/serial_motor_demo_msgs -- -j4 -l4
[2.907s] DEBUG:colcon.colcon_core.event_handler.log_command:Invoking command in '/home/ahmedtabl/NOVA/build/serial_motor_demo_msgs': CMAKE_PREFIX_PATH=/opt/ros/humble /usr/bin/cmake --install /home/ahmedtabl/NOVA/build/serial_motor_demo_msgs
[3.237s] DEBUG:colcon.colcon_core.event_handler.log_command:Invoked command in '/home/ahmedtabl/NOVA/build/nova_bringup' returned '0': CMAKE_PREFIX_PATH=/opt/ros/humble /usr/bin/cmake --build /home/ahmedtabl/NOVA/build/nova_bringup -- -j4 -l4
[3.243s] DEBUG:colcon.colcon_core.event_handler.log_command:Invoking command in '/home/ahmedtabl/NOVA/build/nova_bringup': CMAKE_PREFIX_PATH=/opt/ros/humble /usr/bin/cmake --install /home/ahmedtabl/NOVA/build/nova_bringup
[3.331s] Level 1:colcon.colcon_core.environment:create_environment_scripts_only(serial_motor_demo_msgs)
[3.333s] Level 1:colcon.colcon_core.environment:checking '/home/ahmedtabl/NOVA/install/serial_motor_demo_msgs' for CMake module files
[3.337s] DEBUG:colcon.colcon_core.event_handler.log_command:Invoked command in '/home/ahmedtabl/NOVA/build/serial_motor_demo_msgs' returned '0': CMAKE_PREFIX_PATH=/opt/ros/humble /usr/bin/cmake --install /home/ahmedtabl/NOVA/build/serial_motor_demo_msgs
[3.340s] Level 1:colcon.colcon_core.environment:checking '/home/ahmedtabl/NOVA/install/serial_motor_demo_msgs' for CMake config files
[3.345s] Level 1:colcon.colcon_core.shell:create_environment_hook('serial_motor_demo_msgs', 'cmake_prefix_path')
[3.346s] INFO:colcon.colcon_core.shell:Creating environment hook '/home/ahmedtabl/NOVA/install/serial_motor_demo_msgs/share/serial_motor_demo_msgs/hook/cmake_prefix_path.ps1'
[3.349s] INFO:colcon.colcon_core.shell:Creating environment descriptor '/home/ahmedtabl/NOVA/install/serial_motor_demo_msgs/share/serial_motor_demo_msgs/hook/cmake_prefix_path.dsv'
[3.352s] INFO:colcon.colcon_core.shell:Creating environment hook '/home/ahmedtabl/NOVA/install/serial_motor_demo_msgs/share/serial_motor_demo_msgs/hook/cmake_prefix_path.sh'
[3.356s] Level 1:colcon.colcon_core.environment:checking '/home/ahmedtabl/NOVA/install/serial_motor_demo_msgs/lib'
[3.357s] Level 1:colcon.colcon_core.shell:create_environment_hook('serial_motor_demo_msgs', 'ld_library_path_lib')
[3.359s] INFO:colcon.colcon_core.shell:Creating environment hook '/home/ahmedtabl/NOVA/install/serial_motor_demo_msgs/share/serial_motor_demo_msgs/hook/ld_library_path_lib.ps1'
[3.362s] INFO:colcon.colcon_core.shell:Creating environment descriptor '/home/ahmedtabl/NOVA/install/serial_motor_demo_msgs/share/serial_motor_demo_msgs/hook/ld_library_path_lib.dsv'
[3.365s] INFO:colcon.colcon_core.shell:Creating environment hook '/home/ahmedtabl/NOVA/install/serial_motor_demo_msgs/share/serial_motor_demo_msgs/hook/ld_library_path_lib.sh'
[3.369s] Level 1:colcon.colcon_core.environment:checking '/home/ahmedtabl/NOVA/install/serial_motor_demo_msgs/bin'
[3.370s] Level 1:colcon.colcon_core.environment:checking '/home/ahmedtabl/NOVA/install/serial_motor_demo_msgs/lib/pkgconfig/serial_motor_demo_msgs.pc'
[3.371s] Level 1:colcon.colcon_core.environment:checking '/home/ahmedtabl/NOVA/install/serial_motor_demo_msgs/lib/python3.10/site-packages'
[3.372s] Level 1:colcon.colcon_core.environment:checking '/home/ahmedtabl/NOVA/install/serial_motor_demo_msgs/bin'
[3.374s] INFO:colcon.colcon_core.shell:Creating package script '/home/ahmedtabl/NOVA/install/serial_motor_demo_msgs/share/serial_motor_demo_msgs/package.ps1'
[3.379s] INFO:colcon.colcon_core.shell:Creating package descriptor '/home/ahmedtabl/NOVA/install/serial_motor_demo_msgs/share/serial_motor_demo_msgs/package.dsv'
[3.384s] INFO:colcon.colcon_core.shell:Creating package script '/home/ahmedtabl/NOVA/install/serial_motor_demo_msgs/share/serial_motor_demo_msgs/package.sh'
[3.387s] INFO:colcon.colcon_core.shell:Creating package script '/home/ahmedtabl/NOVA/install/serial_motor_demo_msgs/share/serial_motor_demo_msgs/package.bash'
[3.389s] INFO:colcon.colcon_core.shell:Creating package script '/home/ahmedtabl/NOVA/install/serial_motor_demo_msgs/share/serial_motor_demo_msgs/package.zsh'
[3.391s] Level 1:colcon.colcon_core.environment:create_file_with_runtime_dependencies(/home/ahmedtabl/NOVA/install/serial_motor_demo_msgs/share/colcon-core/packages/serial_motor_demo_msgs)
[3.396s] Level 1:colcon.colcon_core.environment:create_environment_scripts_only(serial_motor_demo_msgs)
[3.397s] Level 1:colcon.colcon_core.environment:checking '/home/ahmedtabl/NOVA/install/serial_motor_demo_msgs' for CMake module files
[3.402s] Level 1:colcon.colcon_core.environment:checking '/home/ahmedtabl/NOVA/install/serial_motor_demo_msgs' for CMake config files
[3.406s] Level 1:colcon.colcon_core.shell:create_environment_hook('serial_motor_demo_msgs', 'cmake_prefix_path')
[3.408s] INFO:colcon.colcon_core.shell:Creating environment hook '/home/ahmedtabl/NOVA/install/serial_motor_demo_msgs/share/serial_motor_demo_msgs/hook/cmake_prefix_path.ps1'
[3.411s] INFO:colcon.colcon_core.shell:Creating environment descriptor '/home/ahmedtabl/NOVA/install/serial_motor_demo_msgs/share/serial_motor_demo_msgs/hook/cmake_prefix_path.dsv'
[3.415s] INFO:colcon.colcon_core.shell:Creating environment hook '/home/ahmedtabl/NOVA/install/serial_motor_demo_msgs/share/serial_motor_demo_msgs/hook/cmake_prefix_path.sh'
[3.418s] Level 1:colcon.colcon_core.environment:checking '/home/ahmedtabl/NOVA/install/serial_motor_demo_msgs/lib'
[3.419s] Level 1:colcon.colcon_core.shell:create_environment_hook('serial_motor_demo_msgs', 'ld_library_path_lib')
[3.420s] INFO:colcon.colcon_core.shell:Creating environment hook '/home/ahmedtabl/NOVA/install/serial_motor_demo_msgs/share/serial_motor_demo_msgs/hook/ld_library_path_lib.ps1'
[3.424s] INFO:colcon.colcon_core.shell:Creating environment descriptor '/home/ahmedtabl/NOVA/install/serial_motor_demo_msgs/share/serial_motor_demo_msgs/hook/ld_library_path_lib.dsv'
[3.427s] INFO:colcon.colcon_core.shell:Creating environment hook '/home/ahmedtabl/NOVA/install/serial_motor_demo_msgs/share/serial_motor_demo_msgs/hook/ld_library_path_lib.sh'
[3.430s] Level 1:colcon.colcon_core.environment:checking '/home/ahmedtabl/NOVA/install/serial_motor_demo_msgs/bin'
[3.431s] Level 1:colcon.colcon_core.environment:checking '/home/ahmedtabl/NOVA/install/serial_motor_demo_msgs/lib/pkgconfig/serial_motor_demo_msgs.pc'
[3.432s] Level 1:colcon.colcon_core.environment:checking '/home/ahmedtabl/NOVA/install/serial_motor_demo_msgs/lib/python3.10/site-packages'
[3.432s] Level 1:colcon.colcon_core.environment:checking '/home/ahmedtabl/NOVA/install/serial_motor_demo_msgs/bin'
[3.434s] INFO:colcon.colcon_core.shell:Creating package script '/home/ahmedtabl/NOVA/install/serial_motor_demo_msgs/share/serial_motor_demo_msgs/package.ps1'
[3.439s] INFO:colcon.colcon_core.shell:Creating package descriptor '/home/ahmedtabl/NOVA/install/serial_motor_demo_msgs/share/serial_motor_demo_msgs/package.dsv'
[3.443s] INFO:colcon.colcon_core.shell:Creating package script '/home/ahmedtabl/NOVA/install/serial_motor_demo_msgs/share/serial_motor_demo_msgs/package.sh'
[3.448s] INFO:colcon.colcon_core.shell:Creating package script '/home/ahmedtabl/NOVA/install/serial_motor_demo_msgs/share/serial_motor_demo_msgs/package.bash'
[3.452s] INFO:colcon.colcon_core.shell:Creating package script '/home/ahmedtabl/NOVA/install/serial_motor_demo_msgs/share/serial_motor_demo_msgs/package.zsh'
[3.455s] Level 1:colcon.colcon_core.environment:create_file_with_runtime_dependencies(/home/ahmedtabl/NOVA/install/serial_motor_demo_msgs/share/colcon-core/packages/serial_motor_demo_msgs)
[3.460s] INFO:colcon.colcon_ros.task.ament_python.build:Building ROS package in '/home/ahmedtabl/NOVA/src/serial_motor_demo/serial_motor_demo' with build type 'ament_python'
[3.460s] Level 1:colcon.colcon_core.shell:create_environment_hook('serial_motor_demo', 'ament_prefix_path')
[3.461s] INFO:colcon.colcon_core.shell:Creating environment hook '/home/ahmedtabl/NOVA/install/serial_motor_demo/share/serial_motor_demo/hook/ament_prefix_path.ps1'
[3.462s] INFO:colcon.colcon_core.shell:Creating environment descriptor '/home/ahmedtabl/NOVA/install/serial_motor_demo/share/serial_motor_demo/hook/ament_prefix_path.dsv'
[3.464s] INFO:colcon.colcon_core.shell:Creating environment hook '/home/ahmedtabl/NOVA/install/serial_motor_demo/share/serial_motor_demo/hook/ament_prefix_path.sh'
[3.465s] INFO:colcon.colcon_core.shell:Skip shell extension 'powershell' for command environment: Not usable outside of PowerShell
[3.466s] DEBUG:colcon.colcon_core.shell:Skip shell extension 'dsv' for command environment
[3.479s] Level 1:colcon.colcon_core.environment:create_environment_scripts_only(nova_bringup)
[3.481s] Level 1:colcon.colcon_core.environment:checking '/home/ahmedtabl/NOVA/install/nova_bringup' for CMake module files
[3.480s] DEBUG:colcon.colcon_core.event_handler.log_command:Invoked command in '/home/ahmedtabl/NOVA/build/nova_bringup' returned '0': CMAKE_PREFIX_PATH=/opt/ros/humble /usr/bin/cmake --install /home/ahmedtabl/NOVA/build/nova_bringup
[3.484s] Level 1:colcon.colcon_core.environment:checking '/home/ahmedtabl/NOVA/install/nova_bringup' for CMake config files
[3.484s] Level 1:colcon.colcon_core.shell:create_environment_hook('nova_bringup', 'cmake_prefix_path')
[3.485s] INFO:colcon.colcon_core.shell:Creating environment hook '/home/ahmedtabl/NOVA/install/nova_bringup/share/nova_bringup/hook/cmake_prefix_path.ps1'
[3.487s] INFO:colcon.colcon_core.shell:Creating environment descriptor '/home/ahmedtabl/NOVA/install/nova_bringup/share/nova_bringup/hook/cmake_prefix_path.dsv'
[3.490s] INFO:colcon.colcon_core.shell:Creating environment hook '/home/ahmedtabl/NOVA/install/nova_bringup/share/nova_bringup/hook/cmake_prefix_path.sh'
[3.492s] Level 1:colcon.colcon_core.environment:checking '/home/ahmedtabl/NOVA/install/nova_bringup/bin'
[3.493s] Level 1:colcon.colcon_core.environment:checking '/home/ahmedtabl/NOVA/install/nova_bringup/lib/pkgconfig/nova_bringup.pc'
[3.494s] Level 1:colcon.colcon_core.environment:checking '/home/ahmedtabl/NOVA/install/nova_bringup/lib/python3.10/site-packages'
[3.495s] Level 1:colcon.colcon_core.environment:checking '/home/ahmedtabl/NOVA/install/nova_bringup/bin'
[3.496s] INFO:colcon.colcon_core.shell:Creating package script '/home/ahmedtabl/NOVA/install/nova_bringup/share/nova_bringup/package.ps1'
[3.499s] INFO:colcon.colcon_core.shell:Creating package descriptor '/home/ahmedtabl/NOVA/install/nova_bringup/share/nova_bringup/package.dsv'
[3.501s] INFO:colcon.colcon_core.shell:Creating package script '/home/ahmedtabl/NOVA/install/nova_bringup/share/nova_bringup/package.sh'
[3.505s] INFO:colcon.colcon_core.shell:Creating package script '/home/ahmedtabl/NOVA/install/nova_bringup/share/nova_bringup/package.bash'
[3.508s] INFO:colcon.colcon_core.shell:Creating package script '/home/ahmedtabl/NOVA/install/nova_bringup/share/nova_bringup/package.zsh'
[3.510s] Level 1:colcon.colcon_core.environment:create_file_with_runtime_dependencies(/home/ahmedtabl/NOVA/install/nova_bringup/share/colcon-core/packages/nova_bringup)
[3.512s] Level 1:colcon.colcon_core.environment:create_environment_scripts_only(nova_bringup)
[3.513s] Level 1:colcon.colcon_core.environment:checking '/home/ahmedtabl/NOVA/install/nova_bringup' for CMake module files
[3.514s] Level 1:colcon.colcon_core.environment:checking '/home/ahmedtabl/NOVA/install/nova_bringup' for CMake config files
[3.515s] Level 1:colcon.colcon_core.shell:create_environment_hook('nova_bringup', 'cmake_prefix_path')
[3.515s] INFO:colcon.colcon_core.shell:Creating environment hook '/home/ahmedtabl/NOVA/install/nova_bringup/share/nova_bringup/hook/cmake_prefix_path.ps1'
[3.517s] INFO:colcon.colcon_core.shell:Creating environment descriptor '/home/ahmedtabl/NOVA/install/nova_bringup/share/nova_bringup/hook/cmake_prefix_path.dsv'
[3.520s] INFO:colcon.colcon_core.shell:Creating environment hook '/home/ahmedtabl/NOVA/install/nova_bringup/share/nova_bringup/hook/cmake_prefix_path.sh'
[3.523s] Level 1:colcon.colcon_core.environment:checking '/home/ahmedtabl/NOVA/install/nova_bringup/bin'
[3.523s] Level 1:colcon.colcon_core.environment:checking '/home/ahmedtabl/NOVA/install/nova_bringup/lib/pkgconfig/nova_bringup.pc'
[3.524s] Level 1:colcon.colcon_core.environment:checking '/home/ahmedtabl/NOVA/install/nova_bringup/lib/python3.10/site-packages'
[3.525s] Level 1:colcon.colcon_core.environment:checking '/home/ahmedtabl/NOVA/install/nova_bringup/bin'
[3.526s] INFO:colcon.colcon_core.shell:Creating package script '/home/ahmedtabl/NOVA/install/nova_bringup/share/nova_bringup/package.ps1'
[3.528s] INFO:colcon.colcon_core.shell:Creating package descriptor '/home/ahmedtabl/NOVA/install/nova_bringup/share/nova_bringup/package.dsv'
[3.530s] INFO:colcon.colcon_core.shell:Creating package script '/home/ahmedtabl/NOVA/install/nova_bringup/share/nova_bringup/package.sh'
[3.532s] INFO:colcon.colcon_core.shell:Creating package script '/home/ahmedtabl/NOVA/install/nova_bringup/share/nova_bringup/package.bash'
[3.534s] INFO:colcon.colcon_core.shell:Creating package script '/home/ahmedtabl/NOVA/install/nova_bringup/share/nova_bringup/package.zsh'
[3.536s] Level 1:colcon.colcon_core.environment:create_file_with_runtime_dependencies(/home/ahmedtabl/NOVA/install/nova_bringup/share/colcon-core/packages/nova_bringup)
[4.394s] INFO:colcon.colcon_core.task.python.build:Building Python package in '/home/ahmedtabl/NOVA/src/serial_motor_demo/serial_motor_demo'
[4.395s] INFO:colcon.colcon_core.shell:Skip shell extension 'powershell' for command environment: Not usable outside of PowerShell
[4.395s] DEBUG:colcon.colcon_core.shell:Skip shell extension 'dsv' for command environment
[4.422s] DEBUG:colcon.colcon_core.event_handler.log_command:Invoking command in '/home/ahmedtabl/NOVA/src/controller': PYTHONPATH=/home/ahmedtabl/NOVA/build/controller/prefix_override:/usr/lib/python3/dist-packages/colcon_core/task/python/colcon_distutils_commands:/home/ahmedtabl/NOVA/install/controller/lib/python3.10/site-packages:${PYTHONPATH} /usr/bin/python3 -W ignore:setup.py install is deprecated -W ignore:easy_install command is deprecated setup.py egg_info --egg-base ../../build/controller build --build-base /home/ahmedtabl/NOVA/build/controller/build install --record /home/ahmedtabl/NOVA/build/controller/install.log --single-version-externally-managed install_data
[5.349s] Level 1:colcon.colcon_core.environment:checking '/home/ahmedtabl/NOVA/install/controller' for CMake module files
[5.352s] DEBUG:colcon.colcon_core.event_handler.log_command:Invoked command in '/home/ahmedtabl/NOVA/src/controller' returned '0': PYTHONPATH=/home/ahmedtabl/NOVA/build/controller/prefix_override:/usr/lib/python3/dist-packages/colcon_core/task/python/colcon_distutils_commands:/home/ahmedtabl/NOVA/install/controller/lib/python3.10/site-packages:${PYTHONPATH} /usr/bin/python3 -W ignore:setup.py install is deprecated -W ignore:easy_install command is deprecated setup.py egg_info --egg-base ../../build/controller build --build-base /home/ahmedtabl/NOVA/build/controller/build install --record /home/ahmedtabl/NOVA/build/controller/install.log --single-version-externally-managed install_data
[5.352s] Level 1:colcon.colcon_core.environment:checking '/home/ahmedtabl/NOVA/install/controller' for CMake config files
[5.356s] Level 1:colcon.colcon_core.environment:checking '/home/ahmedtabl/NOVA/install/controller/lib'
[5.356s] Level 1:colcon.colcon_core.environment:checking '/home/ahmedtabl/NOVA/install/controller/bin'
[5.356s] Level 1:colcon.colcon_core.environment:checking '/home/ahmedtabl/NOVA/install/controller/lib/pkgconfig/controller.pc'
[5.357s] Level 1:colcon.colcon_core.environment:checking '/home/ahmedtabl/NOVA/install/controller/lib/python3.10/site-packages'
[5.357s] Level 1:colcon.colcon_core.shell:create_environment_hook('controller', 'pythonpath')
[5.358s] INFO:colcon.colcon_core.shell:Creating environment hook '/home/ahmedtabl/NOVA/install/controller/share/controller/hook/pythonpath.ps1'
[5.359s] INFO:colcon.colcon_core.shell:Creating environment descriptor '/home/ahmedtabl/NOVA/install/controller/share/controller/hook/pythonpath.dsv'
[5.360s] INFO:colcon.colcon_core.shell:Creating environment hook '/home/ahmedtabl/NOVA/install/controller/share/controller/hook/pythonpath.sh'
[5.363s] Level 1:colcon.colcon_core.environment:checking '/home/ahmedtabl/NOVA/install/controller/bin'
[5.363s] Level 1:colcon.colcon_core.environment:create_environment_scripts_only(controller)
[5.364s] INFO:colcon.colcon_core.shell:Creating package script '/home/ahmedtabl/NOVA/install/controller/share/controller/package.ps1'
[5.366s] INFO:colcon.colcon_core.shell:Creating package descriptor '/home/ahmedtabl/NOVA/install/controller/share/controller/package.dsv'
[5.367s] INFO:colcon.colcon_core.shell:Creating package script '/home/ahmedtabl/NOVA/install/controller/share/controller/package.sh'
[5.368s] INFO:colcon.colcon_core.shell:Creating package script '/home/ahmedtabl/NOVA/install/controller/share/controller/package.bash'
[5.369s] INFO:colcon.colcon_core.shell:Creating package script '/home/ahmedtabl/NOVA/install/controller/share/controller/package.zsh'
[5.369s] Level 1:colcon.colcon_core.environment:create_file_with_runtime_dependencies(/home/ahmedtabl/NOVA/install/controller/share/colcon-core/packages/controller)
[5.547s] DEBUG:colcon.colcon_core.event_handler.log_command:Invoking command in '/home/ahmedtabl/NOVA/src/serial_motor_demo/serial_motor_demo': AMENT_PREFIX_PATH=/home/ahmedtabl/NOVA/install/serial_motor_demo_msgs:${AMENT_PREFIX_PATH} CMAKE_PREFIX_PATH=/home/ahmedtabl/NOVA/install/serial_motor_demo_msgs LD_LIBRARY_PATH=/home/ahmedtabl/NOVA/install/serial_motor_demo_msgs/lib:${LD_LIBRARY_PATH} PYTHONPATH=/home/ahmedtabl/NOVA/build/serial_motor_demo/prefix_override:/usr/lib/python3/dist-packages/colcon_core/task/python/colcon_distutils_commands:/home/ahmedtabl/NOVA/install/serial_motor_demo/lib/python3.10/site-packages:/home/ahmedtabl/NOVA/install/serial_motor_demo_msgs/local/lib/python3.10/dist-packages:${PYTHONPATH} /usr/bin/python3 -W ignore:setup.py install is deprecated -W ignore:easy_install command is deprecated setup.py egg_info --egg-base ../../../build/serial_motor_demo build --build-base /home/ahmedtabl/NOVA/build/serial_motor_demo/build install --record /home/ahmedtabl/NOVA/build/serial_motor_demo/install.log --install-scripts $base/lib/serial_motor_demo --single-version-externally-managed install_data
[6.491s] Level 1:colcon.colcon_core.environment:checking '/home/ahmedtabl/NOVA/install/serial_motor_demo' for CMake module files
[6.494s] DEBUG:colcon.colcon_core.event_handler.log_command:Invoked command in '/home/ahmedtabl/NOVA/src/serial_motor_demo/serial_motor_demo' returned '0': AMENT_PREFIX_PATH=/home/ahmedtabl/NOVA/install/serial_motor_demo_msgs:${AMENT_PREFIX_PATH} CMAKE_PREFIX_PATH=/home/ahmedtabl/NOVA/install/serial_motor_demo_msgs LD_LIBRARY_PATH=/home/ahmedtabl/NOVA/install/serial_motor_demo_msgs/lib:${LD_LIBRARY_PATH} PYTHONPATH=/home/ahmedtabl/NOVA/build/serial_motor_demo/prefix_override:/usr/lib/python3/dist-packages/colcon_core/task/python/colcon_distutils_commands:/home/ahmedtabl/NOVA/install/serial_motor_demo/lib/python3.10/site-packages:/home/ahmedtabl/NOVA/install/serial_motor_demo_msgs/local/lib/python3.10/dist-packages:${PYTHONPATH} /usr/bin/python3 -W ignore:setup.py install is deprecated -W ignore:easy_install command is deprecated setup.py egg_info --egg-base ../../../build/serial_motor_demo build --build-base /home/ahmedtabl/NOVA/build/serial_motor_demo/build install --record /home/ahmedtabl/NOVA/build/serial_motor_demo/install.log --install-scripts $base/lib/serial_motor_demo --single-version-externally-managed install_data
[6.495s] Level 1:colcon.colcon_core.environment:checking '/home/ahmedtabl/NOVA/install/serial_motor_demo' for CMake config files
[6.497s] Level 1:colcon.colcon_core.environment:checking '/home/ahmedtabl/NOVA/install/serial_motor_demo/lib'
[6.497s] Level 1:colcon.colcon_core.environment:checking '/home/ahmedtabl/NOVA/install/serial_motor_demo/bin'
[6.497s] Level 1:colcon.colcon_core.environment:checking '/home/ahmedtabl/NOVA/install/serial_motor_demo/lib/pkgconfig/serial_motor_demo.pc'
[6.498s] Level 1:colcon.colcon_core.environment:checking '/home/ahmedtabl/NOVA/install/serial_motor_demo/lib/python3.10/site-packages'
[6.498s] Level 1:colcon.colcon_core.shell:create_environment_hook('serial_motor_demo', 'pythonpath')
[6.498s] INFO:colcon.colcon_core.shell:Creating environment hook '/home/ahmedtabl/NOVA/install/serial_motor_demo/share/serial_motor_demo/hook/pythonpath.ps1'
[6.500s] INFO:colcon.colcon_core.shell:Creating environment descriptor '/home/ahmedtabl/NOVA/install/serial_motor_demo/share/serial_motor_demo/hook/pythonpath.dsv'
[6.502s] INFO:colcon.colcon_core.shell:Creating environment hook '/home/ahmedtabl/NOVA/install/serial_motor_demo/share/serial_motor_demo/hook/pythonpath.sh'
[6.503s] Level 1:colcon.colcon_core.environment:checking '/home/ahmedtabl/NOVA/install/serial_motor_demo/bin'
[6.503s] Level 1:colcon.colcon_core.environment:create_environment_scripts_only(serial_motor_demo)
[6.504s] INFO:colcon.colcon_core.shell:Creating package script '/home/ahmedtabl/NOVA/install/serial_motor_demo/share/serial_motor_demo/package.ps1'
[6.507s] INFO:colcon.colcon_core.shell:Creating package descriptor '/home/ahmedtabl/NOVA/install/serial_motor_demo/share/serial_motor_demo/package.dsv'
[6.509s] INFO:colcon.colcon_core.shell:Creating package script '/home/ahmedtabl/NOVA/install/serial_motor_demo/share/serial_motor_demo/package.sh'
[6.510s] INFO:colcon.colcon_core.shell:Creating package script '/home/ahmedtabl/NOVA/install/serial_motor_demo/share/serial_motor_demo/package.bash'
[6.511s] INFO:colcon.colcon_core.shell:Creating package script '/home/ahmedtabl/NOVA/install/serial_motor_demo/share/serial_motor_demo/package.zsh'
[6.513s] Level 1:colcon.colcon_core.environment:create_file_with_runtime_dependencies(/home/ahmedtabl/NOVA/install/serial_motor_demo/share/colcon-core/packages/serial_motor_demo)
[12.083s] DEBUG:colcon.colcon_core.event_handler.log_command:Invoked command in '/home/ahmedtabl/NOVA/build/nova_gazebo' returned '0': AMENT_PREFIX_PATH=/home/ahmedtabl/NOVA/install/nova_description:${AMENT_PREFIX_PATH} CMAKE_PREFIX_PATH=/home/ahmedtabl/NOVA/install/nova_description:/opt/ros/humble /usr/bin/cmake /home/ahmedtabl/NOVA/src/nova_gazebo -DCMAKE_INSTALL_PREFIX=/home/ahmedtabl/NOVA/install/nova_gazebo
[12.084s] DEBUG:colcon.colcon_core.event_handler.log_command:Invoking command in '/home/ahmedtabl/NOVA/build/nova_gazebo': AMENT_PREFIX_PATH=/home/ahmedtabl/NOVA/install/nova_description:${AMENT_PREFIX_PATH} CMAKE_PREFIX_PATH=/home/ahmedtabl/NOVA/install/nova_description:/opt/ros/humble /usr/bin/cmake --build /home/ahmedtabl/NOVA/build/nova_gazebo -- -j4 -l4
[12.238s] DEBUG:colcon.colcon_core.event_handler.log_command:Invoked command in '/home/ahmedtabl/NOVA/build/nova_gazebo' returned '0': AMENT_PREFIX_PATH=/home/ahmedtabl/NOVA/install/nova_description:${AMENT_PREFIX_PATH} CMAKE_PREFIX_PATH=/home/ahmedtabl/NOVA/install/nova_description:/opt/ros/humble /usr/bin/cmake --build /home/ahmedtabl/NOVA/build/nova_gazebo -- -j4 -l4
[12.244s] DEBUG:colcon.colcon_core.event_handler.log_command:Invoking command in '/home/ahmedtabl/NOVA/build/nova_gazebo': AMENT_PREFIX_PATH=/home/ahmedtabl/NOVA/install/nova_description:${AMENT_PREFIX_PATH} CMAKE_PREFIX_PATH=/home/ahmedtabl/NOVA/install/nova_description:/opt/ros/humble /usr/bin/cmake --install /home/ahmedtabl/NOVA/build/nova_gazebo
[12.296s] Level 1:colcon.colcon_core.environment:create_environment_scripts_only(nova_gazebo)
[12.297s] Level 1:colcon.colcon_core.environment:checking '/home/ahmedtabl/NOVA/install/nova_gazebo' for CMake module files
[12.299s] DEBUG:colcon.colcon_core.event_handler.log_command:Invoked command in '/home/ahmedtabl/NOVA/build/nova_gazebo' returned '0': AMENT_PREFIX_PATH=/home/ahmedtabl/NOVA/install/nova_description:${AMENT_PREFIX_PATH} CMAKE_PREFIX_PATH=/home/ahmedtabl/NOVA/install/nova_description:/opt/ros/humble /usr/bin/cmake --install /home/ahmedtabl/NOVA/build/nova_gazebo
[12.300s] Level 1:colcon.colcon_core.environment:checking '/home/ahmedtabl/NOVA/install/nova_gazebo' for CMake config files
[12.300s] Level 1:colcon.colcon_core.shell:create_environment_hook('nova_gazebo', 'cmake_prefix_path')
[12.301s] INFO:colcon.colcon_core.shell:Creating environment hook '/home/ahmedtabl/NOVA/install/nova_gazebo/share/nova_gazebo/hook/cmake_prefix_path.ps1'
[12.302s] INFO:colcon.colcon_core.shell:Creating environment descriptor '/home/ahmedtabl/NOVA/install/nova_gazebo/share/nova_gazebo/hook/cmake_prefix_path.dsv'
[12.304s] INFO:colcon.colcon_core.shell:Creating environment hook '/home/ahmedtabl/NOVA/install/nova_gazebo/share/nova_gazebo/hook/cmake_prefix_path.sh'
[12.308s] Level 1:colcon.colcon_core.environment:checking '/home/ahmedtabl/NOVA/install/nova_gazebo/bin'
[12.308s] Level 1:colcon.colcon_core.environment:checking '/home/ahmedtabl/NOVA/install/nova_gazebo/lib/pkgconfig/nova_gazebo.pc'
[12.309s] Level 1:colcon.colcon_core.environment:checking '/home/ahmedtabl/NOVA/install/nova_gazebo/lib/python3.10/site-packages'
[12.309s] Level 1:colcon.colcon_core.environment:checking '/home/ahmedtabl/NOVA/install/nova_gazebo/bin'
[12.310s] INFO:colcon.colcon_core.shell:Creating package script '/home/ahmedtabl/NOVA/install/nova_gazebo/share/nova_gazebo/package.ps1'
[12.311s] INFO:colcon.colcon_core.shell:Creating package descriptor '/home/ahmedtabl/NOVA/install/nova_gazebo/share/nova_gazebo/package.dsv'
[12.313s] INFO:colcon.colcon_core.shell:Creating package script '/home/ahmedtabl/NOVA/install/nova_gazebo/share/nova_gazebo/package.sh'
[12.316s] INFO:colcon.colcon_core.shell:Creating package script '/home/ahmedtabl/NOVA/install/nova_gazebo/share/nova_gazebo/package.bash'
[12.317s] INFO:colcon.colcon_core.shell:Creating package script '/home/ahmedtabl/NOVA/install/nova_gazebo/share/nova_gazebo/package.zsh'
[12.318s] Level 1:colcon.colcon_core.environment:create_file_with_runtime_dependencies(/home/ahmedtabl/NOVA/install/nova_gazebo/share/colcon-core/packages/nova_gazebo)
[12.321s] Level 1:colcon.colcon_core.environment:create_environment_scripts_only(nova_gazebo)
[12.321s] Level 1:colcon.colcon_core.environment:checking '/home/ahmedtabl/NOVA/install/nova_gazebo' for CMake module files
[12.323s] Level 1:colcon.colcon_core.environment:checking '/home/ahmedtabl/NOVA/install/nova_gazebo' for CMake config files
[12.324s] Level 1:colcon.colcon_core.shell:create_environment_hook('nova_gazebo', 'cmake_prefix_path')
[12.324s] INFO:colcon.colcon_core.shell:Creating environment hook '/home/ahmedtabl/NOVA/install/nova_gazebo/share/nova_gazebo/hook/cmake_prefix_path.ps1'
[12.326s] INFO:colcon.colcon_core.shell:Creating environment descriptor '/home/ahmedtabl/NOVA/install/nova_gazebo/share/nova_gazebo/hook/cmake_prefix_path.dsv'
[12.328s] INFO:colcon.colcon_core.shell:Creating environment hook '/home/ahmedtabl/NOVA/install/nova_gazebo/share/nova_gazebo/hook/cmake_prefix_path.sh'
[12.330s] Level 1:colcon.colcon_core.environment:checking '/home/ahmedtabl/NOVA/install/nova_gazebo/bin'
[12.330s] Level 1:colcon.colcon_core.environment:checking '/home/ahmedtabl/NOVA/install/nova_gazebo/lib/pkgconfig/nova_gazebo.pc'
[12.331s] Level 1:colcon.colcon_core.environment:checking '/home/ahmedtabl/NOVA/install/nova_gazebo/lib/python3.10/site-packages'
[12.331s] Level 1:colcon.colcon_core.environment:checking '/home/ahmedtabl/NOVA/install/nova_gazebo/bin'
[12.332s] INFO:colcon.colcon_core.shell:Creating package script '/home/ahmedtabl/NOVA/install/nova_gazebo/share/nova_gazebo/package.ps1'
[12.333s] INFO:colcon.colcon_core.shell:Creating package descriptor '/home/ahmedtabl/NOVA/install/nova_gazebo/share/nova_gazebo/package.dsv'
[12.338s] INFO:colcon.colcon_core.shell:Creating package script '/home/ahmedtabl/NOVA/install/nova_gazebo/share/nova_gazebo/package.sh'
[12.340s] INFO:colcon.colcon_core.shell:Creating package script '/home/ahmedtabl/NOVA/install/nova_gazebo/share/nova_gazebo/package.bash'
[12.342s] INFO:colcon.colcon_core.shell:Creating package script '/home/ahmedtabl/NOVA/install/nova_gazebo/share/nova_gazebo/package.zsh'
[12.344s] Level 1:colcon.colcon_core.environment:create_file_with_runtime_dependencies(/home/ahmedtabl/NOVA/install/nova_gazebo/share/colcon-core/packages/nova_gazebo)
[12.345s] DEBUG:colcon.colcon_parallel_executor.executor.parallel:closing loop
[12.348s] DEBUG:colcon.colcon_parallel_executor.executor.parallel:loop closed
[12.348s] DEBUG:colcon.colcon_parallel_executor.executor.parallel:run_until_complete finished with '0'
[12.349s] DEBUG:colcon.colcon_core.event_reactor:joining thread
[12.371s] INFO:colcon.colcon_core.plugin_system:Skipping extension 'colcon_notification.desktop_notification.terminal_notifier': Not used on non-Darwin systems
[12.371s] INFO:colcon.colcon_core.plugin_system:Skipping extension 'colcon_notification.desktop_notification.win32': Not used on non-Windows systems
[12.371s] INFO:colcon.colcon_notification.desktop_notification:Sending desktop notification using 'notify2'
[12.417s] DEBUG:colcon.colcon_core.event_reactor:joined thread
[12.418s] INFO:colcon.colcon_core.shell:Creating prefix script '/home/ahmedtabl/NOVA/install/local_setup.ps1'
[12.421s] INFO:colcon.colcon_core.shell:Creating prefix util module '/home/ahmedtabl/NOVA/install/_local_setup_util_ps1.py'
[12.427s] INFO:colcon.colcon_core.shell:Creating prefix chain script '/home/ahmedtabl/NOVA/install/setup.ps1'
[12.431s] INFO:colcon.colcon_core.shell:Creating prefix script '/home/ahmedtabl/NOVA/install/local_setup.sh'
[12.434s] INFO:colcon.colcon_core.shell:Creating prefix util module '/home/ahmedtabl/NOVA/install/_local_setup_util_sh.py'
[12.438s] INFO:colcon.colcon_core.shell:Creating prefix chain script '/home/ahmedtabl/NOVA/install/setup.sh'
[12.442s] INFO:colcon.colcon_core.shell:Creating prefix script '/home/ahmedtabl/NOVA/install/local_setup.bash'
[12.445s] INFO:colcon.colcon_core.shell:Creating prefix chain script '/home/ahmedtabl/NOVA/install/setup.bash'
[12.449s] INFO:colcon.colcon_core.shell:Creating prefix script '/home/ahmedtabl/NOVA/install/local_setup.zsh'
[12.452s] INFO:colcon.colcon_core.shell:Creating prefix chain script '/home/ahmedtabl/NOVA/install/setup.zsh'
