[1.086s] Invoking command in '/home/ahmedtabl/NOVA/build/nova_bringup': CMAKE_PREFIX_PATH=/opt/ros/humble /usr/bin/cmake --build /home/ahmedtabl/NOVA/build/nova_bringup -- -j4 -l4
[1.166s] -- Found ament_cmake: 1.3.11 (/opt/ros/humble/share/ament_cmake/cmake)
[1.574s] -- Found ament_lint_auto: 0.12.12 (/opt/ros/humble/share/ament_lint_auto/cmake)
[1.873s] -- Added test 'flake8' to check Python code syntax and style conventions
[1.876s] -- Added test 'lint_cmake' to check CMake code style
[1.879s] -- Added test 'pep257' to check Python code against some of the docstring style conventions in PEP 257
[1.883s] -- Added test 'xmllint' to check XML markup files
[1.884s] -- Configuring done
[1.902s] -- Generating done
[1.911s] -- Build files have been written to: /home/ahmedtabl/NOVA/build/nova_bringup
[2.007s] Invoked command in '/home/ahmedtabl/NOVA/build/nova_bringup' returned '0': CMAKE_PREFIX_PATH=/opt/ros/humble /usr/bin/cmake --build /home/ahmedtabl/NOVA/build/nova_bringup -- -j4 -l4
[2.014s] Invoking command in '/home/ahmedtabl/NOVA/build/nova_bringup': CMAKE_PREFIX_PATH=/opt/ros/humble /usr/bin/cmake --install /home/ahmedtabl/NOVA/build/nova_bringup
[2.059s] -- Install configuration: ""
[2.060s] -- Installing: /home/ahmedtabl/NOVA/install/nova_bringup/share/nova_bringup/launch
[2.060s] -- Installing: /home/ahmedtabl/NOVA/install/nova_bringup/share/nova_bringup/launch/nav.launch.py
[2.061s] -- Installing: /home/ahmedtabl/NOVA/install/nova_bringup/share/nova_bringup/launch/gps.launch.py
[2.061s] -- Installing: /home/ahmedtabl/NOVA/install/nova_bringup/share/nova_bringup/launch/gazebo.launch.py
[2.061s] -- Installing: /home/ahmedtabl/NOVA/install/nova_bringup/share/nova_bringup/config
[2.062s] -- Installing: /home/ahmedtabl/NOVA/install/nova_bringup/share/nova_bringup/config/josh_default_params.yaml
[2.062s] -- Installing: /home/ahmedtabl/NOVA/install/nova_bringup/share/nova_bringup/config/urdf_config.rviz
[2.063s] -- Installing: /home/ahmedtabl/NOVA/install/nova_bringup/share/nova_bringup/config/ekf.yaml
[2.067s] -- Installing: /home/ahmedtabl/NOVA/install/nova_bringup/share/nova_bringup/config/ekf_gps_nav2.yaml
[2.069s] -- Installing: /home/ahmedtabl/NOVA/install/nova_bringup/share/nova_bringup/config/nav2_default_params.yaml
[2.069s] -- Installing: /home/ahmedtabl/NOVA/install/nova_bringup/share/ament_index/resource_index/package_run_dependencies/nova_bringup
[2.070s] -- Installing: /home/ahmedtabl/NOVA/install/nova_bringup/share/ament_index/resource_index/parent_prefix_path/nova_bringup
[2.071s] -- Installing: /home/ahmedtabl/NOVA/install/nova_bringup/share/nova_bringup/environment/ament_prefix_path.sh
[2.074s] -- Installing: /home/ahmedtabl/NOVA/install/nova_bringup/share/nova_bringup/environment/ament_prefix_path.dsv
[2.077s] -- Installing: /home/ahmedtabl/NOVA/install/nova_bringup/share/nova_bringup/environment/path.sh
[2.082s] -- Installing: /home/ahmedtabl/NOVA/install/nova_bringup/share/nova_bringup/environment/path.dsv
[2.084s] -- Installing: /home/ahmedtabl/NOVA/install/nova_bringup/share/nova_bringup/local_setup.bash
[2.084s] -- Installing: /home/ahmedtabl/NOVA/install/nova_bringup/share/nova_bringup/local_setup.sh
[2.086s] -- Installing: /home/ahmedtabl/NOVA/install/nova_bringup/share/nova_bringup/local_setup.zsh
[2.088s] -- Installing: /home/ahmedtabl/NOVA/install/nova_bringup/share/nova_bringup/local_setup.dsv
[2.093s] -- Installing: /home/ahmedtabl/NOVA/install/nova_bringup/share/nova_bringup/package.dsv
[2.097s] -- Installing: /home/ahmedtabl/NOVA/install/nova_bringup/share/ament_index/resource_index/packages/nova_bringup
[2.100s] -- Installing: /home/ahmedtabl/NOVA/install/nova_bringup/share/nova_bringup/cmake/nova_bringupConfig.cmake
[2.105s] -- Installing: /home/ahmedtabl/NOVA/install/nova_bringup/share/nova_bringup/cmake/nova_bringupConfig-version.cmake
[2.107s] -- Installing: /home/ahmedtabl/NOVA/install/nova_bringup/share/nova_bringup/package.xml
[2.251s] Invoked command in '/home/ahmedtabl/NOVA/build/nova_bringup' returned '0': CMAKE_PREFIX_PATH=/opt/ros/humble /usr/bin/cmake --install /home/ahmedtabl/NOVA/build/nova_bringup
