[2.084s] Invoking command in '/home/ahmedtabl/NOVA/src/serial_motor_demo/serial_motor_demo': AMENT_PREFIX_PATH=/home/ahmedtabl/NOVA/install/serial_motor_demo_msgs:${AMENT_PREFIX_PATH} CMAKE_PREFIX_PATH=/home/ahmedtabl/NOVA/install/serial_motor_demo_msgs LD_LIBRARY_PATH=/home/ahmedtabl/NOVA/install/serial_motor_demo_msgs/lib:${LD_LIBRARY_PATH} PYTHONPATH=/home/ahmedtabl/NOVA/build/serial_motor_demo/prefix_override:/usr/lib/python3/dist-packages/colcon_core/task/python/colcon_distutils_commands:/home/ahmedtabl/NOVA/install/serial_motor_demo/lib/python3.10/site-packages:/home/ahmedtabl/NOVA/install/serial_motor_demo_msgs/local/lib/python3.10/dist-packages:${PYTHONPATH} /usr/bin/python3 -W ignore:setup.py install is deprecated -W ignore:easy_install command is deprecated setup.py egg_info --egg-base ../../../build/serial_motor_demo build --build-base /home/ahmedtabl/NOVA/build/serial_motor_demo/build install --record /home/ahmedtabl/NOVA/build/serial_motor_demo/install.log --install-scripts $base/lib/serial_motor_demo --single-version-externally-managed install_data
[2.821s] /usr/lib/python3/dist-packages/setuptools/dist.py:723: UserWarning: Usage of dash-separated 'script-dir' will not be supported in future versions. Please use the underscore name 'script_dir' instead
[2.822s]   warnings.warn(
[2.854s] running egg_info
[2.856s] creating ../../../build/serial_motor_demo/serial_motor_demo.egg-info
[2.859s] writing ../../../build/serial_motor_demo/serial_motor_demo.egg-info/PKG-INFO
[2.859s] writing dependency_links to ../../../build/serial_motor_demo/serial_motor_demo.egg-info/dependency_links.txt
[2.859s] writing entry points to ../../../build/serial_motor_demo/serial_motor_demo.egg-info/entry_points.txt
[2.859s] writing requirements to ../../../build/serial_motor_demo/serial_motor_demo.egg-info/requires.txt
[2.860s] writing top-level names to ../../../build/serial_motor_demo/serial_motor_demo.egg-info/top_level.txt
[2.860s] writing manifest file '../../../build/serial_motor_demo/serial_motor_demo.egg-info/SOURCES.txt'
[2.865s] reading manifest file '../../../build/serial_motor_demo/serial_motor_demo.egg-info/SOURCES.txt'
[2.867s] writing manifest file '../../../build/serial_motor_demo/serial_motor_demo.egg-info/SOURCES.txt'
[2.868s] running build
[2.868s] running build_py
[2.868s] creating /home/ahmedtabl/NOVA/build/serial_motor_demo/build
[2.869s] creating /home/ahmedtabl/NOVA/build/serial_motor_demo/build/lib
[2.869s] creating /home/ahmedtabl/NOVA/build/serial_motor_demo/build/lib/serial_motor_demo
[2.869s] copying serial_motor_demo/driver.py -> /home/ahmedtabl/NOVA/build/serial_motor_demo/build/lib/serial_motor_demo
[2.869s] copying serial_motor_demo/__init__.py -> /home/ahmedtabl/NOVA/build/serial_motor_demo/build/lib/serial_motor_demo
[2.869s] copying serial_motor_demo/gui.py -> /home/ahmedtabl/NOVA/build/serial_motor_demo/build/lib/serial_motor_demo
[2.870s] running install
[2.873s] running install_lib
[2.873s] creating /home/ahmedtabl/NOVA/install/serial_motor_demo/lib/python3.10/site-packages/serial_motor_demo
[2.873s] copying /home/ahmedtabl/NOVA/build/serial_motor_demo/build/lib/serial_motor_demo/driver.py -> /home/ahmedtabl/NOVA/install/serial_motor_demo/lib/python3.10/site-packages/serial_motor_demo
[2.874s] copying /home/ahmedtabl/NOVA/build/serial_motor_demo/build/lib/serial_motor_demo/__init__.py -> /home/ahmedtabl/NOVA/install/serial_motor_demo/lib/python3.10/site-packages/serial_motor_demo
[2.874s] copying /home/ahmedtabl/NOVA/build/serial_motor_demo/build/lib/serial_motor_demo/gui.py -> /home/ahmedtabl/NOVA/install/serial_motor_demo/lib/python3.10/site-packages/serial_motor_demo
[2.876s] byte-compiling /home/ahmedtabl/NOVA/install/serial_motor_demo/lib/python3.10/site-packages/serial_motor_demo/driver.py to driver.cpython-310.pyc
[2.879s] byte-compiling /home/ahmedtabl/NOVA/install/serial_motor_demo/lib/python3.10/site-packages/serial_motor_demo/__init__.py to __init__.cpython-310.pyc
[2.880s] byte-compiling /home/ahmedtabl/NOVA/install/serial_motor_demo/lib/python3.10/site-packages/serial_motor_demo/gui.py to gui.cpython-310.pyc
[2.884s] running install_data
[2.885s] creating /home/ahmedtabl/NOVA/install/serial_motor_demo/share/ament_index
[2.885s] creating /home/ahmedtabl/NOVA/install/serial_motor_demo/share/ament_index/resource_index
[2.886s] creating /home/ahmedtabl/NOVA/install/serial_motor_demo/share/ament_index/resource_index/packages
[2.887s] copying resource/serial_motor_demo -> /home/ahmedtabl/NOVA/install/serial_motor_demo/share/ament_index/resource_index/packages
[2.887s] copying package.xml -> /home/ahmedtabl/NOVA/install/serial_motor_demo/share/serial_motor_demo
[2.887s] running install_egg_info
[2.893s] Copying ../../../build/serial_motor_demo/serial_motor_demo.egg-info to /home/ahmedtabl/NOVA/install/serial_motor_demo/lib/python3.10/site-packages/serial_motor_demo-0.0.0-py3.10.egg-info
[2.897s] running install_scripts
[2.955s] Installing driver script to /home/ahmedtabl/NOVA/install/serial_motor_demo/lib/serial_motor_demo
[2.955s] Installing gui script to /home/ahmedtabl/NOVA/install/serial_motor_demo/lib/serial_motor_demo
[2.955s] writing list of installed files to '/home/ahmedtabl/NOVA/build/serial_motor_demo/install.log'
[3.030s] Invoked command in '/home/ahmedtabl/NOVA/src/serial_motor_demo/serial_motor_demo' returned '0': AMENT_PREFIX_PATH=/home/ahmedtabl/NOVA/install/serial_motor_demo_msgs:${AMENT_PREFIX_PATH} CMAKE_PREFIX_PATH=/home/ahmedtabl/NOVA/install/serial_motor_demo_msgs LD_LIBRARY_PATH=/home/ahmedtabl/NOVA/install/serial_motor_demo_msgs/lib:${LD_LIBRARY_PATH} PYTHONPATH=/home/ahmedtabl/NOVA/build/serial_motor_demo/prefix_override:/usr/lib/python3/dist-packages/colcon_core/task/python/colcon_distutils_commands:/home/ahmedtabl/NOVA/install/serial_motor_demo/lib/python3.10/site-packages:/home/ahmedtabl/NOVA/install/serial_motor_demo_msgs/local/lib/python3.10/dist-packages:${PYTHONPATH} /usr/bin/python3 -W ignore:setup.py install is deprecated -W ignore:easy_install command is deprecated setup.py egg_info --egg-base ../../../build/serial_motor_demo build --build-base /home/ahmedtabl/NOVA/build/serial_motor_demo/build install --record /home/ahmedtabl/NOVA/build/serial_motor_demo/install.log --install-scripts $base/lib/serial_motor_demo --single-version-externally-managed install_data
