[0.115s] Invoking command in '/home/ahmedtabl/NOVA/build/nova_description': CMAKE_PREFIX_PATH=/opt/ros/humble /usr/bin/cmake /home/ahmedtabl/NOVA/src/nova_description -DCMAKE_INSTALL_PREFIX=/home/ahmedtabl/NOVA/install/nova_description
[1.719s] -- The C compiler identification is GNU 11.4.0
[1.723s] -- The CXX compiler identification is GNU 11.4.0
[1.729s] -- Detecting C compiler ABI info
[2.029s] -- Detecting C compiler ABI info - done
[2.050s] -- Check for working C compiler: /usr/bin/cc - skipped
[2.057s] -- Detecting C compile features
[2.066s] -- Detecting C compile features - done
[2.082s] -- Detecting CXX compiler ABI info
[2.642s] -- Detecting CXX compiler ABI info - done
[2.668s] -- Check for working CXX compiler: /usr/bin/c++ - skipped
[2.670s] -- Detecting CXX compile features
[2.672s] -- Detecting CXX compile features - done
[2.683s] -- Found ament_cmake: 1.3.11 (/opt/ros/humble/share/ament_cmake/cmake)
[3.335s] -- Found Python3: /usr/bin/python3 (found version "3.10.12") found components: Interpreter 
[3.787s] -- Found ament_lint_auto: 0.12.12 (/opt/ros/humble/share/ament_lint_auto/cmake)
[4.144s] -- Added test 'lint_cmake' to check CMake code style
[4.149s] -- Added test 'xmllint' to check XML markup files
[4.158s] -- Configuring done
[4.167s] -- Generating done
[4.176s] -- Build files have been written to: /home/ahmedtabl/NOVA/build/nova_description
[4.211s] Invoked command in '/home/ahmedtabl/NOVA/build/nova_description' returned '0': CMAKE_PREFIX_PATH=/opt/ros/humble /usr/bin/cmake /home/ahmedtabl/NOVA/src/nova_description -DCMAKE_INSTALL_PREFIX=/home/ahmedtabl/NOVA/install/nova_description
[4.215s] Invoking command in '/home/ahmedtabl/NOVA/build/nova_description': CMAKE_PREFIX_PATH=/opt/ros/humble /usr/bin/cmake --build /home/ahmedtabl/NOVA/build/nova_description -- -j4 -l4
[4.414s] Invoked command in '/home/ahmedtabl/NOVA/build/nova_description' returned '0': CMAKE_PREFIX_PATH=/opt/ros/humble /usr/bin/cmake --build /home/ahmedtabl/NOVA/build/nova_description -- -j4 -l4
[4.420s] Invoking command in '/home/ahmedtabl/NOVA/build/nova_description': CMAKE_PREFIX_PATH=/opt/ros/humble /usr/bin/cmake --install /home/ahmedtabl/NOVA/build/nova_description
[4.468s] [31mCMake Error at cmake_install.cmake:46 (file):
[4.469s]   file INSTALL cannot find
[4.469s]   "/home/ahmedtabl/NOVA/src/nova_description/include": No such file or
[4.469s]   directory.
[4.469s] 
[4.469s] [0m
[4.469s] -- Install configuration: ""
