[0.339s] DEBUG:colcon:Command line arguments: ['/usr/bin/colcon', 'build']
[0.339s] DEBUG:colcon:Parsed command line arguments: Namespace(log_base=None, log_level=None, verb_name='build', build_base='build', install_base='install', merge_install=False, symlink_install=False, test_result_base=None, continue_on_error=False, executor='parallel', parallel_workers=4, event_handlers=None, ignore_user_meta=False, metas=['./colcon.meta'], base_paths=['.'], packages_ignore=None, packages_ignore_regex=None, paths=None, packages_up_to=None, packages_up_to_regex=None, packages_above=None, packages_above_and_dependencies=None, packages_above_depth=None, packages_select_by_dep=None, packages_skip_by_dep=None, packages_skip_up_to=None, packages_select_build_failed=False, packages_skip_build_finished=False, packages_select_test_failures=False, packages_skip_test_passed=False, packages_select=None, packages_skip=None, packages_select_regex=None, packages_skip_regex=None, packages_start=None, packages_end=None, allow_overriding=[], cmake_args=None, cmake_target=None, cmake_target_skip_unavailable=False, cmake_clean_cache=False, cmake_clean_first=False, cmake_force_configure=False, ament_cmake_args=None, catkin_cmake_args=None, catkin_skip_building_tests=False, verb_parser=<colcon_defaults.argument_parser.defaults.DefaultArgumentsDecorator object at 0x6fff1436cf10>, verb_extension=<colcon_core.verb.build.BuildVerb object at 0x6fff1436c9d0>, main=<bound method BuildVerb.main of <colcon_core.verb.build.BuildVerb object at 0x6fff1436c9d0>>)
[0.896s] Level 1:colcon.colcon_core.package_discovery:discover_packages(colcon_meta) check parameters
[0.897s] Level 1:colcon.colcon_core.package_discovery:discover_packages(recursive) check parameters
[0.897s] Level 1:colcon.colcon_core.package_discovery:discover_packages(ignore) check parameters
[0.897s] Level 1:colcon.colcon_core.package_discovery:discover_packages(path) check parameters
[0.897s] Level 1:colcon.colcon_core.package_discovery:discover_packages(colcon_meta) discover
[0.899s] Level 1:colcon.colcon_core.package_discovery:discover_packages(recursive) discover
[0.899s] INFO:colcon.colcon_core.package_discovery:Crawling recursively for packages in '/home/ahmedtabl/NOVA'
[0.899s] Level 1:colcon.colcon_core.package_identification:_identify(.) by extensions ['ignore', 'ignore_ament_install']
[0.899s] Level 1:colcon.colcon_core.package_identification:_identify(.) by extension 'ignore'
[0.899s] Level 1:colcon.colcon_core.package_identification:_identify(.) by extension 'ignore_ament_install'
[0.899s] Level 1:colcon.colcon_core.package_identification:_identify(.) by extensions ['colcon_pkg']
[0.900s] Level 1:colcon.colcon_core.package_identification:_identify(.) by extension 'colcon_pkg'
[0.900s] Level 1:colcon.colcon_core.package_identification:_identify(.) by extensions ['colcon_meta']
[0.900s] Level 1:colcon.colcon_core.package_identification:_identify(.) by extension 'colcon_meta'
[0.900s] Level 1:colcon.colcon_core.package_identification:_identify(.) by extensions ['ros']
[0.900s] Level 1:colcon.colcon_core.package_identification:_identify(.) by extension 'ros'
[0.932s] Level 1:colcon.colcon_core.package_identification:_identify(.) by extensions ['cmake', 'python']
[0.932s] Level 1:colcon.colcon_core.package_identification:_identify(.) by extension 'cmake'
[0.932s] Level 1:colcon.colcon_core.package_identification:_identify(.) by extension 'python'
[0.932s] Level 1:colcon.colcon_core.package_identification:_identify(.) by extensions ['python_setup_py']
[0.933s] Level 1:colcon.colcon_core.package_identification:_identify(.) by extension 'python_setup_py'
[0.933s] Level 1:colcon.colcon_core.package_identification:_identify(build) by extensions ['ignore', 'ignore_ament_install']
[0.933s] Level 1:colcon.colcon_core.package_identification:_identify(build) by extension 'ignore'
[0.933s] Level 1:colcon.colcon_core.package_identification:_identify(build) ignored
[0.933s] Level 1:colcon.colcon_core.package_identification:_identify(install) by extensions ['ignore', 'ignore_ament_install']
[0.934s] Level 1:colcon.colcon_core.package_identification:_identify(install) by extension 'ignore'
[0.934s] Level 1:colcon.colcon_core.package_identification:_identify(install) ignored
[0.934s] Level 1:colcon.colcon_core.package_identification:_identify(log) by extensions ['ignore', 'ignore_ament_install']
[0.934s] Level 1:colcon.colcon_core.package_identification:_identify(log) by extension 'ignore'
[0.934s] Level 1:colcon.colcon_core.package_identification:_identify(log) ignored
[0.935s] Level 1:colcon.colcon_core.package_identification:_identify(src) by extensions ['ignore', 'ignore_ament_install']
[0.935s] Level 1:colcon.colcon_core.package_identification:_identify(src) by extension 'ignore'
[0.935s] Level 1:colcon.colcon_core.package_identification:_identify(src) by extension 'ignore_ament_install'
[0.935s] Level 1:colcon.colcon_core.package_identification:_identify(src) by extensions ['colcon_pkg']
[0.935s] Level 1:colcon.colcon_core.package_identification:_identify(src) by extension 'colcon_pkg'
[0.935s] Level 1:colcon.colcon_core.package_identification:_identify(src) by extensions ['colcon_meta']
[0.935s] Level 1:colcon.colcon_core.package_identification:_identify(src) by extension 'colcon_meta'
[0.935s] Level 1:colcon.colcon_core.package_identification:_identify(src) by extensions ['ros']
[0.935s] Level 1:colcon.colcon_core.package_identification:_identify(src) by extension 'ros'
[0.935s] Level 1:colcon.colcon_core.package_identification:_identify(src) by extensions ['cmake', 'python']
[0.935s] Level 1:colcon.colcon_core.package_identification:_identify(src) by extension 'cmake'
[0.936s] Level 1:colcon.colcon_core.package_identification:_identify(src) by extension 'python'
[0.936s] Level 1:colcon.colcon_core.package_identification:_identify(src) by extensions ['python_setup_py']
[0.936s] Level 1:colcon.colcon_core.package_identification:_identify(src) by extension 'python_setup_py'
[0.936s] Level 1:colcon.colcon_core.package_identification:_identify(src/controller) by extensions ['ignore', 'ignore_ament_install']
[0.936s] Level 1:colcon.colcon_core.package_identification:_identify(src/controller) by extension 'ignore'
[0.936s] Level 1:colcon.colcon_core.package_identification:_identify(src/controller) by extension 'ignore_ament_install'
[0.937s] Level 1:colcon.colcon_core.package_identification:_identify(src/controller) by extensions ['colcon_pkg']
[0.937s] Level 1:colcon.colcon_core.package_identification:_identify(src/controller) by extension 'colcon_pkg'
[0.937s] Level 1:colcon.colcon_core.package_identification:_identify(src/controller) by extensions ['colcon_meta']
[0.937s] Level 1:colcon.colcon_core.package_identification:_identify(src/controller) by extension 'colcon_meta'
[0.937s] Level 1:colcon.colcon_core.package_identification:_identify(src/controller) by extensions ['ros']
[0.937s] Level 1:colcon.colcon_core.package_identification:_identify(src/controller) by extension 'ros'
[0.944s] DEBUG:colcon.colcon_core.package_identification:Package 'src/controller' with type 'ros.ament_python' and name 'controller'
[0.944s] Level 1:colcon.colcon_core.package_identification:_identify(src/nova_bringup) by extensions ['ignore', 'ignore_ament_install']
[0.944s] Level 1:colcon.colcon_core.package_identification:_identify(src/nova_bringup) by extension 'ignore'
[0.945s] Level 1:colcon.colcon_core.package_identification:_identify(src/nova_bringup) by extension 'ignore_ament_install'
[0.945s] Level 1:colcon.colcon_core.package_identification:_identify(src/nova_bringup) by extensions ['colcon_pkg']
[0.946s] Level 1:colcon.colcon_core.package_identification:_identify(src/nova_bringup) by extension 'colcon_pkg'
[0.946s] Level 1:colcon.colcon_core.package_identification:_identify(src/nova_bringup) by extensions ['colcon_meta']
[0.946s] Level 1:colcon.colcon_core.package_identification:_identify(src/nova_bringup) by extension 'colcon_meta'
[0.946s] Level 1:colcon.colcon_core.package_identification:_identify(src/nova_bringup) by extensions ['ros']
[0.947s] Level 1:colcon.colcon_core.package_identification:_identify(src/nova_bringup) by extension 'ros'
[0.950s] DEBUG:colcon.colcon_core.package_identification:Package 'src/nova_bringup' with type 'ros.ament_cmake' and name 'nova_bringup'
[0.950s] Level 1:colcon.colcon_core.package_identification:_identify(src/nova_description) by extensions ['ignore', 'ignore_ament_install']
[0.950s] Level 1:colcon.colcon_core.package_identification:_identify(src/nova_description) by extension 'ignore'
[0.951s] Level 1:colcon.colcon_core.package_identification:_identify(src/nova_description) by extension 'ignore_ament_install'
[0.952s] Level 1:colcon.colcon_core.package_identification:_identify(src/nova_description) by extensions ['colcon_pkg']
[0.952s] Level 1:colcon.colcon_core.package_identification:_identify(src/nova_description) by extension 'colcon_pkg'
[0.953s] Level 1:colcon.colcon_core.package_identification:_identify(src/nova_description) by extensions ['colcon_meta']
[0.953s] Level 1:colcon.colcon_core.package_identification:_identify(src/nova_description) by extension 'colcon_meta'
[0.953s] Level 1:colcon.colcon_core.package_identification:_identify(src/nova_description) by extensions ['ros']
[0.954s] Level 1:colcon.colcon_core.package_identification:_identify(src/nova_description) by extension 'ros'
[0.958s] DEBUG:colcon.colcon_core.package_identification:Package 'src/nova_description' with type 'ros.ament_cmake' and name 'nova_description'
[0.960s] Level 1:colcon.colcon_core.package_identification:_identify(src/nova_gazebo) by extensions ['ignore', 'ignore_ament_install']
[0.961s] Level 1:colcon.colcon_core.package_identification:_identify(src/nova_gazebo) by extension 'ignore'
[0.961s] Level 1:colcon.colcon_core.package_identification:_identify(src/nova_gazebo) by extension 'ignore_ament_install'
[0.962s] Level 1:colcon.colcon_core.package_identification:_identify(src/nova_gazebo) by extensions ['colcon_pkg']
[0.962s] Level 1:colcon.colcon_core.package_identification:_identify(src/nova_gazebo) by extension 'colcon_pkg'
[0.963s] Level 1:colcon.colcon_core.package_identification:_identify(src/nova_gazebo) by extensions ['colcon_meta']
[0.964s] Level 1:colcon.colcon_core.package_identification:_identify(src/nova_gazebo) by extension 'colcon_meta'
[0.964s] Level 1:colcon.colcon_core.package_identification:_identify(src/nova_gazebo) by extensions ['ros']
[0.964s] Level 1:colcon.colcon_core.package_identification:_identify(src/nova_gazebo) by extension 'ros'
[0.969s] DEBUG:colcon.colcon_core.package_identification:Package 'src/nova_gazebo' with type 'ros.ament_cmake' and name 'nova_gazebo'
[0.970s] Level 1:colcon.colcon_core.package_identification:_identify(src/serial_motor_demo) by extensions ['ignore', 'ignore_ament_install']
[0.972s] Level 1:colcon.colcon_core.package_identification:_identify(src/serial_motor_demo) by extension 'ignore'
[0.972s] Level 1:colcon.colcon_core.package_identification:_identify(src/serial_motor_demo) by extension 'ignore_ament_install'
[0.972s] Level 1:colcon.colcon_core.package_identification:_identify(src/serial_motor_demo) by extensions ['colcon_pkg']
[0.972s] Level 1:colcon.colcon_core.package_identification:_identify(src/serial_motor_demo) by extension 'colcon_pkg'
[0.973s] Level 1:colcon.colcon_core.package_identification:_identify(src/serial_motor_demo) by extensions ['colcon_meta']
[0.973s] Level 1:colcon.colcon_core.package_identification:_identify(src/serial_motor_demo) by extension 'colcon_meta'
[0.973s] Level 1:colcon.colcon_core.package_identification:_identify(src/serial_motor_demo) by extensions ['ros']
[0.973s] Level 1:colcon.colcon_core.package_identification:_identify(src/serial_motor_demo) by extension 'ros'
[0.973s] Level 1:colcon.colcon_core.package_identification:_identify(src/serial_motor_demo) by extensions ['cmake', 'python']
[0.973s] Level 1:colcon.colcon_core.package_identification:_identify(src/serial_motor_demo) by extension 'cmake'
[0.974s] Level 1:colcon.colcon_core.package_identification:_identify(src/serial_motor_demo) by extension 'python'
[0.974s] Level 1:colcon.colcon_core.package_identification:_identify(src/serial_motor_demo) by extensions ['python_setup_py']
[0.974s] Level 1:colcon.colcon_core.package_identification:_identify(src/serial_motor_demo) by extension 'python_setup_py'
[0.975s] Level 1:colcon.colcon_core.package_identification:_identify(src/serial_motor_demo/serial_motor_demo) by extensions ['ignore', 'ignore_ament_install']
[0.976s] Level 1:colcon.colcon_core.package_identification:_identify(src/serial_motor_demo/serial_motor_demo) by extension 'ignore'
[0.976s] Level 1:colcon.colcon_core.package_identification:_identify(src/serial_motor_demo/serial_motor_demo) by extension 'ignore_ament_install'
[0.977s] Level 1:colcon.colcon_core.package_identification:_identify(src/serial_motor_demo/serial_motor_demo) by extensions ['colcon_pkg']
[0.978s] Level 1:colcon.colcon_core.package_identification:_identify(src/serial_motor_demo/serial_motor_demo) by extension 'colcon_pkg'
[0.978s] Level 1:colcon.colcon_core.package_identification:_identify(src/serial_motor_demo/serial_motor_demo) by extensions ['colcon_meta']
[0.978s] Level 1:colcon.colcon_core.package_identification:_identify(src/serial_motor_demo/serial_motor_demo) by extension 'colcon_meta'
[0.979s] Level 1:colcon.colcon_core.package_identification:_identify(src/serial_motor_demo/serial_motor_demo) by extensions ['ros']
[0.979s] Level 1:colcon.colcon_core.package_identification:_identify(src/serial_motor_demo/serial_motor_demo) by extension 'ros'
[0.982s] DEBUG:colcon.colcon_core.package_identification:Package 'src/serial_motor_demo/serial_motor_demo' with type 'ros.ament_python' and name 'serial_motor_demo'
[0.984s] Level 1:colcon.colcon_core.package_identification:_identify(src/serial_motor_demo/serial_motor_demo_msgs) by extensions ['ignore', 'ignore_ament_install']
[0.985s] Level 1:colcon.colcon_core.package_identification:_identify(src/serial_motor_demo/serial_motor_demo_msgs) by extension 'ignore'
[0.985s] Level 1:colcon.colcon_core.package_identification:_identify(src/serial_motor_demo/serial_motor_demo_msgs) by extension 'ignore_ament_install'
[0.986s] Level 1:colcon.colcon_core.package_identification:_identify(src/serial_motor_demo/serial_motor_demo_msgs) by extensions ['colcon_pkg']
[0.986s] Level 1:colcon.colcon_core.package_identification:_identify(src/serial_motor_demo/serial_motor_demo_msgs) by extension 'colcon_pkg'
[0.986s] Level 1:colcon.colcon_core.package_identification:_identify(src/serial_motor_demo/serial_motor_demo_msgs) by extensions ['colcon_meta']
[0.987s] Level 1:colcon.colcon_core.package_identification:_identify(src/serial_motor_demo/serial_motor_demo_msgs) by extension 'colcon_meta'
[0.989s] Level 1:colcon.colcon_core.package_identification:_identify(src/serial_motor_demo/serial_motor_demo_msgs) by extensions ['ros']
[0.989s] Level 1:colcon.colcon_core.package_identification:_identify(src/serial_motor_demo/serial_motor_demo_msgs) by extension 'ros'
[0.993s] DEBUG:colcon.colcon_core.package_identification:Package 'src/serial_motor_demo/serial_motor_demo_msgs' with type 'ros.ament_cmake' and name 'serial_motor_demo_msgs'
[0.993s] Level 1:colcon.colcon_core.package_discovery:discover_packages(recursive) using defaults
[0.994s] Level 1:colcon.colcon_core.package_discovery:discover_packages(ignore) discover
[0.994s] Level 1:colcon.colcon_core.package_discovery:discover_packages(ignore) using defaults
[0.994s] Level 1:colcon.colcon_core.package_discovery:discover_packages(path) discover
[0.994s] Level 1:colcon.colcon_core.package_discovery:discover_packages(path) using defaults
[1.139s] Level 1:colcon.colcon_core.package_discovery:discover_packages(prefix_path) check parameters
[1.140s] Level 1:colcon.colcon_core.package_discovery:discover_packages(prefix_path) discover
[1.145s] DEBUG:colcon.colcon_installed_package_information.package_discovery:Found 6 installed packages in /home/ahmedtabl/NOVA/install
[1.150s] DEBUG:colcon.colcon_installed_package_information.package_discovery:Found 429 installed packages in /opt/ros/humble
[1.155s] Level 1:colcon.colcon_core.package_discovery:discover_packages(prefix_path) using defaults
[1.297s] Level 5:colcon.colcon_core.verb:set package 'controller' build argument 'cmake_args' from command line to 'None'
[1.297s] Level 5:colcon.colcon_core.verb:set package 'controller' build argument 'cmake_target' from command line to 'None'
[1.297s] Level 5:colcon.colcon_core.verb:set package 'controller' build argument 'cmake_target_skip_unavailable' from command line to 'False'
[1.298s] Level 5:colcon.colcon_core.verb:set package 'controller' build argument 'cmake_clean_cache' from command line to 'False'
[1.298s] Level 5:colcon.colcon_core.verb:set package 'controller' build argument 'cmake_clean_first' from command line to 'False'
[1.299s] Level 5:colcon.colcon_core.verb:set package 'controller' build argument 'cmake_force_configure' from command line to 'False'
[1.299s] Level 5:colcon.colcon_core.verb:set package 'controller' build argument 'ament_cmake_args' from command line to 'None'
[1.299s] Level 5:colcon.colcon_core.verb:set package 'controller' build argument 'catkin_cmake_args' from command line to 'None'
[1.299s] Level 5:colcon.colcon_core.verb:set package 'controller' build argument 'catkin_skip_building_tests' from command line to 'False'
[1.299s] DEBUG:colcon.colcon_core.verb:Building package 'controller' with the following arguments: {'ament_cmake_args': None, 'build_base': '/home/ahmedtabl/NOVA/build/controller', 'catkin_cmake_args': None, 'catkin_skip_building_tests': False, 'cmake_args': None, 'cmake_clean_cache': False, 'cmake_clean_first': False, 'cmake_force_configure': False, 'cmake_target': None, 'cmake_target_skip_unavailable': False, 'install_base': '/home/ahmedtabl/NOVA/install/controller', 'merge_install': False, 'path': '/home/ahmedtabl/NOVA/src/controller', 'symlink_install': False, 'test_result_base': None}
[1.300s] Level 5:colcon.colcon_core.verb:set package 'nova_bringup' build argument 'cmake_args' from command line to 'None'
[1.300s] Level 5:colcon.colcon_core.verb:set package 'nova_bringup' build argument 'cmake_target' from command line to 'None'
[1.300s] Level 5:colcon.colcon_core.verb:set package 'nova_bringup' build argument 'cmake_target_skip_unavailable' from command line to 'False'
[1.300s] Level 5:colcon.colcon_core.verb:set package 'nova_bringup' build argument 'cmake_clean_cache' from command line to 'False'
[1.300s] Level 5:colcon.colcon_core.verb:set package 'nova_bringup' build argument 'cmake_clean_first' from command line to 'False'
[1.300s] Level 5:colcon.colcon_core.verb:set package 'nova_bringup' build argument 'cmake_force_configure' from command line to 'False'
[1.301s] Level 5:colcon.colcon_core.verb:set package 'nova_bringup' build argument 'ament_cmake_args' from command line to 'None'
[1.301s] Level 5:colcon.colcon_core.verb:set package 'nova_bringup' build argument 'catkin_cmake_args' from command line to 'None'
[1.301s] Level 5:colcon.colcon_core.verb:set package 'nova_bringup' build argument 'catkin_skip_building_tests' from command line to 'False'
[1.301s] DEBUG:colcon.colcon_core.verb:Building package 'nova_bringup' with the following arguments: {'ament_cmake_args': None, 'build_base': '/home/ahmedtabl/NOVA/build/nova_bringup', 'catkin_cmake_args': None, 'catkin_skip_building_tests': False, 'cmake_args': None, 'cmake_clean_cache': False, 'cmake_clean_first': False, 'cmake_force_configure': False, 'cmake_target': None, 'cmake_target_skip_unavailable': False, 'install_base': '/home/ahmedtabl/NOVA/install/nova_bringup', 'merge_install': False, 'path': '/home/ahmedtabl/NOVA/src/nova_bringup', 'symlink_install': False, 'test_result_base': None}
[1.302s] Level 5:colcon.colcon_core.verb:set package 'nova_description' build argument 'cmake_args' from command line to 'None'
[1.302s] Level 5:colcon.colcon_core.verb:set package 'nova_description' build argument 'cmake_target' from command line to 'None'
[1.302s] Level 5:colcon.colcon_core.verb:set package 'nova_description' build argument 'cmake_target_skip_unavailable' from command line to 'False'
[1.302s] Level 5:colcon.colcon_core.verb:set package 'nova_description' build argument 'cmake_clean_cache' from command line to 'False'
[1.302s] Level 5:colcon.colcon_core.verb:set package 'nova_description' build argument 'cmake_clean_first' from command line to 'False'
[1.302s] Level 5:colcon.colcon_core.verb:set package 'nova_description' build argument 'cmake_force_configure' from command line to 'False'
[1.302s] Level 5:colcon.colcon_core.verb:set package 'nova_description' build argument 'ament_cmake_args' from command line to 'None'
[1.302s] Level 5:colcon.colcon_core.verb:set package 'nova_description' build argument 'catkin_cmake_args' from command line to 'None'
[1.302s] Level 5:colcon.colcon_core.verb:set package 'nova_description' build argument 'catkin_skip_building_tests' from command line to 'False'
[1.302s] DEBUG:colcon.colcon_core.verb:Building package 'nova_description' with the following arguments: {'ament_cmake_args': None, 'build_base': '/home/ahmedtabl/NOVA/build/nova_description', 'catkin_cmake_args': None, 'catkin_skip_building_tests': False, 'cmake_args': None, 'cmake_clean_cache': False, 'cmake_clean_first': False, 'cmake_force_configure': False, 'cmake_target': None, 'cmake_target_skip_unavailable': False, 'install_base': '/home/ahmedtabl/NOVA/install/nova_description', 'merge_install': False, 'path': '/home/ahmedtabl/NOVA/src/nova_description', 'symlink_install': False, 'test_result_base': None}
[1.303s] Level 5:colcon.colcon_core.verb:set package 'serial_motor_demo_msgs' build argument 'cmake_args' from command line to 'None'
[1.303s] Level 5:colcon.colcon_core.verb:set package 'serial_motor_demo_msgs' build argument 'cmake_target' from command line to 'None'
[1.303s] Level 5:colcon.colcon_core.verb:set package 'serial_motor_demo_msgs' build argument 'cmake_target_skip_unavailable' from command line to 'False'
[1.303s] Level 5:colcon.colcon_core.verb:set package 'serial_motor_demo_msgs' build argument 'cmake_clean_cache' from command line to 'False'
[1.303s] Level 5:colcon.colcon_core.verb:set package 'serial_motor_demo_msgs' build argument 'cmake_clean_first' from command line to 'False'
[1.303s] Level 5:colcon.colcon_core.verb:set package 'serial_motor_demo_msgs' build argument 'cmake_force_configure' from command line to 'False'
[1.303s] Level 5:colcon.colcon_core.verb:set package 'serial_motor_demo_msgs' build argument 'ament_cmake_args' from command line to 'None'
[1.303s] Level 5:colcon.colcon_core.verb:set package 'serial_motor_demo_msgs' build argument 'catkin_cmake_args' from command line to 'None'
[1.303s] Level 5:colcon.colcon_core.verb:set package 'serial_motor_demo_msgs' build argument 'catkin_skip_building_tests' from command line to 'False'
[1.303s] DEBUG:colcon.colcon_core.verb:Building package 'serial_motor_demo_msgs' with the following arguments: {'ament_cmake_args': None, 'build_base': '/home/ahmedtabl/NOVA/build/serial_motor_demo_msgs', 'catkin_cmake_args': None, 'catkin_skip_building_tests': False, 'cmake_args': None, 'cmake_clean_cache': False, 'cmake_clean_first': False, 'cmake_force_configure': False, 'cmake_target': None, 'cmake_target_skip_unavailable': False, 'install_base': '/home/ahmedtabl/NOVA/install/serial_motor_demo_msgs', 'merge_install': False, 'path': '/home/ahmedtabl/NOVA/src/serial_motor_demo/serial_motor_demo_msgs', 'symlink_install': False, 'test_result_base': None}
[1.304s] Level 5:colcon.colcon_core.verb:set package 'nova_gazebo' build argument 'cmake_args' from command line to 'None'
[1.304s] Level 5:colcon.colcon_core.verb:set package 'nova_gazebo' build argument 'cmake_target' from command line to 'None'
[1.304s] Level 5:colcon.colcon_core.verb:set package 'nova_gazebo' build argument 'cmake_target_skip_unavailable' from command line to 'False'
[1.304s] Level 5:colcon.colcon_core.verb:set package 'nova_gazebo' build argument 'cmake_clean_cache' from command line to 'False'
[1.304s] Level 5:colcon.colcon_core.verb:set package 'nova_gazebo' build argument 'cmake_clean_first' from command line to 'False'
[1.304s] Level 5:colcon.colcon_core.verb:set package 'nova_gazebo' build argument 'cmake_force_configure' from command line to 'False'
[1.304s] Level 5:colcon.colcon_core.verb:set package 'nova_gazebo' build argument 'ament_cmake_args' from command line to 'None'
[1.304s] Level 5:colcon.colcon_core.verb:set package 'nova_gazebo' build argument 'catkin_cmake_args' from command line to 'None'
[1.304s] Level 5:colcon.colcon_core.verb:set package 'nova_gazebo' build argument 'catkin_skip_building_tests' from command line to 'False'
[1.304s] DEBUG:colcon.colcon_core.verb:Building package 'nova_gazebo' with the following arguments: {'ament_cmake_args': None, 'build_base': '/home/ahmedtabl/NOVA/build/nova_gazebo', 'catkin_cmake_args': None, 'catkin_skip_building_tests': False, 'cmake_args': None, 'cmake_clean_cache': False, 'cmake_clean_first': False, 'cmake_force_configure': False, 'cmake_target': None, 'cmake_target_skip_unavailable': False, 'install_base': '/home/ahmedtabl/NOVA/install/nova_gazebo', 'merge_install': False, 'path': '/home/ahmedtabl/NOVA/src/nova_gazebo', 'symlink_install': False, 'test_result_base': None}
[1.305s] Level 5:colcon.colcon_core.verb:set package 'serial_motor_demo' build argument 'cmake_args' from command line to 'None'
[1.305s] Level 5:colcon.colcon_core.verb:set package 'serial_motor_demo' build argument 'cmake_target' from command line to 'None'
[1.305s] Level 5:colcon.colcon_core.verb:set package 'serial_motor_demo' build argument 'cmake_target_skip_unavailable' from command line to 'False'
[1.305s] Level 5:colcon.colcon_core.verb:set package 'serial_motor_demo' build argument 'cmake_clean_cache' from command line to 'False'
[1.305s] Level 5:colcon.colcon_core.verb:set package 'serial_motor_demo' build argument 'cmake_clean_first' from command line to 'False'
[1.306s] Level 5:colcon.colcon_core.verb:set package 'serial_motor_demo' build argument 'cmake_force_configure' from command line to 'False'
[1.306s] Level 5:colcon.colcon_core.verb:set package 'serial_motor_demo' build argument 'ament_cmake_args' from command line to 'None'
[1.306s] Level 5:colcon.colcon_core.verb:set package 'serial_motor_demo' build argument 'catkin_cmake_args' from command line to 'None'
[1.306s] Level 5:colcon.colcon_core.verb:set package 'serial_motor_demo' build argument 'catkin_skip_building_tests' from command line to 'False'
[1.306s] DEBUG:colcon.colcon_core.verb:Building package 'serial_motor_demo' with the following arguments: {'ament_cmake_args': None, 'build_base': '/home/ahmedtabl/NOVA/build/serial_motor_demo', 'catkin_cmake_args': None, 'catkin_skip_building_tests': False, 'cmake_args': None, 'cmake_clean_cache': False, 'cmake_clean_first': False, 'cmake_force_configure': False, 'cmake_target': None, 'cmake_target_skip_unavailable': False, 'install_base': '/home/ahmedtabl/NOVA/install/serial_motor_demo', 'merge_install': False, 'path': '/home/ahmedtabl/NOVA/src/serial_motor_demo/serial_motor_demo', 'symlink_install': False, 'test_result_base': None}
[1.306s] INFO:colcon.colcon_core.executor:Executing jobs using 'parallel' executor
[1.309s] DEBUG:colcon.colcon_parallel_executor.executor.parallel:run_until_complete
[1.310s] INFO:colcon.colcon_ros.task.ament_cmake.build:Building ROS package in '/home/ahmedtabl/NOVA/src/nova_description' with build type 'ament_cmake'
[1.310s] INFO:colcon.colcon_cmake.task.cmake.build:Building CMake package in '/home/ahmedtabl/NOVA/src/nova_description'
[1.317s] INFO:colcon.colcon_core.plugin_system:Skipping extension 'colcon_core.shell.bat': Not used on non-Windows systems
[1.318s] INFO:colcon.colcon_core.shell:Skip shell extension 'powershell' for command environment: Not usable outside of PowerShell
[1.318s] DEBUG:colcon.colcon_core.shell:Skip shell extension 'dsv' for command environment
[1.333s] INFO:colcon.colcon_ros.task.ament_cmake.build:Building ROS package in '/home/ahmedtabl/NOVA/src/serial_motor_demo/serial_motor_demo_msgs' with build type 'ament_cmake'
[1.333s] INFO:colcon.colcon_cmake.task.cmake.build:Building CMake package in '/home/ahmedtabl/NOVA/src/serial_motor_demo/serial_motor_demo_msgs'
[1.334s] INFO:colcon.colcon_core.shell:Skip shell extension 'powershell' for command environment: Not usable outside of PowerShell
[1.334s] DEBUG:colcon.colcon_core.shell:Skip shell extension 'dsv' for command environment
[1.348s] INFO:colcon.colcon_ros.task.ament_python.build:Building ROS package in '/home/ahmedtabl/NOVA/src/controller' with build type 'ament_python'
[1.348s] Level 1:colcon.colcon_core.shell:create_environment_hook('controller', 'ament_prefix_path')
[1.349s] INFO:colcon.colcon_core.shell:Creating environment hook '/home/ahmedtabl/NOVA/install/controller/share/controller/hook/ament_prefix_path.ps1'
[1.353s] INFO:colcon.colcon_core.shell:Creating environment descriptor '/home/ahmedtabl/NOVA/install/controller/share/controller/hook/ament_prefix_path.dsv'
[1.357s] INFO:colcon.colcon_core.shell:Creating environment hook '/home/ahmedtabl/NOVA/install/controller/share/controller/hook/ament_prefix_path.sh'
[1.361s] INFO:colcon.colcon_core.shell:Skip shell extension 'powershell' for command environment: Not usable outside of PowerShell
[1.362s] DEBUG:colcon.colcon_core.shell:Skip shell extension 'dsv' for command environment
[1.375s] INFO:colcon.colcon_ros.task.ament_cmake.build:Building ROS package in '/home/ahmedtabl/NOVA/src/nova_bringup' with build type 'ament_cmake'
[1.375s] INFO:colcon.colcon_cmake.task.cmake.build:Building CMake package in '/home/ahmedtabl/NOVA/src/nova_bringup'
[1.376s] INFO:colcon.colcon_core.shell:Skip shell extension 'powershell' for command environment: Not usable outside of PowerShell
[1.376s] DEBUG:colcon.colcon_core.shell:Skip shell extension 'dsv' for command environment
[1.425s] DEBUG:colcon.colcon_core.event_handler.log_command:Invoking command in '/home/ahmedtabl/NOVA/build/nova_description': CMAKE_PREFIX_PATH=${CMAKE_PREFIX_PATH}:/home/ahmedtabl/NOVA/install/serial_motor_demo:/home/ahmedtabl/NOVA/install/controller:/opt/ros/humble /usr/bin/cmake --build /home/ahmedtabl/NOVA/build/nova_description -- -j4 -l4
[1.445s] DEBUG:colcon.colcon_core.event_handler.log_command:Invoking command in '/home/ahmedtabl/NOVA/build/serial_motor_demo_msgs': CMAKE_PREFIX_PATH=${CMAKE_PREFIX_PATH}:/home/ahmedtabl/NOVA/install/serial_motor_demo:/home/ahmedtabl/NOVA/install/controller:/opt/ros/humble /usr/bin/cmake --build /home/ahmedtabl/NOVA/build/serial_motor_demo_msgs -- -j4 -l4
[2.521s] INFO:colcon.colcon_core.task.python.build:Building Python package in '/home/ahmedtabl/NOVA/src/controller'
[2.523s] INFO:colcon.colcon_core.shell:Skip shell extension 'powershell' for command environment: Not usable outside of PowerShell
[2.524s] DEBUG:colcon.colcon_core.shell:Skip shell extension 'dsv' for command environment
[2.599s] DEBUG:colcon.colcon_core.event_handler.log_command:Invoking command in '/home/ahmedtabl/NOVA/build/nova_bringup': CMAKE_PREFIX_PATH=${CMAKE_PREFIX_PATH}:/home/ahmedtabl/NOVA/install/serial_motor_demo:/home/ahmedtabl/NOVA/install/controller:/opt/ros/humble /usr/bin/cmake --build /home/ahmedtabl/NOVA/build/nova_bringup -- -j4 -l4
[2.609s] DEBUG:colcon.colcon_core.event_handler.log_command:Invoked command in '/home/ahmedtabl/NOVA/build/nova_description' returned '0': CMAKE_PREFIX_PATH=${CMAKE_PREFIX_PATH}:/home/ahmedtabl/NOVA/install/serial_motor_demo:/home/ahmedtabl/NOVA/install/controller:/opt/ros/humble /usr/bin/cmake --build /home/ahmedtabl/NOVA/build/nova_description -- -j4 -l4
[2.655s] DEBUG:colcon.colcon_core.event_handler.log_command:Invoking command in '/home/ahmedtabl/NOVA/build/nova_description': CMAKE_PREFIX_PATH=${CMAKE_PREFIX_PATH}:/home/ahmedtabl/NOVA/install/serial_motor_demo:/home/ahmedtabl/NOVA/install/controller:/opt/ros/humble /usr/bin/cmake --install /home/ahmedtabl/NOVA/build/nova_description
[2.704s] Level 1:colcon.colcon_core.environment:create_environment_scripts_only(nova_description)
[2.707s] DEBUG:colcon.colcon_core.event_handler.log_command:Invoked command in '/home/ahmedtabl/NOVA/build/nova_description' returned '0': CMAKE_PREFIX_PATH=${CMAKE_PREFIX_PATH}:/home/ahmedtabl/NOVA/install/serial_motor_demo:/home/ahmedtabl/NOVA/install/controller:/opt/ros/humble /usr/bin/cmake --install /home/ahmedtabl/NOVA/build/nova_description
[2.717s] Level 1:colcon.colcon_core.environment:checking '/home/ahmedtabl/NOVA/install/nova_description' for CMake module files
[2.719s] Level 1:colcon.colcon_core.environment:checking '/home/ahmedtabl/NOVA/install/nova_description' for CMake config files
[2.721s] Level 1:colcon.colcon_core.shell:create_environment_hook('nova_description', 'cmake_prefix_path')
[2.722s] INFO:colcon.colcon_core.shell:Creating environment hook '/home/ahmedtabl/NOVA/install/nova_description/share/nova_description/hook/cmake_prefix_path.ps1'
[2.724s] INFO:colcon.colcon_core.shell:Creating environment descriptor '/home/ahmedtabl/NOVA/install/nova_description/share/nova_description/hook/cmake_prefix_path.dsv'
[2.726s] INFO:colcon.colcon_core.shell:Creating environment hook '/home/ahmedtabl/NOVA/install/nova_description/share/nova_description/hook/cmake_prefix_path.sh'
[2.729s] Level 1:colcon.colcon_core.environment:checking '/home/ahmedtabl/NOVA/install/nova_description/bin'
[2.729s] Level 1:colcon.colcon_core.environment:checking '/home/ahmedtabl/NOVA/install/nova_description/lib/pkgconfig/nova_description.pc'
[2.730s] Level 1:colcon.colcon_core.environment:checking '/home/ahmedtabl/NOVA/install/nova_description/lib/python3.10/site-packages'
[2.731s] Level 1:colcon.colcon_core.environment:checking '/home/ahmedtabl/NOVA/install/nova_description/bin'
[2.731s] INFO:colcon.colcon_core.shell:Creating package script '/home/ahmedtabl/NOVA/install/nova_description/share/nova_description/package.ps1'
[2.734s] INFO:colcon.colcon_core.shell:Creating package descriptor '/home/ahmedtabl/NOVA/install/nova_description/share/nova_description/package.dsv'
[2.737s] INFO:colcon.colcon_core.shell:Creating package script '/home/ahmedtabl/NOVA/install/nova_description/share/nova_description/package.sh'
[2.742s] INFO:colcon.colcon_core.shell:Creating package script '/home/ahmedtabl/NOVA/install/nova_description/share/nova_description/package.bash'
[2.746s] INFO:colcon.colcon_core.shell:Creating package script '/home/ahmedtabl/NOVA/install/nova_description/share/nova_description/package.zsh'
[2.749s] Level 1:colcon.colcon_core.environment:create_file_with_runtime_dependencies(/home/ahmedtabl/NOVA/install/nova_description/share/colcon-core/packages/nova_description)
[2.752s] Level 1:colcon.colcon_core.environment:create_environment_scripts_only(nova_description)
[2.753s] Level 1:colcon.colcon_core.environment:checking '/home/ahmedtabl/NOVA/install/nova_description' for CMake module files
[2.755s] Level 1:colcon.colcon_core.environment:checking '/home/ahmedtabl/NOVA/install/nova_description' for CMake config files
[2.756s] Level 1:colcon.colcon_core.shell:create_environment_hook('nova_description', 'cmake_prefix_path')
[2.757s] INFO:colcon.colcon_core.shell:Creating environment hook '/home/ahmedtabl/NOVA/install/nova_description/share/nova_description/hook/cmake_prefix_path.ps1'
[2.759s] INFO:colcon.colcon_core.shell:Creating environment descriptor '/home/ahmedtabl/NOVA/install/nova_description/share/nova_description/hook/cmake_prefix_path.dsv'
[2.760s] INFO:colcon.colcon_core.shell:Creating environment hook '/home/ahmedtabl/NOVA/install/nova_description/share/nova_description/hook/cmake_prefix_path.sh'
[2.763s] Level 1:colcon.colcon_core.environment:checking '/home/ahmedtabl/NOVA/install/nova_description/bin'
[2.763s] Level 1:colcon.colcon_core.environment:checking '/home/ahmedtabl/NOVA/install/nova_description/lib/pkgconfig/nova_description.pc'
[2.764s] Level 1:colcon.colcon_core.environment:checking '/home/ahmedtabl/NOVA/install/nova_description/lib/python3.10/site-packages'
[2.765s] Level 1:colcon.colcon_core.environment:checking '/home/ahmedtabl/NOVA/install/nova_description/bin'
[2.766s] INFO:colcon.colcon_core.shell:Creating package script '/home/ahmedtabl/NOVA/install/nova_description/share/nova_description/package.ps1'
[2.768s] INFO:colcon.colcon_core.shell:Creating package descriptor '/home/ahmedtabl/NOVA/install/nova_description/share/nova_description/package.dsv'
[2.771s] INFO:colcon.colcon_core.shell:Creating package script '/home/ahmedtabl/NOVA/install/nova_description/share/nova_description/package.sh'
[2.774s] INFO:colcon.colcon_core.shell:Creating package script '/home/ahmedtabl/NOVA/install/nova_description/share/nova_description/package.bash'
[2.777s] INFO:colcon.colcon_core.shell:Creating package script '/home/ahmedtabl/NOVA/install/nova_description/share/nova_description/package.zsh'
[2.780s] Level 1:colcon.colcon_core.environment:create_file_with_runtime_dependencies(/home/ahmedtabl/NOVA/install/nova_description/share/colcon-core/packages/nova_description)
[2.783s] INFO:colcon.colcon_ros.task.ament_cmake.build:Building ROS package in '/home/ahmedtabl/NOVA/src/nova_gazebo' with build type 'ament_cmake'
[2.783s] INFO:colcon.colcon_cmake.task.cmake.build:Building CMake package in '/home/ahmedtabl/NOVA/src/nova_gazebo'
[2.784s] INFO:colcon.colcon_core.shell:Skip shell extension 'powershell' for command environment: Not usable outside of PowerShell
[2.784s] DEBUG:colcon.colcon_core.shell:Skip shell extension 'dsv' for command environment
[2.819s] DEBUG:colcon.colcon_core.event_handler.log_command:Invoked command in '/home/ahmedtabl/NOVA/build/nova_bringup' returned '0': CMAKE_PREFIX_PATH=${CMAKE_PREFIX_PATH}:/home/ahmedtabl/NOVA/install/serial_motor_demo:/home/ahmedtabl/NOVA/install/controller:/opt/ros/humble /usr/bin/cmake --build /home/ahmedtabl/NOVA/build/nova_bringup -- -j4 -l4
[2.826s] DEBUG:colcon.colcon_core.event_handler.log_command:Invoking command in '/home/ahmedtabl/NOVA/build/nova_bringup': CMAKE_PREFIX_PATH=${CMAKE_PREFIX_PATH}:/home/ahmedtabl/NOVA/install/serial_motor_demo:/home/ahmedtabl/NOVA/install/controller:/opt/ros/humble /usr/bin/cmake --install /home/ahmedtabl/NOVA/build/nova_bringup
[2.848s] DEBUG:colcon.colcon_core.event_handler.log_command:Invoking command in '/home/ahmedtabl/NOVA/build/nova_gazebo': CMAKE_PREFIX_PATH=/home/ahmedtabl/NOVA/install/nova_description:/home/ahmedtabl/NOVA/install/serial_motor_demo_msgs:/home/ahmedtabl/NOVA/install/nova_gazebo:/home/ahmedtabl/NOVA/install/nova_bringup:/home/ahmedtabl/NOVA/install/serial_motor_demo:/home/ahmedtabl/NOVA/install/controller:/opt/ros/humble /usr/bin/cmake --build /home/ahmedtabl/NOVA/build/nova_gazebo -- -j4 -l4
[2.903s] Level 1:colcon.colcon_core.environment:create_environment_scripts_only(nova_bringup)
[2.908s] Level 1:colcon.colcon_core.environment:checking '/home/ahmedtabl/NOVA/install/nova_bringup' for CMake module files
[2.911s] Level 1:colcon.colcon_core.environment:checking '/home/ahmedtabl/NOVA/install/nova_bringup' for CMake config files
[2.912s] DEBUG:colcon.colcon_core.event_handler.log_command:Invoked command in '/home/ahmedtabl/NOVA/build/nova_bringup' returned '0': CMAKE_PREFIX_PATH=${CMAKE_PREFIX_PATH}:/home/ahmedtabl/NOVA/install/serial_motor_demo:/home/ahmedtabl/NOVA/install/controller:/opt/ros/humble /usr/bin/cmake --install /home/ahmedtabl/NOVA/build/nova_bringup
[2.913s] Level 1:colcon.colcon_core.shell:create_environment_hook('nova_bringup', 'cmake_prefix_path')
[2.914s] INFO:colcon.colcon_core.shell:Creating environment hook '/home/ahmedtabl/NOVA/install/nova_bringup/share/nova_bringup/hook/cmake_prefix_path.ps1'
[2.916s] INFO:colcon.colcon_core.shell:Creating environment descriptor '/home/ahmedtabl/NOVA/install/nova_bringup/share/nova_bringup/hook/cmake_prefix_path.dsv'
[2.918s] INFO:colcon.colcon_core.shell:Creating environment hook '/home/ahmedtabl/NOVA/install/nova_bringup/share/nova_bringup/hook/cmake_prefix_path.sh'
[2.921s] Level 1:colcon.colcon_core.environment:checking '/home/ahmedtabl/NOVA/install/nova_bringup/bin'
[2.922s] Level 1:colcon.colcon_core.environment:checking '/home/ahmedtabl/NOVA/install/nova_bringup/lib/pkgconfig/nova_bringup.pc'
[2.922s] Level 1:colcon.colcon_core.environment:checking '/home/ahmedtabl/NOVA/install/nova_bringup/lib/python3.10/site-packages'
[2.923s] Level 1:colcon.colcon_core.environment:checking '/home/ahmedtabl/NOVA/install/nova_bringup/bin'
[2.924s] INFO:colcon.colcon_core.shell:Creating package script '/home/ahmedtabl/NOVA/install/nova_bringup/share/nova_bringup/package.ps1'
[2.926s] INFO:colcon.colcon_core.shell:Creating package descriptor '/home/ahmedtabl/NOVA/install/nova_bringup/share/nova_bringup/package.dsv'
[2.929s] INFO:colcon.colcon_core.shell:Creating package script '/home/ahmedtabl/NOVA/install/nova_bringup/share/nova_bringup/package.sh'
[2.931s] INFO:colcon.colcon_core.shell:Creating package script '/home/ahmedtabl/NOVA/install/nova_bringup/share/nova_bringup/package.bash'
[2.934s] INFO:colcon.colcon_core.shell:Creating package script '/home/ahmedtabl/NOVA/install/nova_bringup/share/nova_bringup/package.zsh'
[2.935s] Level 1:colcon.colcon_core.environment:create_file_with_runtime_dependencies(/home/ahmedtabl/NOVA/install/nova_bringup/share/colcon-core/packages/nova_bringup)
[2.937s] Level 1:colcon.colcon_core.environment:create_environment_scripts_only(nova_bringup)
[2.938s] Level 1:colcon.colcon_core.environment:checking '/home/ahmedtabl/NOVA/install/nova_bringup' for CMake module files
[2.941s] Level 1:colcon.colcon_core.environment:checking '/home/ahmedtabl/NOVA/install/nova_bringup' for CMake config files
[2.943s] Level 1:colcon.colcon_core.shell:create_environment_hook('nova_bringup', 'cmake_prefix_path')
[2.945s] INFO:colcon.colcon_core.shell:Creating environment hook '/home/ahmedtabl/NOVA/install/nova_bringup/share/nova_bringup/hook/cmake_prefix_path.ps1'
[2.950s] INFO:colcon.colcon_core.shell:Creating environment descriptor '/home/ahmedtabl/NOVA/install/nova_bringup/share/nova_bringup/hook/cmake_prefix_path.dsv'
[2.953s] INFO:colcon.colcon_core.shell:Creating environment hook '/home/ahmedtabl/NOVA/install/nova_bringup/share/nova_bringup/hook/cmake_prefix_path.sh'
[2.961s] Level 1:colcon.colcon_core.environment:checking '/home/ahmedtabl/NOVA/install/nova_bringup/bin'
[2.961s] Level 1:colcon.colcon_core.environment:checking '/home/ahmedtabl/NOVA/install/nova_bringup/lib/pkgconfig/nova_bringup.pc'
[2.963s] Level 1:colcon.colcon_core.environment:checking '/home/ahmedtabl/NOVA/install/nova_bringup/lib/python3.10/site-packages'
[2.964s] Level 1:colcon.colcon_core.environment:checking '/home/ahmedtabl/NOVA/install/nova_bringup/bin'
[2.965s] INFO:colcon.colcon_core.shell:Creating package script '/home/ahmedtabl/NOVA/install/nova_bringup/share/nova_bringup/package.ps1'
[2.970s] INFO:colcon.colcon_core.shell:Creating package descriptor '/home/ahmedtabl/NOVA/install/nova_bringup/share/nova_bringup/package.dsv'
[2.973s] INFO:colcon.colcon_core.shell:Creating package script '/home/ahmedtabl/NOVA/install/nova_bringup/share/nova_bringup/package.sh'
[2.975s] INFO:colcon.colcon_core.shell:Creating package script '/home/ahmedtabl/NOVA/install/nova_bringup/share/nova_bringup/package.bash'
[2.977s] INFO:colcon.colcon_core.shell:Creating package script '/home/ahmedtabl/NOVA/install/nova_bringup/share/nova_bringup/package.zsh'
[2.979s] Level 1:colcon.colcon_core.environment:create_file_with_runtime_dependencies(/home/ahmedtabl/NOVA/install/nova_bringup/share/colcon-core/packages/nova_bringup)
[3.057s] DEBUG:colcon.colcon_core.event_handler.log_command:Invoked command in '/home/ahmedtabl/NOVA/build/nova_gazebo' returned '0': CMAKE_PREFIX_PATH=/home/ahmedtabl/NOVA/install/nova_description:/home/ahmedtabl/NOVA/install/serial_motor_demo_msgs:/home/ahmedtabl/NOVA/install/nova_gazebo:/home/ahmedtabl/NOVA/install/nova_bringup:/home/ahmedtabl/NOVA/install/serial_motor_demo:/home/ahmedtabl/NOVA/install/controller:/opt/ros/humble /usr/bin/cmake --build /home/ahmedtabl/NOVA/build/nova_gazebo -- -j4 -l4
[3.061s] DEBUG:colcon.colcon_core.event_handler.log_command:Invoking command in '/home/ahmedtabl/NOVA/build/nova_gazebo': CMAKE_PREFIX_PATH=/home/ahmedtabl/NOVA/install/nova_description:/home/ahmedtabl/NOVA/install/serial_motor_demo_msgs:/home/ahmedtabl/NOVA/install/nova_gazebo:/home/ahmedtabl/NOVA/install/nova_bringup:/home/ahmedtabl/NOVA/install/serial_motor_demo:/home/ahmedtabl/NOVA/install/controller:/opt/ros/humble /usr/bin/cmake --install /home/ahmedtabl/NOVA/build/nova_gazebo
[3.081s] DEBUG:colcon.colcon_core.event_handler.log_command:Invoked command in '/home/ahmedtabl/NOVA/build/serial_motor_demo_msgs' returned '0': CMAKE_PREFIX_PATH=${CMAKE_PREFIX_PATH}:/home/ahmedtabl/NOVA/install/serial_motor_demo:/home/ahmedtabl/NOVA/install/controller:/opt/ros/humble /usr/bin/cmake --build /home/ahmedtabl/NOVA/build/serial_motor_demo_msgs -- -j4 -l4
[3.085s] DEBUG:colcon.colcon_core.event_handler.log_command:Invoking command in '/home/ahmedtabl/NOVA/build/serial_motor_demo_msgs': CMAKE_PREFIX_PATH=${CMAKE_PREFIX_PATH}:/home/ahmedtabl/NOVA/install/serial_motor_demo:/home/ahmedtabl/NOVA/install/controller:/opt/ros/humble /usr/bin/cmake --install /home/ahmedtabl/NOVA/build/serial_motor_demo_msgs
[3.109s] Level 1:colcon.colcon_core.environment:create_environment_scripts_only(nova_gazebo)
[3.111s] DEBUG:colcon.colcon_core.event_handler.log_command:Invoked command in '/home/ahmedtabl/NOVA/build/nova_gazebo' returned '0': CMAKE_PREFIX_PATH=/home/ahmedtabl/NOVA/install/nova_description:/home/ahmedtabl/NOVA/install/serial_motor_demo_msgs:/home/ahmedtabl/NOVA/install/nova_gazebo:/home/ahmedtabl/NOVA/install/nova_bringup:/home/ahmedtabl/NOVA/install/serial_motor_demo:/home/ahmedtabl/NOVA/install/controller:/opt/ros/humble /usr/bin/cmake --install /home/ahmedtabl/NOVA/build/nova_gazebo
[3.112s] Level 1:colcon.colcon_core.environment:checking '/home/ahmedtabl/NOVA/install/nova_gazebo' for CMake module files
[3.114s] Level 1:colcon.colcon_core.environment:checking '/home/ahmedtabl/NOVA/install/nova_gazebo' for CMake config files
[3.123s] Level 1:colcon.colcon_core.shell:create_environment_hook('nova_gazebo', 'cmake_prefix_path')
[3.123s] INFO:colcon.colcon_core.shell:Creating environment hook '/home/ahmedtabl/NOVA/install/nova_gazebo/share/nova_gazebo/hook/cmake_prefix_path.ps1'
[3.126s] INFO:colcon.colcon_core.shell:Creating environment descriptor '/home/ahmedtabl/NOVA/install/nova_gazebo/share/nova_gazebo/hook/cmake_prefix_path.dsv'
[3.130s] INFO:colcon.colcon_core.shell:Creating environment hook '/home/ahmedtabl/NOVA/install/nova_gazebo/share/nova_gazebo/hook/cmake_prefix_path.sh'
[3.137s] Level 1:colcon.colcon_core.environment:checking '/home/ahmedtabl/NOVA/install/nova_gazebo/bin'
[3.137s] Level 1:colcon.colcon_core.environment:checking '/home/ahmedtabl/NOVA/install/nova_gazebo/lib/pkgconfig/nova_gazebo.pc'
[3.138s] Level 1:colcon.colcon_core.environment:checking '/home/ahmedtabl/NOVA/install/nova_gazebo/lib/python3.10/site-packages'
[3.139s] Level 1:colcon.colcon_core.environment:checking '/home/ahmedtabl/NOVA/install/nova_gazebo/bin'
[3.140s] INFO:colcon.colcon_core.shell:Creating package script '/home/ahmedtabl/NOVA/install/nova_gazebo/share/nova_gazebo/package.ps1'
[3.144s] INFO:colcon.colcon_core.shell:Creating package descriptor '/home/ahmedtabl/NOVA/install/nova_gazebo/share/nova_gazebo/package.dsv'
[3.149s] INFO:colcon.colcon_core.shell:Creating package script '/home/ahmedtabl/NOVA/install/nova_gazebo/share/nova_gazebo/package.sh'
[3.151s] INFO:colcon.colcon_core.shell:Creating package script '/home/ahmedtabl/NOVA/install/nova_gazebo/share/nova_gazebo/package.bash'
[3.163s] INFO:colcon.colcon_core.shell:Creating package script '/home/ahmedtabl/NOVA/install/nova_gazebo/share/nova_gazebo/package.zsh'
[3.167s] Level 1:colcon.colcon_core.environment:create_file_with_runtime_dependencies(/home/ahmedtabl/NOVA/install/nova_gazebo/share/colcon-core/packages/nova_gazebo)
[3.174s] Level 1:colcon.colcon_core.environment:create_environment_scripts_only(nova_gazebo)
[3.176s] Level 1:colcon.colcon_core.environment:checking '/home/ahmedtabl/NOVA/install/nova_gazebo' for CMake module files
[3.188s] Level 1:colcon.colcon_core.environment:checking '/home/ahmedtabl/NOVA/install/nova_gazebo' for CMake config files
[3.193s] Level 1:colcon.colcon_core.shell:create_environment_hook('nova_gazebo', 'cmake_prefix_path')
[3.194s] INFO:colcon.colcon_core.shell:Creating environment hook '/home/ahmedtabl/NOVA/install/nova_gazebo/share/nova_gazebo/hook/cmake_prefix_path.ps1'
[3.196s] INFO:colcon.colcon_core.shell:Creating environment descriptor '/home/ahmedtabl/NOVA/install/nova_gazebo/share/nova_gazebo/hook/cmake_prefix_path.dsv'
[3.198s] INFO:colcon.colcon_core.shell:Creating environment hook '/home/ahmedtabl/NOVA/install/nova_gazebo/share/nova_gazebo/hook/cmake_prefix_path.sh'
[3.201s] Level 1:colcon.colcon_core.environment:checking '/home/ahmedtabl/NOVA/install/nova_gazebo/bin'
[3.201s] Level 1:colcon.colcon_core.environment:checking '/home/ahmedtabl/NOVA/install/nova_gazebo/lib/pkgconfig/nova_gazebo.pc'
[3.202s] Level 1:colcon.colcon_core.environment:checking '/home/ahmedtabl/NOVA/install/nova_gazebo/lib/python3.10/site-packages'
[3.203s] Level 1:colcon.colcon_core.environment:checking '/home/ahmedtabl/NOVA/install/nova_gazebo/bin'
[3.204s] INFO:colcon.colcon_core.shell:Creating package script '/home/ahmedtabl/NOVA/install/nova_gazebo/share/nova_gazebo/package.ps1'
[3.206s] INFO:colcon.colcon_core.shell:Creating package descriptor '/home/ahmedtabl/NOVA/install/nova_gazebo/share/nova_gazebo/package.dsv'
[3.208s] INFO:colcon.colcon_core.shell:Creating package script '/home/ahmedtabl/NOVA/install/nova_gazebo/share/nova_gazebo/package.sh'
[3.210s] INFO:colcon.colcon_core.shell:Creating package script '/home/ahmedtabl/NOVA/install/nova_gazebo/share/nova_gazebo/package.bash'
[3.212s] INFO:colcon.colcon_core.shell:Creating package script '/home/ahmedtabl/NOVA/install/nova_gazebo/share/nova_gazebo/package.zsh'
[3.214s] Level 1:colcon.colcon_core.environment:create_file_with_runtime_dependencies(/home/ahmedtabl/NOVA/install/nova_gazebo/share/colcon-core/packages/nova_gazebo)
[3.335s] Level 1:colcon.colcon_core.environment:create_environment_scripts_only(serial_motor_demo_msgs)
[3.336s] Level 1:colcon.colcon_core.environment:checking '/home/ahmedtabl/NOVA/install/serial_motor_demo_msgs' for CMake module files
[3.337s] DEBUG:colcon.colcon_core.event_handler.log_command:Invoked command in '/home/ahmedtabl/NOVA/build/serial_motor_demo_msgs' returned '0': CMAKE_PREFIX_PATH=${CMAKE_PREFIX_PATH}:/home/ahmedtabl/NOVA/install/serial_motor_demo:/home/ahmedtabl/NOVA/install/controller:/opt/ros/humble /usr/bin/cmake --install /home/ahmedtabl/NOVA/build/serial_motor_demo_msgs
[3.339s] Level 1:colcon.colcon_core.environment:checking '/home/ahmedtabl/NOVA/install/serial_motor_demo_msgs' for CMake config files
[3.340s] Level 1:colcon.colcon_core.shell:create_environment_hook('serial_motor_demo_msgs', 'cmake_prefix_path')
[3.341s] INFO:colcon.colcon_core.shell:Creating environment hook '/home/ahmedtabl/NOVA/install/serial_motor_demo_msgs/share/serial_motor_demo_msgs/hook/cmake_prefix_path.ps1'
[3.343s] INFO:colcon.colcon_core.shell:Creating environment descriptor '/home/ahmedtabl/NOVA/install/serial_motor_demo_msgs/share/serial_motor_demo_msgs/hook/cmake_prefix_path.dsv'
[3.345s] INFO:colcon.colcon_core.shell:Creating environment hook '/home/ahmedtabl/NOVA/install/serial_motor_demo_msgs/share/serial_motor_demo_msgs/hook/cmake_prefix_path.sh'
[3.348s] Level 1:colcon.colcon_core.environment:checking '/home/ahmedtabl/NOVA/install/serial_motor_demo_msgs/lib'
[3.349s] Level 1:colcon.colcon_core.shell:create_environment_hook('serial_motor_demo_msgs', 'ld_library_path_lib')
[3.350s] INFO:colcon.colcon_core.shell:Creating environment hook '/home/ahmedtabl/NOVA/install/serial_motor_demo_msgs/share/serial_motor_demo_msgs/hook/ld_library_path_lib.ps1'
[3.351s] INFO:colcon.colcon_core.shell:Creating environment descriptor '/home/ahmedtabl/NOVA/install/serial_motor_demo_msgs/share/serial_motor_demo_msgs/hook/ld_library_path_lib.dsv'
[3.353s] INFO:colcon.colcon_core.shell:Creating environment hook '/home/ahmedtabl/NOVA/install/serial_motor_demo_msgs/share/serial_motor_demo_msgs/hook/ld_library_path_lib.sh'
[3.355s] Level 1:colcon.colcon_core.environment:checking '/home/ahmedtabl/NOVA/install/serial_motor_demo_msgs/bin'
[3.355s] Level 1:colcon.colcon_core.environment:checking '/home/ahmedtabl/NOVA/install/serial_motor_demo_msgs/lib/pkgconfig/serial_motor_demo_msgs.pc'
[3.356s] Level 1:colcon.colcon_core.environment:checking '/home/ahmedtabl/NOVA/install/serial_motor_demo_msgs/lib/python3.10/site-packages'
[3.356s] Level 1:colcon.colcon_core.environment:checking '/home/ahmedtabl/NOVA/install/serial_motor_demo_msgs/bin'
[3.357s] INFO:colcon.colcon_core.shell:Creating package script '/home/ahmedtabl/NOVA/install/serial_motor_demo_msgs/share/serial_motor_demo_msgs/package.ps1'
[3.359s] INFO:colcon.colcon_core.shell:Creating package descriptor '/home/ahmedtabl/NOVA/install/serial_motor_demo_msgs/share/serial_motor_demo_msgs/package.dsv'
[3.361s] INFO:colcon.colcon_core.shell:Creating package script '/home/ahmedtabl/NOVA/install/serial_motor_demo_msgs/share/serial_motor_demo_msgs/package.sh'
[3.363s] INFO:colcon.colcon_core.shell:Creating package script '/home/ahmedtabl/NOVA/install/serial_motor_demo_msgs/share/serial_motor_demo_msgs/package.bash'
[3.365s] INFO:colcon.colcon_core.shell:Creating package script '/home/ahmedtabl/NOVA/install/serial_motor_demo_msgs/share/serial_motor_demo_msgs/package.zsh'
[3.367s] Level 1:colcon.colcon_core.environment:create_file_with_runtime_dependencies(/home/ahmedtabl/NOVA/install/serial_motor_demo_msgs/share/colcon-core/packages/serial_motor_demo_msgs)
[3.369s] Level 1:colcon.colcon_core.environment:create_environment_scripts_only(serial_motor_demo_msgs)
[3.370s] Level 1:colcon.colcon_core.environment:checking '/home/ahmedtabl/NOVA/install/serial_motor_demo_msgs' for CMake module files
[3.372s] Level 1:colcon.colcon_core.environment:checking '/home/ahmedtabl/NOVA/install/serial_motor_demo_msgs' for CMake config files
[3.374s] Level 1:colcon.colcon_core.shell:create_environment_hook('serial_motor_demo_msgs', 'cmake_prefix_path')
[3.375s] INFO:colcon.colcon_core.shell:Creating environment hook '/home/ahmedtabl/NOVA/install/serial_motor_demo_msgs/share/serial_motor_demo_msgs/hook/cmake_prefix_path.ps1'
[3.377s] INFO:colcon.colcon_core.shell:Creating environment descriptor '/home/ahmedtabl/NOVA/install/serial_motor_demo_msgs/share/serial_motor_demo_msgs/hook/cmake_prefix_path.dsv'
[3.379s] INFO:colcon.colcon_core.shell:Creating environment hook '/home/ahmedtabl/NOVA/install/serial_motor_demo_msgs/share/serial_motor_demo_msgs/hook/cmake_prefix_path.sh'
[3.383s] Level 1:colcon.colcon_core.environment:checking '/home/ahmedtabl/NOVA/install/serial_motor_demo_msgs/lib'
[3.383s] Level 1:colcon.colcon_core.shell:create_environment_hook('serial_motor_demo_msgs', 'ld_library_path_lib')
[3.384s] INFO:colcon.colcon_core.shell:Creating environment hook '/home/ahmedtabl/NOVA/install/serial_motor_demo_msgs/share/serial_motor_demo_msgs/hook/ld_library_path_lib.ps1'
[3.388s] INFO:colcon.colcon_core.shell:Creating environment descriptor '/home/ahmedtabl/NOVA/install/serial_motor_demo_msgs/share/serial_motor_demo_msgs/hook/ld_library_path_lib.dsv'
[3.391s] INFO:colcon.colcon_core.shell:Creating environment hook '/home/ahmedtabl/NOVA/install/serial_motor_demo_msgs/share/serial_motor_demo_msgs/hook/ld_library_path_lib.sh'
[3.393s] Level 1:colcon.colcon_core.environment:checking '/home/ahmedtabl/NOVA/install/serial_motor_demo_msgs/bin'
[3.394s] Level 1:colcon.colcon_core.environment:checking '/home/ahmedtabl/NOVA/install/serial_motor_demo_msgs/lib/pkgconfig/serial_motor_demo_msgs.pc'
[3.394s] Level 1:colcon.colcon_core.environment:checking '/home/ahmedtabl/NOVA/install/serial_motor_demo_msgs/lib/python3.10/site-packages'
[3.395s] Level 1:colcon.colcon_core.environment:checking '/home/ahmedtabl/NOVA/install/serial_motor_demo_msgs/bin'
[3.396s] INFO:colcon.colcon_core.shell:Creating package script '/home/ahmedtabl/NOVA/install/serial_motor_demo_msgs/share/serial_motor_demo_msgs/package.ps1'
[3.398s] INFO:colcon.colcon_core.shell:Creating package descriptor '/home/ahmedtabl/NOVA/install/serial_motor_demo_msgs/share/serial_motor_demo_msgs/package.dsv'
[3.401s] INFO:colcon.colcon_core.shell:Creating package script '/home/ahmedtabl/NOVA/install/serial_motor_demo_msgs/share/serial_motor_demo_msgs/package.sh'
[3.403s] INFO:colcon.colcon_core.shell:Creating package script '/home/ahmedtabl/NOVA/install/serial_motor_demo_msgs/share/serial_motor_demo_msgs/package.bash'
[3.405s] INFO:colcon.colcon_core.shell:Creating package script '/home/ahmedtabl/NOVA/install/serial_motor_demo_msgs/share/serial_motor_demo_msgs/package.zsh'
[3.407s] Level 1:colcon.colcon_core.environment:create_file_with_runtime_dependencies(/home/ahmedtabl/NOVA/install/serial_motor_demo_msgs/share/colcon-core/packages/serial_motor_demo_msgs)
[3.409s] INFO:colcon.colcon_ros.task.ament_python.build:Building ROS package in '/home/ahmedtabl/NOVA/src/serial_motor_demo/serial_motor_demo' with build type 'ament_python'
[3.409s] Level 1:colcon.colcon_core.shell:create_environment_hook('serial_motor_demo', 'ament_prefix_path')
[3.410s] INFO:colcon.colcon_core.shell:Creating environment hook '/home/ahmedtabl/NOVA/install/serial_motor_demo/share/serial_motor_demo/hook/ament_prefix_path.ps1'
[3.414s] INFO:colcon.colcon_core.shell:Creating environment descriptor '/home/ahmedtabl/NOVA/install/serial_motor_demo/share/serial_motor_demo/hook/ament_prefix_path.dsv'
[3.420s] INFO:colcon.colcon_core.shell:Creating environment hook '/home/ahmedtabl/NOVA/install/serial_motor_demo/share/serial_motor_demo/hook/ament_prefix_path.sh'
[3.424s] INFO:colcon.colcon_core.shell:Skip shell extension 'powershell' for command environment: Not usable outside of PowerShell
[3.424s] DEBUG:colcon.colcon_core.shell:Skip shell extension 'dsv' for command environment
[4.391s] INFO:colcon.colcon_core.task.python.build:Building Python package in '/home/ahmedtabl/NOVA/src/serial_motor_demo/serial_motor_demo'
[4.393s] INFO:colcon.colcon_core.shell:Skip shell extension 'powershell' for command environment: Not usable outside of PowerShell
[4.393s] DEBUG:colcon.colcon_core.shell:Skip shell extension 'dsv' for command environment
[4.416s] DEBUG:colcon.colcon_core.event_handler.log_command:Invoking command in '/home/ahmedtabl/NOVA/src/controller': PYTHONPATH=/home/ahmedtabl/NOVA/build/controller/prefix_override:/usr/lib/python3/dist-packages/colcon_core/task/python/colcon_distutils_commands:/home/ahmedtabl/NOVA/install/controller/lib/python3.10/site-packages:${PYTHONPATH} /usr/bin/python3 -W ignore:setup.py install is deprecated -W ignore:easy_install command is deprecated setup.py egg_info --egg-base ../../build/controller build --build-base /home/ahmedtabl/NOVA/build/controller/build install --record /home/ahmedtabl/NOVA/build/controller/install.log --single-version-externally-managed install_data
[5.429s] Level 1:colcon.colcon_core.environment:checking '/home/ahmedtabl/NOVA/install/controller' for CMake module files
[5.430s] DEBUG:colcon.colcon_core.event_handler.log_command:Invoked command in '/home/ahmedtabl/NOVA/src/controller' returned '0': PYTHONPATH=/home/ahmedtabl/NOVA/build/controller/prefix_override:/usr/lib/python3/dist-packages/colcon_core/task/python/colcon_distutils_commands:/home/ahmedtabl/NOVA/install/controller/lib/python3.10/site-packages:${PYTHONPATH} /usr/bin/python3 -W ignore:setup.py install is deprecated -W ignore:easy_install command is deprecated setup.py egg_info --egg-base ../../build/controller build --build-base /home/ahmedtabl/NOVA/build/controller/build install --record /home/ahmedtabl/NOVA/build/controller/install.log --single-version-externally-managed install_data
[5.431s] Level 1:colcon.colcon_core.environment:checking '/home/ahmedtabl/NOVA/install/controller' for CMake config files
[5.433s] Level 1:colcon.colcon_core.environment:checking '/home/ahmedtabl/NOVA/install/controller/lib'
[5.433s] Level 1:colcon.colcon_core.environment:checking '/home/ahmedtabl/NOVA/install/controller/bin'
[5.434s] Level 1:colcon.colcon_core.environment:checking '/home/ahmedtabl/NOVA/install/controller/lib/pkgconfig/controller.pc'
[5.435s] Level 1:colcon.colcon_core.environment:checking '/home/ahmedtabl/NOVA/install/controller/lib/python3.10/site-packages'
[5.435s] Level 1:colcon.colcon_core.shell:create_environment_hook('controller', 'pythonpath')
[5.436s] INFO:colcon.colcon_core.shell:Creating environment hook '/home/ahmedtabl/NOVA/install/controller/share/controller/hook/pythonpath.ps1'
[5.439s] INFO:colcon.colcon_core.shell:Creating environment descriptor '/home/ahmedtabl/NOVA/install/controller/share/controller/hook/pythonpath.dsv'
[5.441s] INFO:colcon.colcon_core.shell:Creating environment hook '/home/ahmedtabl/NOVA/install/controller/share/controller/hook/pythonpath.sh'
[5.444s] Level 1:colcon.colcon_core.environment:checking '/home/ahmedtabl/NOVA/install/controller/bin'
[5.445s] Level 1:colcon.colcon_core.environment:create_environment_scripts_only(controller)
[5.446s] INFO:colcon.colcon_core.shell:Creating package script '/home/ahmedtabl/NOVA/install/controller/share/controller/package.ps1'
[5.448s] INFO:colcon.colcon_core.shell:Creating package descriptor '/home/ahmedtabl/NOVA/install/controller/share/controller/package.dsv'
[5.451s] INFO:colcon.colcon_core.shell:Creating package script '/home/ahmedtabl/NOVA/install/controller/share/controller/package.sh'
[5.454s] INFO:colcon.colcon_core.shell:Creating package script '/home/ahmedtabl/NOVA/install/controller/share/controller/package.bash'
[5.456s] INFO:colcon.colcon_core.shell:Creating package script '/home/ahmedtabl/NOVA/install/controller/share/controller/package.zsh'
[5.458s] Level 1:colcon.colcon_core.environment:create_file_with_runtime_dependencies(/home/ahmedtabl/NOVA/install/controller/share/colcon-core/packages/controller)
[5.656s] DEBUG:colcon.colcon_core.event_handler.log_command:Invoking command in '/home/ahmedtabl/NOVA/src/serial_motor_demo/serial_motor_demo': PYTHONPATH=/home/ahmedtabl/NOVA/build/serial_motor_demo/prefix_override:/usr/lib/python3/dist-packages/colcon_core/task/python/colcon_distutils_commands:/home/ahmedtabl/NOVA/install/serial_motor_demo/lib/python3.10/site-packages:${PYTHONPATH} /usr/bin/python3 -W ignore:setup.py install is deprecated -W ignore:easy_install command is deprecated setup.py egg_info --egg-base ../../../build/serial_motor_demo build --build-base /home/ahmedtabl/NOVA/build/serial_motor_demo/build install --record /home/ahmedtabl/NOVA/build/serial_motor_demo/install.log --install-scripts $base/lib/serial_motor_demo --single-version-externally-managed install_data
[6.591s] Level 1:colcon.colcon_core.environment:checking '/home/ahmedtabl/NOVA/install/serial_motor_demo' for CMake module files
[6.593s] DEBUG:colcon.colcon_core.event_handler.log_command:Invoked command in '/home/ahmedtabl/NOVA/src/serial_motor_demo/serial_motor_demo' returned '0': PYTHONPATH=/home/ahmedtabl/NOVA/build/serial_motor_demo/prefix_override:/usr/lib/python3/dist-packages/colcon_core/task/python/colcon_distutils_commands:/home/ahmedtabl/NOVA/install/serial_motor_demo/lib/python3.10/site-packages:${PYTHONPATH} /usr/bin/python3 -W ignore:setup.py install is deprecated -W ignore:easy_install command is deprecated setup.py egg_info --egg-base ../../../build/serial_motor_demo build --build-base /home/ahmedtabl/NOVA/build/serial_motor_demo/build install --record /home/ahmedtabl/NOVA/build/serial_motor_demo/install.log --install-scripts $base/lib/serial_motor_demo --single-version-externally-managed install_data
[6.594s] Level 1:colcon.colcon_core.environment:checking '/home/ahmedtabl/NOVA/install/serial_motor_demo' for CMake config files
[6.596s] Level 1:colcon.colcon_core.environment:checking '/home/ahmedtabl/NOVA/install/serial_motor_demo/lib'
[6.597s] Level 1:colcon.colcon_core.environment:checking '/home/ahmedtabl/NOVA/install/serial_motor_demo/bin'
[6.597s] Level 1:colcon.colcon_core.environment:checking '/home/ahmedtabl/NOVA/install/serial_motor_demo/lib/pkgconfig/serial_motor_demo.pc'
[6.597s] Level 1:colcon.colcon_core.environment:checking '/home/ahmedtabl/NOVA/install/serial_motor_demo/lib/python3.10/site-packages'
[6.597s] Level 1:colcon.colcon_core.shell:create_environment_hook('serial_motor_demo', 'pythonpath')
[6.598s] INFO:colcon.colcon_core.shell:Creating environment hook '/home/ahmedtabl/NOVA/install/serial_motor_demo/share/serial_motor_demo/hook/pythonpath.ps1'
[6.601s] INFO:colcon.colcon_core.shell:Creating environment descriptor '/home/ahmedtabl/NOVA/install/serial_motor_demo/share/serial_motor_demo/hook/pythonpath.dsv'
[6.602s] INFO:colcon.colcon_core.shell:Creating environment hook '/home/ahmedtabl/NOVA/install/serial_motor_demo/share/serial_motor_demo/hook/pythonpath.sh'
[6.606s] Level 1:colcon.colcon_core.environment:checking '/home/ahmedtabl/NOVA/install/serial_motor_demo/bin'
[6.606s] Level 1:colcon.colcon_core.environment:create_environment_scripts_only(serial_motor_demo)
[6.607s] INFO:colcon.colcon_core.shell:Creating package script '/home/ahmedtabl/NOVA/install/serial_motor_demo/share/serial_motor_demo/package.ps1'
[6.609s] INFO:colcon.colcon_core.shell:Creating package descriptor '/home/ahmedtabl/NOVA/install/serial_motor_demo/share/serial_motor_demo/package.dsv'
[6.612s] INFO:colcon.colcon_core.shell:Creating package script '/home/ahmedtabl/NOVA/install/serial_motor_demo/share/serial_motor_demo/package.sh'
[6.616s] INFO:colcon.colcon_core.shell:Creating package script '/home/ahmedtabl/NOVA/install/serial_motor_demo/share/serial_motor_demo/package.bash'
[6.618s] INFO:colcon.colcon_core.shell:Creating package script '/home/ahmedtabl/NOVA/install/serial_motor_demo/share/serial_motor_demo/package.zsh'
[6.620s] Level 1:colcon.colcon_core.environment:create_file_with_runtime_dependencies(/home/ahmedtabl/NOVA/install/serial_motor_demo/share/colcon-core/packages/serial_motor_demo)
[6.622s] DEBUG:colcon.colcon_parallel_executor.executor.parallel:closing loop
[6.622s] DEBUG:colcon.colcon_parallel_executor.executor.parallel:loop closed
[6.622s] DEBUG:colcon.colcon_parallel_executor.executor.parallel:run_until_complete finished with '0'
[6.623s] DEBUG:colcon.colcon_core.event_reactor:joining thread
[6.647s] INFO:colcon.colcon_core.plugin_system:Skipping extension 'colcon_notification.desktop_notification.terminal_notifier': Not used on non-Darwin systems
[6.648s] INFO:colcon.colcon_core.plugin_system:Skipping extension 'colcon_notification.desktop_notification.win32': Not used on non-Windows systems
[6.648s] INFO:colcon.colcon_notification.desktop_notification:Sending desktop notification using 'notify2'
[6.695s] DEBUG:colcon.colcon_core.event_reactor:joined thread
[6.696s] INFO:colcon.colcon_core.shell:Creating prefix script '/home/ahmedtabl/NOVA/install/local_setup.ps1'
[6.700s] INFO:colcon.colcon_core.shell:Creating prefix util module '/home/ahmedtabl/NOVA/install/_local_setup_util_ps1.py'
[6.706s] INFO:colcon.colcon_core.shell:Creating prefix chain script '/home/ahmedtabl/NOVA/install/setup.ps1'
[6.712s] INFO:colcon.colcon_core.shell:Creating prefix script '/home/ahmedtabl/NOVA/install/local_setup.sh'
[6.716s] INFO:colcon.colcon_core.shell:Creating prefix util module '/home/ahmedtabl/NOVA/install/_local_setup_util_sh.py'
[6.719s] INFO:colcon.colcon_core.shell:Creating prefix chain script '/home/ahmedtabl/NOVA/install/setup.sh'
[6.725s] INFO:colcon.colcon_core.shell:Creating prefix script '/home/ahmedtabl/NOVA/install/local_setup.bash'
[6.728s] INFO:colcon.colcon_core.shell:Creating prefix chain script '/home/ahmedtabl/NOVA/install/setup.bash'
[6.735s] INFO:colcon.colcon_core.shell:Creating prefix script '/home/ahmedtabl/NOVA/install/local_setup.zsh'
[6.739s] INFO:colcon.colcon_core.shell:Creating prefix chain script '/home/ahmedtabl/NOVA/install/setup.zsh'
