[1.649s] Invoking command in '/home/ahmedtabl/NOVA/build/nova_bringup': CMAKE_PREFIX_PATH=/opt/ros/humble /usr/bin/cmake /home/ahmedtabl/NOVA/src/nova_bringup -DCMAKE_INSTALL_PREFIX=/home/ahmedtabl/NOVA/install/nova_bringup
[1.857s] -- The C compiler identification is GNU 11.4.0
[2.110s] -- The CXX compiler identification is GNU 11.4.0
[2.131s] -- Detecting C compiler ABI info
[2.499s] -- Detecting C compiler ABI info - done
[2.529s] -- Check for working C compiler: /usr/bin/cc - skipped
[2.531s] -- Detecting C compile features
[2.532s] -- Detecting C compile features - done
[2.544s] -- Detecting CXX compiler ABI info
[2.850s] -- Detecting CXX compiler ABI info - done
[2.880s] -- Check for working CXX compiler: /usr/bin/c++ - skipped
[2.880s] -- Detecting CXX compile features
[2.880s] -- Detecting CXX compile features - done
[2.891s] -- Found ament_cmake: 1.3.11 (/opt/ros/humble/share/ament_cmake/cmake)
[3.437s] -- Found Python3: /usr/bin/python3 (found version "3.10.12") found components: Interpreter 
[3.756s] -- Found ament_lint_auto: 0.12.12 (/opt/ros/humble/share/ament_lint_auto/cmake)
[4.058s] -- Added test 'flake8' to check Python code syntax and style conventions
[4.064s] -- Added test 'lint_cmake' to check CMake code style
[4.065s] -- Added test 'pep257' to check Python code against some of the docstring style conventions in PEP 257
[4.068s] -- Added test 'xmllint' to check XML markup files
[4.073s] -- Configuring done
[4.083s] -- Generating done
[4.090s] -- Build files have been written to: /home/ahmedtabl/NOVA/build/nova_bringup
[4.109s] Invoked command in '/home/ahmedtabl/NOVA/build/nova_bringup' returned '0': CMAKE_PREFIX_PATH=/opt/ros/humble /usr/bin/cmake /home/ahmedtabl/NOVA/src/nova_bringup -DCMAKE_INSTALL_PREFIX=/home/ahmedtabl/NOVA/install/nova_bringup
[4.111s] Invoking command in '/home/ahmedtabl/NOVA/build/nova_bringup': CMAKE_PREFIX_PATH=/opt/ros/humble /usr/bin/cmake --build /home/ahmedtabl/NOVA/build/nova_bringup -- -j4 -l4
[4.270s] Invoked command in '/home/ahmedtabl/NOVA/build/nova_bringup' returned '0': CMAKE_PREFIX_PATH=/opt/ros/humble /usr/bin/cmake --build /home/ahmedtabl/NOVA/build/nova_bringup -- -j4 -l4
[4.317s] Invoking command in '/home/ahmedtabl/NOVA/build/nova_bringup': CMAKE_PREFIX_PATH=/opt/ros/humble /usr/bin/cmake --install /home/ahmedtabl/NOVA/build/nova_bringup
[4.364s] [31mCMake Error at cmake_install.cmake:46 (file):
[4.365s]   file INSTALL cannot find "/home/ahmedtabl/NOVA/src/nova_bringup/include":
[4.365s]   No such file or directory.
[4.366s] 
[4.366s] [0m
[4.366s] -- Install configuration: ""
[4.373s] Invoked command in '/home/ahmedtabl/NOVA/build/nova_bringup' returned '1': CMAKE_PREFIX_PATH=/opt/ros/humble /usr/bin/cmake --install /home/ahmedtabl/NOVA/build/nova_bringup
